;  LST file generated by mikroListExporter - v.2.0 
; Date/Time: 28/06/2014 07:35:14 a.m.
;----------------------------------------------

;Address Opcode 	ASM
0x0000	0x02023A  	LJMP 570
0x0003	0x020000  	LJMP 0
0x0006	0x00      	NOP
0x0007	0x00      	NOP
0x0008	0x00      	NOP
0x0009	0x00      	NOP
0x000A	0x00      	NOP
0x000B	0x020000  	LJMP 0
0x000E	0x00      	NOP
0x000F	0x00      	NOP
0x0010	0x00      	NOP
0x0011	0x00      	NOP
0x0012	0x00      	NOP
0x0013	0x020000  	LJMP 0
0x0016	0x00      	NOP
0x0017	0x00      	NOP
0x0018	0x00      	NOP
0x0019	0x00      	NOP
0x001A	0x00      	NOP
0x001B	0x020000  	LJMP 0
0x001E	0x00      	NOP
0x001F	0x00      	NOP
0x0020	0x00      	NOP
0x0021	0x00      	NOP
0x0022	0x00      	NOP
0x0023	0x020000  	LJMP 0
0x0026	0x00      	NOP
0x0027	0x00      	NOP
0x0028	0x00      	NOP
0x0029	0x00      	NOP
0x002A	0x00      	NOP
0x002B	0x020000  	LJMP 0
_Delay_5500us:
;__Lib_Delays.c,213 :: 		void Delay_5500us() {
;__Lib_Delays.c,214 :: 		Delay_us(5500);
0x002E	0x7E12    	MOV R6, 18
0x0030	0x7FD4    	MOV R7, 212
0x0032	0xDFFE    	DJNZ R7, PC-2
0x0034	0xDEFC    	DJNZ R6, PC-4
0x0036	0x00      	NOP
;__Lib_Delays.c,215 :: 		}
0x0037	0x22      	RET
; end of _Delay_5500us
_Delay_1us:
;__Lib_Delays.c,63 :: 		void Delay_1us() {
;__Lib_Delays.c,64 :: 		Delay_us(1);
0x0038	0x00      	NOP
0x0039	0x00      	NOP
;__Lib_Delays.c,65 :: 		}
0x003A	0x22      	RET
; end of _Delay_1us
_Delay_50us:
;__Lib_Delays.c,138 :: 		void Delay_50us() {
;__Lib_Delays.c,139 :: 		Delay_us(50);
0x003B	0x7F29    	MOV R7, 41
0x003D	0xDFFE    	DJNZ R7, PC-2
;__Lib_Delays.c,140 :: 		}
0x003F	0x22      	RET
; end of _Delay_50us
_Lcd_Cmd:
;__Lib_Lcd.c,13 :: 		
;__Lib_Lcd.c,14 :: 		
0x0040	0xE50F    	MOV A, FARG_Lcd_Cmd_out_char
0x0042	0x5480    	ANL A, #128
0x0044	0xF8      	MOV R0, A
0x0045	0x630080  	XRL R0, #128
0x0048	0xE8      	MOV A, R0
0x0049	0x6004    	JZ L__Lcd_Cmd24
0x004B	0x7800    	MOV R0, #0
0x004D	0x8002    	SJMP L__Lcd_Cmd25
L__Lcd_Cmd24:
0x004F	0x7801    	MOV R0, #1
L__Lcd_Cmd25:
0x0051	0xE8      	MOV A, R0
0x0052	0x13      	RRC A
0x0053	0x92A5    	MOV LCD_D7, C
;__Lib_Lcd.c,15 :: 		
0x0055	0xE50F    	MOV A, FARG_Lcd_Cmd_out_char
0x0057	0x5440    	ANL A, #64
0x0059	0xF8      	MOV R0, A
0x005A	0x630040  	XRL R0, #64
0x005D	0xE8      	MOV A, R0
0x005E	0x6004    	JZ L__Lcd_Cmd26
0x0060	0x7800    	MOV R0, #0
0x0062	0x8002    	SJMP L__Lcd_Cmd27
L__Lcd_Cmd26:
0x0064	0x7801    	MOV R0, #1
L__Lcd_Cmd27:
0x0066	0xE8      	MOV A, R0
0x0067	0x13      	RRC A
0x0068	0x92A4    	MOV LCD_D6, C
;__Lib_Lcd.c,16 :: 		
0x006A	0xE50F    	MOV A, FARG_Lcd_Cmd_out_char
0x006C	0x5420    	ANL A, #32
0x006E	0xF8      	MOV R0, A
0x006F	0x630020  	XRL R0, #32
0x0072	0xE8      	MOV A, R0
0x0073	0x6004    	JZ L__Lcd_Cmd28
0x0075	0x7800    	MOV R0, #0
0x0077	0x8002    	SJMP L__Lcd_Cmd29
L__Lcd_Cmd28:
0x0079	0x7801    	MOV R0, #1
L__Lcd_Cmd29:
0x007B	0xE8      	MOV A, R0
0x007C	0x13      	RRC A
0x007D	0x92A3    	MOV LCD_D5, C
;__Lib_Lcd.c,17 :: 		
0x007F	0xE50F    	MOV A, FARG_Lcd_Cmd_out_char
0x0081	0x5410    	ANL A, #16
0x0083	0xF8      	MOV R0, A
0x0084	0x630010  	XRL R0, #16
0x0087	0xE8      	MOV A, R0
0x0088	0x6004    	JZ L__Lcd_Cmd30
0x008A	0x7800    	MOV R0, #0
0x008C	0x8002    	SJMP L__Lcd_Cmd31
L__Lcd_Cmd30:
0x008E	0x7801    	MOV R0, #1
L__Lcd_Cmd31:
0x0090	0xE8      	MOV A, R0
0x0091	0x13      	RRC A
0x0092	0x92A2    	MOV LCD_D4, C
;__Lib_Lcd.c,19 :: 		
0x0094	0xE509    	MOV A, _cmd_status
0x0096	0x6004    	JZ L_Lcd_Cmd0
0x0098	0x7800    	MOV R0, #0
0x009A	0x8002    	SJMP L_Lcd_Cmd1
L_Lcd_Cmd0:
0x009C	0x7801    	MOV R0, #1
L_Lcd_Cmd1:
0x009E	0xE8      	MOV A, R0
0x009F	0x13      	RRC A
0x00A0	0x92A0    	MOV LCD_RS, C
;__Lib_Lcd.c,21 :: 		
0x00A2	0xD2A1    	SETB LCD_EN
;__Lib_Lcd.c,22 :: 		
0x00A4	0x1138    	ACALL _Delay_1us
;__Lib_Lcd.c,23 :: 		
0x00A6	0xC2A1    	CLR LCD_EN
;__Lib_Lcd.c,25 :: 		
0x00A8	0xE50F    	MOV A, FARG_Lcd_Cmd_out_char
0x00AA	0x5408    	ANL A, #8
0x00AC	0xF8      	MOV R0, A
0x00AD	0x630008  	XRL R0, #8
0x00B0	0xE8      	MOV A, R0
0x00B1	0x6004    	JZ L__Lcd_Cmd32
0x00B3	0x7800    	MOV R0, #0
0x00B5	0x8002    	SJMP L__Lcd_Cmd33
L__Lcd_Cmd32:
0x00B7	0x7801    	MOV R0, #1
L__Lcd_Cmd33:
0x00B9	0xE8      	MOV A, R0
0x00BA	0x13      	RRC A
0x00BB	0x92A5    	MOV LCD_D7, C
;__Lib_Lcd.c,26 :: 		
0x00BD	0xE50F    	MOV A, FARG_Lcd_Cmd_out_char
0x00BF	0x5404    	ANL A, #4
0x00C1	0xF8      	MOV R0, A
0x00C2	0x630004  	XRL R0, #4
0x00C5	0xE8      	MOV A, R0
0x00C6	0x6004    	JZ L__Lcd_Cmd34
0x00C8	0x7800    	MOV R0, #0
0x00CA	0x8002    	SJMP L__Lcd_Cmd35
L__Lcd_Cmd34:
0x00CC	0x7801    	MOV R0, #1
L__Lcd_Cmd35:
0x00CE	0xE8      	MOV A, R0
0x00CF	0x13      	RRC A
0x00D0	0x92A4    	MOV LCD_D6, C
;__Lib_Lcd.c,27 :: 		
0x00D2	0xE50F    	MOV A, FARG_Lcd_Cmd_out_char
0x00D4	0x5402    	ANL A, #2
0x00D6	0xF8      	MOV R0, A
0x00D7	0x630002  	XRL R0, #2
0x00DA	0xE8      	MOV A, R0
0x00DB	0x6004    	JZ L__Lcd_Cmd36
0x00DD	0x7800    	MOV R0, #0
0x00DF	0x8002    	SJMP L__Lcd_Cmd37
L__Lcd_Cmd36:
0x00E1	0x7801    	MOV R0, #1
L__Lcd_Cmd37:
0x00E3	0xE8      	MOV A, R0
0x00E4	0x13      	RRC A
0x00E5	0x92A3    	MOV LCD_D5, C
;__Lib_Lcd.c,28 :: 		
0x00E7	0xE50F    	MOV A, FARG_Lcd_Cmd_out_char
0x00E9	0x5401    	ANL A, #1
0x00EB	0xF8      	MOV R0, A
0x00EC	0x630001  	XRL R0, #1
0x00EF	0xE8      	MOV A, R0
0x00F0	0x6004    	JZ L__Lcd_Cmd38
0x00F2	0x7800    	MOV R0, #0
0x00F4	0x8002    	SJMP L__Lcd_Cmd39
L__Lcd_Cmd38:
0x00F6	0x7801    	MOV R0, #1
L__Lcd_Cmd39:
0x00F8	0xE8      	MOV A, R0
0x00F9	0x13      	RRC A
0x00FA	0x92A2    	MOV LCD_D4, C
;__Lib_Lcd.c,30 :: 		
0x00FC	0xE509    	MOV A, _cmd_status
0x00FE	0x6004    	JZ L_Lcd_Cmd2
0x0100	0x7800    	MOV R0, #0
0x0102	0x8002    	SJMP L_Lcd_Cmd3
L_Lcd_Cmd2:
0x0104	0x7801    	MOV R0, #1
L_Lcd_Cmd3:
0x0106	0xE8      	MOV A, R0
0x0107	0x13      	RRC A
0x0108	0x92A0    	MOV LCD_RS, C
;__Lib_Lcd.c,32 :: 		
0x010A	0xD2A1    	SETB LCD_EN
;__Lib_Lcd.c,33 :: 		
0x010C	0x1138    	ACALL _Delay_1us
;__Lib_Lcd.c,34 :: 		
0x010E	0xC2A1    	CLR LCD_EN
;__Lib_Lcd.c,36 :: 		
0x0110	0xE509    	MOV A, _cmd_status
0x0112	0x6004    	JZ L_Lcd_Cmd4
;__Lib_Lcd.c,37 :: 		
0x0114	0x112E    	ACALL _Delay_5500us
0x0116	0x8002    	SJMP L_Lcd_Cmd5
L_Lcd_Cmd4:
;__Lib_Lcd.c,39 :: 		
0x0118	0x113B    	ACALL _Delay_50us
L_Lcd_Cmd5:
;__Lib_Lcd.c,40 :: 		
0x011A	0x22      	RET
; end of _Lcd_Cmd
_Lcd_Chr_CP:
;__Lib_Lcd.c,42 :: 		
;__Lib_Lcd.c,44 :: 		
0x011B	0x750900  	MOV _cmd_status, #0
;__Lib_Lcd.c,45 :: 		
0x011E	0x850E0F  	MOV FARG_Lcd_Cmd_out_char, FARG_Lcd_Chr_CP_out_char+0
0x0121	0x1140    	ACALL _Lcd_Cmd
;__Lib_Lcd.c,46 :: 		
0x0123	0x750901  	MOV _cmd_status, #1
;__Lib_Lcd.c,47 :: 		
0x0126	0x22      	RET
; end of _Lcd_Chr_CP
_Lcd_Init:
;__Lib_Lcd.c,76 :: 		
;__Lib_Lcd.c,78 :: 		
0x0127	0xC2A1    	CLR LCD_EN
;__Lib_Lcd.c,80 :: 		
0x0129	0xC2A0    	CLR LCD_RS
;__Lib_Lcd.c,83 :: 		
0x012B	0x112E    	ACALL _Delay_5500us
;__Lib_Lcd.c,84 :: 		
0x012D	0x112E    	ACALL _Delay_5500us
;__Lib_Lcd.c,85 :: 		
0x012F	0x112E    	ACALL _Delay_5500us
;__Lib_Lcd.c,87 :: 		
0x0131	0xC2A5    	CLR LCD_D7
;__Lib_Lcd.c,88 :: 		
0x0133	0xC2A4    	CLR LCD_D6
;__Lib_Lcd.c,89 :: 		
0x0135	0xC2A3    	CLR LCD_D5
;__Lib_Lcd.c,90 :: 		
0x0137	0xC2A2    	CLR LCD_D4
;__Lib_Lcd.c,93 :: 		
0x0139	0xD2A3    	SETB LCD_D5
;__Lib_Lcd.c,94 :: 		
0x013B	0xD2A2    	SETB LCD_D4
;__Lib_Lcd.c,95 :: 		
0x013D	0xD2A1    	SETB LCD_EN
;__Lib_Lcd.c,96 :: 		
0x013F	0x1138    	ACALL _Delay_1us
;__Lib_Lcd.c,97 :: 		
0x0141	0xC2A1    	CLR LCD_EN
;__Lib_Lcd.c,98 :: 		
0x0143	0x112E    	ACALL _Delay_5500us
;__Lib_Lcd.c,100 :: 		
0x0145	0xD2A1    	SETB LCD_EN
;__Lib_Lcd.c,101 :: 		
0x0147	0x1138    	ACALL _Delay_1us
;__Lib_Lcd.c,102 :: 		
0x0149	0xC2A1    	CLR LCD_EN
;__Lib_Lcd.c,103 :: 		
0x014B	0x112E    	ACALL _Delay_5500us
;__Lib_Lcd.c,105 :: 		
0x014D	0xD2A1    	SETB LCD_EN
;__Lib_Lcd.c,106 :: 		
0x014F	0x1138    	ACALL _Delay_1us
;__Lib_Lcd.c,107 :: 		
0x0151	0xC2A1    	CLR LCD_EN
;__Lib_Lcd.c,108 :: 		
0x0153	0x112E    	ACALL _Delay_5500us
;__Lib_Lcd.c,111 :: 		
0x0155	0xD2A3    	SETB LCD_D5
;__Lib_Lcd.c,112 :: 		
0x0157	0xC2A2    	CLR LCD_D4
;__Lib_Lcd.c,113 :: 		
0x0159	0xD2A1    	SETB LCD_EN
;__Lib_Lcd.c,114 :: 		
0x015B	0x1138    	ACALL _Delay_1us
;__Lib_Lcd.c,115 :: 		
0x015D	0xC2A1    	CLR LCD_EN
;__Lib_Lcd.c,116 :: 		
0x015F	0x112E    	ACALL _Delay_5500us
;__Lib_Lcd.c,119 :: 		
0x0161	0xC2A5    	CLR LCD_D7
;__Lib_Lcd.c,120 :: 		
0x0163	0xC2A4    	CLR LCD_D6
;__Lib_Lcd.c,121 :: 		
0x0165	0xC2A3    	CLR LCD_D5
;__Lib_Lcd.c,122 :: 		
0x0167	0xD2A3    	SETB LCD_D5
;__Lib_Lcd.c,123 :: 		
0x0169	0xC2A2    	CLR LCD_D4
;__Lib_Lcd.c,124 :: 		
0x016B	0xD2A1    	SETB LCD_EN
;__Lib_Lcd.c,125 :: 		
0x016D	0x1138    	ACALL _Delay_1us
;__Lib_Lcd.c,126 :: 		
0x016F	0xC2A1    	CLR LCD_EN
;__Lib_Lcd.c,127 :: 		
0x0171	0xC2A3    	CLR LCD_D5
;__Lib_Lcd.c,128 :: 		
0x0173	0xD2A5    	SETB LCD_D7
;__Lib_Lcd.c,129 :: 		
0x0175	0xD2A1    	SETB LCD_EN
;__Lib_Lcd.c,130 :: 		
0x0177	0x1138    	ACALL _Delay_1us
;__Lib_Lcd.c,131 :: 		
0x0179	0xC2A1    	CLR LCD_EN
;__Lib_Lcd.c,132 :: 		
0x017B	0x112E    	ACALL _Delay_5500us
;__Lib_Lcd.c,135 :: 		
0x017D	0xC2A5    	CLR LCD_D7
;__Lib_Lcd.c,136 :: 		
0x017F	0xD2A2    	SETB LCD_D4
;__Lib_Lcd.c,137 :: 		
0x0181	0xD2A1    	SETB LCD_EN
;__Lib_Lcd.c,138 :: 		
0x0183	0x1138    	ACALL _Delay_1us
;__Lib_Lcd.c,139 :: 		
0x0185	0xC2A1    	CLR LCD_EN
;__Lib_Lcd.c,140 :: 		
0x0187	0xC2A2    	CLR LCD_D4
;__Lib_Lcd.c,141 :: 		
0x0189	0xD2A1    	SETB LCD_EN
;__Lib_Lcd.c,142 :: 		
0x018B	0x1138    	ACALL _Delay_1us
;__Lib_Lcd.c,143 :: 		
0x018D	0xC2A1    	CLR LCD_EN
;__Lib_Lcd.c,144 :: 		
0x018F	0x112E    	ACALL _Delay_5500us
;__Lib_Lcd.c,147 :: 		
0x0191	0xC2A2    	CLR LCD_D4
;__Lib_Lcd.c,148 :: 		
0x0193	0xD2A1    	SETB LCD_EN
;__Lib_Lcd.c,149 :: 		
0x0195	0x1138    	ACALL _Delay_1us
;__Lib_Lcd.c,150 :: 		
0x0197	0xC2A1    	CLR LCD_EN
;__Lib_Lcd.c,151 :: 		
0x0199	0xD2A2    	SETB LCD_D4
;__Lib_Lcd.c,152 :: 		
0x019B	0xD2A1    	SETB LCD_EN
;__Lib_Lcd.c,153 :: 		
0x019D	0x1138    	ACALL _Delay_1us
;__Lib_Lcd.c,154 :: 		
0x019F	0xC2A1    	CLR LCD_EN
;__Lib_Lcd.c,155 :: 		
0x01A1	0x112E    	ACALL _Delay_5500us
;__Lib_Lcd.c,158 :: 		
0x01A3	0xC2A2    	CLR LCD_D4
;__Lib_Lcd.c,159 :: 		
0x01A5	0xD2A1    	SETB LCD_EN
;__Lib_Lcd.c,160 :: 		
0x01A7	0x1138    	ACALL _Delay_1us
;__Lib_Lcd.c,161 :: 		
0x01A9	0xC2A1    	CLR LCD_EN
;__Lib_Lcd.c,163 :: 		
0x01AB	0xD2A5    	SETB LCD_D7
;__Lib_Lcd.c,164 :: 		
0x01AD	0xD2A4    	SETB LCD_D6
;__Lib_Lcd.c,165 :: 		
0x01AF	0xD2A3    	SETB LCD_D5
;__Lib_Lcd.c,166 :: 		
0x01B1	0xD2A2    	SETB LCD_D4
;__Lib_Lcd.c,167 :: 		
0x01B3	0xD2A1    	SETB LCD_EN
;__Lib_Lcd.c,168 :: 		
0x01B5	0x1138    	ACALL _Delay_1us
;__Lib_Lcd.c,169 :: 		
0x01B7	0xC2A1    	CLR LCD_EN
;__Lib_Lcd.c,171 :: 		
0x01B9	0x112E    	ACALL _Delay_5500us
;__Lib_Lcd.c,173 :: 		
0x01BB	0x750901  	MOV _cmd_status, #1
;__Lib_Lcd.c,174 :: 		
0x01BE	0x22      	RET
; end of _Lcd_Init
___CC2D:
;__Lib_System.c,13 :: 		
;__Lib_System.c,15 :: 		
_CC2D_Loop1:
;__Lib_System.c,16 :: 		
0x01BF	0xE4      	CLR A
;__Lib_System.c,17 :: 		
0x01C0	0x93      	MOVC A, @A+DPTR
;__Lib_System.c,18 :: 		
0x01C1	0xF6      	MOV @R0, A
;__Lib_System.c,19 :: 		
0x01C2	0x08      	INC R0
;__Lib_System.c,20 :: 		
0x01C3	0xA3      	INC DPTR
;__Lib_System.c,21 :: 		
0x01C4	0xD9F9    	DJNZ R1, _CC2D_Loop1
;__Lib_System.c,23 :: 		
0x01C6	0x22      	RET
; end of ___CC2D
_Move_Delay:
;Display LCD.c,17 :: 		void Move_Delay() {                  // Function used for text moving
;Display LCD.c,18 :: 		Delay_ms(500);                     // You can change the moving speed here
0x01C7	0x7D07    	MOV R5, 7
0x01C9	0x7E56    	MOV R6, 86
0x01CB	0x7F3C    	MOV R7, 60
0x01CD	0xDFFE    	DJNZ R7, PC-2
0x01CF	0xDEFC    	DJNZ R6, PC-4
0x01D1	0xDDFA    	DJNZ R5, PC-6
;Display LCD.c,19 :: 		}
0x01D3	0x22      	RET
; end of _Move_Delay
_LCD_Out:
;__Lib_Lcd.c,176 :: 		
;__Lib_Lcd.c,179 :: 		
0x01D4	0x8019    	SJMP L_LCD_Out15
;__Lib_Lcd.c,180 :: 		
L_LCD_Out17:
0x01D6	0x750A80  	MOV FARG_LCD_Out_row, #128
0x01D9	0x802E    	SJMP L_LCD_Out16
;__Lib_Lcd.c,181 :: 		
L_LCD_Out18:
0x01DB	0x750AC0  	MOV FARG_LCD_Out_row, #192
0x01DE	0x8029    	SJMP L_LCD_Out16
;__Lib_Lcd.c,182 :: 		
L_LCD_Out19:
0x01E0	0x750A94  	MOV FARG_LCD_Out_row, #148
0x01E3	0x8024    	SJMP L_LCD_Out16
;__Lib_Lcd.c,183 :: 		
L_LCD_Out20:
0x01E5	0x750AD4  	MOV FARG_LCD_Out_row, #212
0x01E8	0x801F    	SJMP L_LCD_Out16
;__Lib_Lcd.c,184 :: 		
L_LCD_Out21:
0x01EA	0x750A80  	MOV FARG_LCD_Out_row, #128
;__Lib_Lcd.c,185 :: 		
0x01ED	0x801A    	SJMP L_LCD_Out16
L_LCD_Out15:
0x01EF	0xE50A    	MOV A, FARG_LCD_Out_row
0x01F1	0x6401    	XRL A, #1
0x01F3	0x60E1    	JZ L_LCD_Out17
0x01F5	0xE50A    	MOV A, FARG_LCD_Out_row
0x01F7	0x6402    	XRL A, #2
0x01F9	0x60E0    	JZ L_LCD_Out18
0x01FB	0xE50A    	MOV A, FARG_LCD_Out_row
0x01FD	0x6403    	XRL A, #3
0x01FF	0x60DF    	JZ L_LCD_Out19
0x0201	0xE50A    	MOV A, FARG_LCD_Out_row
0x0203	0x6404    	XRL A, #4
0x0205	0x60DE    	JZ L_LCD_Out20
0x0207	0x80E1    	SJMP L_LCD_Out21
L_LCD_Out16:
;__Lib_Lcd.c,186 :: 		
0x0209	0xC3      	CLR C
0x020A	0xE50B    	MOV A, FARG_LCD_Out_column
0x020C	0x9401    	SUBB A, #1
0x020E	0xF8      	MOV R0, A
0x020F	0xE50A    	MOV A, FARG_LCD_Out_row
0x0211	0x28      	ADD A, R0
0x0212	0xF8      	MOV R0, A
0x0213	0x85000A  	MOV FARG_LCD_Out_row, 0
;__Lib_Lcd.c,188 :: 		
0x0216	0x85000F  	MOV FARG_Lcd_Cmd_out_char, 0
0x0219	0x1140    	ACALL _Lcd_Cmd
;__Lib_Lcd.c,189 :: 		
0x021B	0x750900  	MOV _cmd_status, #0
;__Lib_Lcd.c,190 :: 		
0x021E	0x750D00  	MOV LCD_Out_i_L0, #0
;__Lib_Lcd.c,191 :: 		
L_LCD_Out22:
0x0221	0xE50C    	MOV A, FARG_LCD_Out_text
0x0223	0x250D    	ADD A, LCD_Out_i_L0
0x0225	0xF8      	MOV R0, A
0x0226	0xE6      	MOV A, @R0
0x0227	0x600D    	JZ L_LCD_Out23
;__Lib_Lcd.c,192 :: 		
0x0229	0xE50C    	MOV A, FARG_LCD_Out_text
0x022B	0x250D    	ADD A, LCD_Out_i_L0
0x022D	0xF8      	MOV R0, A
0x022E	0x860E    	MOV FARG_Lcd_Chr_CP_out_char, @R0
0x0230	0x311B    	ACALL _Lcd_Chr_CP
0x0232	0x050D    	INC LCD_Out_i_L0
0x0234	0x80EB    	SJMP L_LCD_Out22
L_LCD_Out23:
;__Lib_Lcd.c,193 :: 		
0x0236	0x750901  	MOV _cmd_status, #1
;__Lib_Lcd.c,194 :: 		
0x0239	0x22      	RET
; end of _LCD_Out
_main:
0x023A	0x758180  	MOV SP, #128
0x023D	0x1202FB  	LCALL 763
;Display LCD.c,21 :: 		void main(){
;Display LCD.c,23 :: 		Lcd_Init();                        // Initialize Lcd
0x0240	0x3127    	ACALL _Lcd_Init
;Display LCD.c,25 :: 		Lcd_Cmd(_LCD_CLEAR);               // Clear display
0x0242	0x750F01  	MOV FARG_Lcd_Cmd_out_char, #1
0x0245	0x1140    	ACALL _Lcd_Cmd
;Display LCD.c,26 :: 		Lcd_Cmd(_LCD_CURSOR_OFF);          // Cursor off
0x0247	0x750F0C  	MOV FARG_Lcd_Cmd_out_char, #12
0x024A	0x1140    	ACALL _Lcd_Cmd
;Display LCD.c,27 :: 		Lcd_Out(1,6,txt3);                 // Write text in first row
0x024C	0x750A01  	MOV FARG_LCD_Out_row, #1
0x024F	0x750B06  	MOV FARG_LCD_Out_column, #6
0x0252	0x750C30  	MOV FARG_LCD_Out_text, lo_addr(_txt3)
0x0255	0x31D4    	ACALL _LCD_Out
;Display LCD.c,29 :: 		Lcd_Out(2,6,txt4);                 // Write text in second row
0x0257	0x750A02  	MOV FARG_LCD_Out_row, #2
0x025A	0x750B06  	MOV FARG_LCD_Out_column, #6
0x025D	0x750C37  	MOV FARG_LCD_Out_text, lo_addr(_txt4)
0x0260	0x31D4    	ACALL _LCD_Out
;Display LCD.c,30 :: 		Delay_ms(2000);
0x0262	0x7D1A    	MOV R5, 26
0x0264	0x7E55    	MOV R6, 85
0x0266	0x7FFA    	MOV R7, 250
0x0268	0xDFFE    	DJNZ R7, PC-2
0x026A	0xDEFC    	DJNZ R6, PC-4
0x026C	0xDDFA    	DJNZ R5, PC-6
;Display LCD.c,31 :: 		Lcd_Cmd(_LCD_CLEAR);               // Clear display
0x026E	0x750F01  	MOV FARG_Lcd_Cmd_out_char, #1
0x0271	0x1140    	ACALL _Lcd_Cmd
;Display LCD.c,33 :: 		Lcd_Out(1,1,txt1);                 // Write text in first row
0x0273	0x750A01  	MOV FARG_LCD_Out_row, #1
0x0276	0x750B01  	MOV FARG_LCD_Out_column, #1
0x0279	0x750C3F  	MOV FARG_LCD_Out_text, lo_addr(_txt1)
0x027C	0x31D4    	ACALL _LCD_Out
;Display LCD.c,34 :: 		Lcd_Out(2,5,txt2);                 // Write text in second row
0x027E	0x750A02  	MOV FARG_LCD_Out_row, #2
0x0281	0x750B05  	MOV FARG_LCD_Out_column, #5
0x0284	0x750C47  	MOV FARG_LCD_Out_text, lo_addr(_txt2)
0x0287	0x31D4    	ACALL _LCD_Out
;Display LCD.c,36 :: 		Delay_ms(2000);
0x0289	0x7D1A    	MOV R5, 26
0x028B	0x7E55    	MOV R6, 85
0x028D	0x7FFA    	MOV R7, 250
0x028F	0xDFFE    	DJNZ R7, PC-2
0x0291	0xDEFC    	DJNZ R6, PC-4
0x0293	0xDDFA    	DJNZ R5, PC-6
;Display LCD.c,39 :: 		for(i=0; i<4; i++) {               // Move text to the right 4 times
0x0295	0x750800  	MOV _i, #0
L_main0:
0x0298	0xC3      	CLR C
0x0299	0xE508    	MOV A, _i
0x029B	0x9404    	SUBB A, #4
0x029D	0x500B    	JNC L_main1
;Display LCD.c,40 :: 		Lcd_Cmd(_LCD_SHIFT_RIGHT);
0x029F	0x750F1C  	MOV FARG_Lcd_Cmd_out_char, #28
0x02A2	0x1140    	ACALL _Lcd_Cmd
;Display LCD.c,41 :: 		Move_Delay();
0x02A4	0x31C7    	ACALL _Move_Delay
;Display LCD.c,39 :: 		for(i=0; i<4; i++) {               // Move text to the right 4 times
0x02A6	0x0508    	INC _i
;Display LCD.c,42 :: 		}
0x02A8	0x80EE    	SJMP L_main0
L_main1:
;Display LCD.c,44 :: 		while(1) {                         // Endless loop
L_main3:
;Display LCD.c,45 :: 		for(i=0; i<8; i++) {             // Move text to the left 7 times
0x02AA	0x750800  	MOV _i, #0
L_main5:
0x02AD	0xC3      	CLR C
0x02AE	0xE508    	MOV A, _i
0x02B0	0x9408    	SUBB A, #8
0x02B2	0x500B    	JNC L_main6
;Display LCD.c,46 :: 		Lcd_Cmd(_LCD_SHIFT_LEFT);
0x02B4	0x750F18  	MOV FARG_Lcd_Cmd_out_char, #24
0x02B7	0x1140    	ACALL _Lcd_Cmd
;Display LCD.c,47 :: 		Move_Delay();
0x02B9	0x31C7    	ACALL _Move_Delay
;Display LCD.c,45 :: 		for(i=0; i<8; i++) {             // Move text to the left 7 times
0x02BB	0x0508    	INC _i
;Display LCD.c,48 :: 		}
0x02BD	0x80EE    	SJMP L_main5
L_main6:
;Display LCD.c,50 :: 		for(i=0; i<8; i++) {             // Move text to the right 7 times
0x02BF	0x750800  	MOV _i, #0
L_main8:
0x02C2	0xC3      	CLR C
0x02C3	0xE508    	MOV A, _i
0x02C5	0x9408    	SUBB A, #8
0x02C7	0x500B    	JNC L_main9
;Display LCD.c,51 :: 		Lcd_Cmd(_LCD_SHIFT_RIGHT);
0x02C9	0x750F1C  	MOV FARG_Lcd_Cmd_out_char, #28
0x02CC	0x1140    	ACALL _Lcd_Cmd
;Display LCD.c,52 :: 		Move_Delay();
0x02CE	0x31C7    	ACALL _Move_Delay
;Display LCD.c,50 :: 		for(i=0; i<8; i++) {             // Move text to the right 7 times
0x02D0	0x0508    	INC _i
;Display LCD.c,53 :: 		}
0x02D2	0x80EE    	SJMP L_main8
L_main9:
;Display LCD.c,54 :: 		}
0x02D4	0x80D4    	SJMP L_main3
;Display LCD.c,55 :: 		}
0x02D6	0x80FE    	SJMP #254
; end of _main
0x02FB	0x7830    	MOV R0, 48
0x02FD	0x7923    	MOV R1, 35
0x02FF	0x7582D8  	MOV DP0L, 216
0x0302	0x758302  	MOV DP0H, 2
0x0305	0x1201BF  	LCALL 447
0x0308	0x22      	RET
;Display LCD.c,0 :: ?ICS_txt3
0x02D8	0x4D696B ;?ICS_txt3+0
0x02DB	0x726F43 ;?ICS_txt3+3
0x02DE	0x00 ;?ICS_txt3+6
; end of ?ICS_txt3
;Display LCD.c,0 :: ?ICS_txt4
0x02DF	0x456A65 ;?ICS_txt4+0
0x02E2	0x6D706C ;?ICS_txt4+3
0x02E5	0x6F00 ;?ICS_txt4+6
; end of ?ICS_txt4
;Display LCD.c,0 :: ?ICS_txt1
0x02E7	0x426F6C ;?ICS_txt1+0
0x02EA	0x697669 ;?ICS_txt1+3
0x02ED	0x6100 ;?ICS_txt1+6
; end of ?ICS_txt1
;Display LCD.c,0 :: ?ICS_txt2
0x02EF	0x437572 ;?ICS_txt2+0
0x02F2	0x736F20 ;?ICS_txt2+3
0x02F5	0x433830 ;?ICS_txt2+6
0x02F8	0x353100 ;?ICS_txt2+9
; end of ?ICS_txt2
Symbol List:
//** Routines locations **
//ADDRESS    SIZE    PROCEDURE
//----------------------------------------------
0x002E      [10]    _Delay_5500us
0x0038       [3]    _Delay_1us
0x003B       [5]    _Delay_50us
0x0040     [219]    _Lcd_Cmd
0x011B      [12]    _Lcd_Chr_CP
0x0127     [152]    _Lcd_Init
0x01BF       [8]    ___CC2D
0x01C7      [13]    _Move_Delay
0x01D4     [102]    _LCD_Out
0x023A     [158]    _main
//** Variables locations ** 
//ADDRESS    SIZE    VARIABLE
//----------------------------------------------
0x0000       [1]    R0
0x0001       [1]    R1
0x0002       [1]    R2
0x0003       [1]    R3
0x0004       [1]    R4
0x0005       [1]    R5
0x0006       [1]    R6
0x0007       [1]    R7
0x0008       [1]    _i
0x0009       [1]    _cmd_status
0x000A       [1]    FARG_LCD_Out_row
0x000B       [1]    FARG_LCD_Out_column
0x000C       [1]    FARG_LCD_Out_text
0x000D       [1]    LCD_Out_i_L0
0x000E       [1]    FARG_Lcd_Chr_CP_out_char
0x000F       [1]    FARG_Lcd_Cmd_out_char
0x0030       [7]    _txt3
0x0037       [8]    _txt4
0x003F       [8]    _txt1
0x0047      [12]    _txt2
0x0081       [1]    SP
0x0082       [1]    DPL
0x0083       [1]    DPH
0x00A0       [0]    P2_5_bit
0x00A0       [0]    LCD_D5
0x00A0       [0]    P2_3_bit
0x00A0       [0]    LCD_D7
0x00A0       [0]    P2_2_bit
0x00A0       [0]    LCD_D6
0x00A0       [0]    LCD_RS
0x00A0       [0]    P2_4_bit
0x00A0       [0]    LCD_EN
0x00A0       [0]    P2_1_bit
0x00A0       [0]    LCD_D4
0x00A0       [0]    P2_0_bit
0x00D0       [1]    PSW
0x00E0       [1]    ACC
0x00F0       [1]    B
//** Constants locations ** 
//ADDRESS    SIZE    CONSTANT
//----------------------------------------------
0x02D8       [7]    ?ICS_txt3
0x02DF       [8]    ?ICS_txt4
0x02E7       [8]    ?ICS_txt1
0x02EF      [12]    ?ICS_txt2
//** Label List: ** 
//----------------------------------------------
  L_main0
  L_main1
  L_main2
  L_main3
  L_main4
  L_main5
  L_main6
  L_main7
  L_main8
  L_main9
  L_main10
  _Move_Delay
  _main
  L_Delay_Cyc0
  L_Delay_Cyc1
  L_VDelay_ms2
  L_VDelay_ms3
  L_VDelay_ms4
  L_VDelay_ms5
  _Get_Fosc_kHz
  _Delay_1us
  _Delay_10us
  _Delay_22us
  _Delay_50us
  _Delay_80us
  _Delay_500us
  _Delay_5500us
  _Delay_8ms
  _Delay_10ms
  _Delay_100ms
  _Delay_1sec
  _Delay_Cyc
  _VDelay_ms
  L_Lcd_Cmd0
  L_Lcd_Cmd1
  L_Lcd_Cmd2
  L_Lcd_Cmd3
  L_Lcd_Cmd4
  L_Lcd_Cmd5
  L_LCD_Out_CP6
  L_LCD_Out_CP7
  L_Lcd_Chr8
  L_Lcd_Chr9
  L_Lcd_Chr10
  L_Lcd_Chr11
  L_Lcd_Chr12
  L_Lcd_Chr13
  L_Lcd_Chr14
  L_LCD_Out15
  L_LCD_Out16
  L_LCD_Out17
  L_LCD_Out18
  L_LCD_Out19
  L_LCD_Out20
  L_LCD_Out21
  L_LCD_Out22
  L_LCD_Out23
  _Lcd_Cmd
  L__Lcd_Cmd24
  L__Lcd_Cmd25
  L__Lcd_Cmd26
  L__Lcd_Cmd27
  L__Lcd_Cmd28
  L__Lcd_Cmd29
  L__Lcd_Cmd30
  L__Lcd_Cmd31
  L__Lcd_Cmd32
  L__Lcd_Cmd33
  L__Lcd_Cmd34
  L__Lcd_Cmd35
  L__Lcd_Cmd36
  L__Lcd_Cmd37
  L__Lcd_Cmd38
  L__Lcd_Cmd39
  _Lcd_Chr_CP
  _LCD_Out_CP
  _Lcd_Chr
  _Lcd_Init
  _LCD_Out
  _CC2D_Loop1
  _CC2PD_Loop1
  _CC2XD_Loop1
  ___DoIFC
  ___CC2D
  ___CC2PD
  ___CC2XD
