;  LST file generated by mikroListExporter - v.2.0 
; Date/Time: 31/05/2014 07:20:23 a.m.
;----------------------------------------------

;Address Opcode 	ASM
0x0000	0x020045  	LJMP 69
0x0003	0x020000  	LJMP 0
0x0006	0x00      	NOP
0x0007	0x00      	NOP
0x0008	0x00      	NOP
0x0009	0x00      	NOP
0x000A	0x00      	NOP
0x000B	0x020000  	LJMP 0
0x000E	0x00      	NOP
0x000F	0x00      	NOP
0x0010	0x00      	NOP
0x0011	0x00      	NOP
0x0012	0x00      	NOP
0x0013	0x020000  	LJMP 0
0x0016	0x00      	NOP
0x0017	0x00      	NOP
0x0018	0x00      	NOP
0x0019	0x00      	NOP
0x001A	0x00      	NOP
0x001B	0x020000  	LJMP 0
0x001E	0x00      	NOP
0x001F	0x00      	NOP
0x0020	0x00      	NOP
0x0021	0x00      	NOP
0x0022	0x00      	NOP
0x0023	0x020000  	LJMP 0
0x0026	0x00      	NOP
0x0027	0x00      	NOP
0x0028	0x00      	NOP
0x0029	0x00      	NOP
0x002A	0x00      	NOP
0x002B	0x020000  	LJMP 0
_motorDetener:
;motorDcPuenteH.c,11 :: 		void motorDetener(){
;motorDcPuenteH.c,12 :: 		P2_0_bit=0;
0x002E	0xC2A0    	CLR P2_0_bit
;motorDcPuenteH.c,13 :: 		P2_1_bit=0;
0x0030	0xC2A1    	CLR P2_1_bit
;motorDcPuenteH.c,14 :: 		}
0x0032	0x22      	RET
; end of _motorDetener
___CC2D:
;__Lib_System.c,13 :: 		
;__Lib_System.c,15 :: 		
_CC2D_Loop1:
;__Lib_System.c,16 :: 		
0x0033	0xE4      	CLR A
;__Lib_System.c,17 :: 		
0x0034	0x93      	MOVC A, @A+DPTR
;__Lib_System.c,18 :: 		
0x0035	0xF6      	MOV @R0, A
;__Lib_System.c,19 :: 		
0x0036	0x08      	INC R0
;__Lib_System.c,20 :: 		
0x0037	0xA3      	INC DPTR
;__Lib_System.c,21 :: 		
0x0038	0xD9F9    	DJNZ R1, _CC2D_Loop1
;__Lib_System.c,23 :: 		
0x003A	0x22      	RET
; end of ___CC2D
_motorAtras:
;motorDcPuenteH.c,6 :: 		void motorAtras(){
;motorDcPuenteH.c,7 :: 		P2_0_bit=0;
0x003B	0xC2A0    	CLR P2_0_bit
;motorDcPuenteH.c,8 :: 		P2_1_bit=1;
0x003D	0xD2A1    	SETB P2_1_bit
;motorDcPuenteH.c,9 :: 		}
0x003F	0x22      	RET
; end of _motorAtras
_motorAdelante:
;motorDcPuenteH.c,1 :: 		void motorAdelante(){
;motorDcPuenteH.c,2 :: 		P2_0_bit=1;
0x0040	0xD2A0    	SETB P2_0_bit
;motorDcPuenteH.c,3 :: 		P2_1_bit=0;
0x0042	0xC2A1    	CLR P2_1_bit
;motorDcPuenteH.c,4 :: 		}
0x0044	0x22      	RET
; end of _motorAdelante
_main:
0x0045	0x758180  	MOV SP, #128
;motorDcPuenteH.c,16 :: 		void main() {
;motorDcPuenteH.c,17 :: 		P2=0;
0x0048	0x75A000  	MOV P2, #0
;motorDcPuenteH.c,18 :: 		while(1){
L_main0:
;motorDcPuenteH.c,19 :: 		motorAdelante();
0x004B	0x1140    	ACALL _motorAdelante
;motorDcPuenteH.c,20 :: 		Delay_ms(2500);
0x004D	0x7D20    	MOV R5, 32
0x004F	0x7EAB    	MOV R6, 171
0x0051	0x7F39    	MOV R7, 57
0x0053	0xDFFE    	DJNZ R7, PC-2
0x0055	0xDEFC    	DJNZ R6, PC-4
0x0057	0xDDFA    	DJNZ R5, PC-6
;motorDcPuenteH.c,21 :: 		motorAtras();
0x0059	0x113B    	ACALL _motorAtras
;motorDcPuenteH.c,22 :: 		Delay_ms(5000);
0x005B	0x7D40    	MOV R5, 64
0x005D	0x7E55    	MOV R6, 85
0x005F	0x7F74    	MOV R7, 116
0x0061	0xDFFE    	DJNZ R7, PC-2
0x0063	0xDEFC    	DJNZ R6, PC-4
0x0065	0xDDFA    	DJNZ R5, PC-6
;motorDcPuenteH.c,23 :: 		motorDetener();
0x0067	0x112E    	ACALL _motorDetener
;motorDcPuenteH.c,24 :: 		Delay_ms(2500);
0x0069	0x7D20    	MOV R5, 32
0x006B	0x7EAB    	MOV R6, 171
0x006D	0x7F39    	MOV R7, 57
0x006F	0xDFFE    	DJNZ R7, PC-2
0x0071	0xDEFC    	DJNZ R6, PC-4
0x0073	0xDDFA    	DJNZ R5, PC-6
;motorDcPuenteH.c,25 :: 		}
0x0075	0x80D4    	SJMP L_main0
;motorDcPuenteH.c,26 :: 		}
0x0077	0x80FE    	SJMP #254
; end of _main
Symbol List:
//** Routines locations **
//ADDRESS    SIZE    PROCEDURE
//----------------------------------------------
0x002E       [5]    _motorDetener
0x0033       [8]    ___CC2D
0x003B       [5]    _motorAtras
0x0040       [5]    _motorAdelante
0x0045      [52]    _main
//** Variables locations ** 
//ADDRESS    SIZE    VARIABLE
//----------------------------------------------
0x0000       [1]    R0
0x0001       [1]    R1
0x0002       [1]    R2
0x0003       [1]    R3
0x0004       [1]    R4
0x0005       [1]    R5
0x0006       [1]    R6
0x0007       [1]    R7
0x0081       [1]    SP
0x0082       [1]    DPL
0x0083       [1]    DPH
0x00A0       [0]    P2_1_bit
0x00A0       [0]    P2_0_bit
0x00A0       [1]    P2
0x00D0       [1]    PSW
0x00E0       [1]    ACC
0x00F0       [1]    B
//** Label List: ** 
//----------------------------------------------
  L_main0
  L_main1
  _motorAdelante
  _motorAtras
  _motorDetener
  _main
  _CC2D_Loop1
  _CC2PD_Loop1
  _CC2XD_Loop1
  ___DoIFC
  ___CC2D
  ___CC2PD
  ___CC2XD
