;  LST file generated by mikroListExporter - v.2.0 
; Date/Time: 29/06/2014 11:57:11 p.m.
;----------------------------------------------

;Address Opcode 	ASM
0x0000	0x0203B3  	LJMP 947
0x0003	0x020000  	LJMP 0
0x0006	0x00      	NOP
0x0007	0x00      	NOP
0x0008	0x00      	NOP
0x0009	0x00      	NOP
0x000A	0x00      	NOP
0x000B	0x020000  	LJMP 0
0x000E	0x00      	NOP
0x000F	0x00      	NOP
0x0010	0x00      	NOP
0x0011	0x00      	NOP
0x0012	0x00      	NOP
0x0013	0x020000  	LJMP 0
0x0016	0x00      	NOP
0x0017	0x00      	NOP
0x0018	0x00      	NOP
0x0019	0x00      	NOP
0x001A	0x00      	NOP
0x001B	0x020000  	LJMP 0
0x001E	0x00      	NOP
0x001F	0x00      	NOP
0x0020	0x00      	NOP
0x0021	0x00      	NOP
0x0022	0x00      	NOP
0x0023	0x020000  	LJMP 0
0x0026	0x00      	NOP
0x0027	0x00      	NOP
0x0028	0x00      	NOP
0x0029	0x00      	NOP
0x002A	0x00      	NOP
0x002B	0x020000  	LJMP 0
_Delay_50us:
;__Lib_Delays.c,138 :: 		void Delay_50us() {
;__Lib_Delays.c,139 :: 		Delay_us(50);
0x002E	0x7F29    	MOV R7, 41
0x0030	0xDFFE    	DJNZ R7, PC-2
;__Lib_Delays.c,140 :: 		}
0x0032	0x22      	RET
; end of _Delay_50us
_Delay_5500us:
;__Lib_Delays.c,213 :: 		void Delay_5500us() {
;__Lib_Delays.c,214 :: 		Delay_us(5500);
0x0033	0x7E12    	MOV R6, 18
0x0035	0x7FD4    	MOV R7, 212
0x0037	0xDFFE    	DJNZ R7, PC-2
0x0039	0xDEFC    	DJNZ R6, PC-4
0x003B	0x00      	NOP
;__Lib_Delays.c,215 :: 		}
0x003C	0x22      	RET
; end of _Delay_5500us
_Delay_1us:
;__Lib_Delays.c,63 :: 		void Delay_1us() {
;__Lib_Delays.c,64 :: 		Delay_us(1);
0x003D	0x00      	NOP
0x003E	0x00      	NOP
;__Lib_Delays.c,65 :: 		}
0x003F	0x22      	RET
; end of _Delay_1us
_Lcd_Cmd:
;__Lib_Lcd.c,13 :: 		
;__Lib_Lcd.c,14 :: 		
0x0040	0xE51B    	MOV A, FARG_Lcd_Cmd_out_char
0x0042	0x5480    	ANL A, #128
0x0044	0xF8      	MOV R0, A
0x0045	0x630080  	XRL R0, #128
0x0048	0xE8      	MOV A, R0
0x0049	0x6004    	JZ L__Lcd_Cmd24
0x004B	0x7800    	MOV R0, #0
0x004D	0x8002    	SJMP L__Lcd_Cmd25
L__Lcd_Cmd24:
0x004F	0x7801    	MOV R0, #1
L__Lcd_Cmd25:
0x0051	0xE8      	MOV A, R0
0x0052	0x13      	RRC A
0x0053	0x92A5    	MOV LCD_D7, C
;__Lib_Lcd.c,15 :: 		
0x0055	0xE51B    	MOV A, FARG_Lcd_Cmd_out_char
0x0057	0x5440    	ANL A, #64
0x0059	0xF8      	MOV R0, A
0x005A	0x630040  	XRL R0, #64
0x005D	0xE8      	MOV A, R0
0x005E	0x6004    	JZ L__Lcd_Cmd26
0x0060	0x7800    	MOV R0, #0
0x0062	0x8002    	SJMP L__Lcd_Cmd27
L__Lcd_Cmd26:
0x0064	0x7801    	MOV R0, #1
L__Lcd_Cmd27:
0x0066	0xE8      	MOV A, R0
0x0067	0x13      	RRC A
0x0068	0x92A4    	MOV LCD_D6, C
;__Lib_Lcd.c,16 :: 		
0x006A	0xE51B    	MOV A, FARG_Lcd_Cmd_out_char
0x006C	0x5420    	ANL A, #32
0x006E	0xF8      	MOV R0, A
0x006F	0x630020  	XRL R0, #32
0x0072	0xE8      	MOV A, R0
0x0073	0x6004    	JZ L__Lcd_Cmd28
0x0075	0x7800    	MOV R0, #0
0x0077	0x8002    	SJMP L__Lcd_Cmd29
L__Lcd_Cmd28:
0x0079	0x7801    	MOV R0, #1
L__Lcd_Cmd29:
0x007B	0xE8      	MOV A, R0
0x007C	0x13      	RRC A
0x007D	0x92A3    	MOV LCD_D5, C
;__Lib_Lcd.c,17 :: 		
0x007F	0xE51B    	MOV A, FARG_Lcd_Cmd_out_char
0x0081	0x5410    	ANL A, #16
0x0083	0xF8      	MOV R0, A
0x0084	0x630010  	XRL R0, #16
0x0087	0xE8      	MOV A, R0
0x0088	0x6004    	JZ L__Lcd_Cmd30
0x008A	0x7800    	MOV R0, #0
0x008C	0x8002    	SJMP L__Lcd_Cmd31
L__Lcd_Cmd30:
0x008E	0x7801    	MOV R0, #1
L__Lcd_Cmd31:
0x0090	0xE8      	MOV A, R0
0x0091	0x13      	RRC A
0x0092	0x92A2    	MOV LCD_D4, C
;__Lib_Lcd.c,19 :: 		
0x0094	0xE510    	MOV A, _cmd_status
0x0096	0x6004    	JZ L_Lcd_Cmd0
0x0098	0x7800    	MOV R0, #0
0x009A	0x8002    	SJMP L_Lcd_Cmd1
L_Lcd_Cmd0:
0x009C	0x7801    	MOV R0, #1
L_Lcd_Cmd1:
0x009E	0xE8      	MOV A, R0
0x009F	0x13      	RRC A
0x00A0	0x92A0    	MOV LCD_RS, C
;__Lib_Lcd.c,21 :: 		
0x00A2	0xD2A1    	SETB LCD_EN
;__Lib_Lcd.c,22 :: 		
0x00A4	0x113D    	ACALL _Delay_1us
;__Lib_Lcd.c,23 :: 		
0x00A6	0xC2A1    	CLR LCD_EN
;__Lib_Lcd.c,25 :: 		
0x00A8	0xE51B    	MOV A, FARG_Lcd_Cmd_out_char
0x00AA	0x5408    	ANL A, #8
0x00AC	0xF8      	MOV R0, A
0x00AD	0x630008  	XRL R0, #8
0x00B0	0xE8      	MOV A, R0
0x00B1	0x6004    	JZ L__Lcd_Cmd32
0x00B3	0x7800    	MOV R0, #0
0x00B5	0x8002    	SJMP L__Lcd_Cmd33
L__Lcd_Cmd32:
0x00B7	0x7801    	MOV R0, #1
L__Lcd_Cmd33:
0x00B9	0xE8      	MOV A, R0
0x00BA	0x13      	RRC A
0x00BB	0x92A5    	MOV LCD_D7, C
;__Lib_Lcd.c,26 :: 		
0x00BD	0xE51B    	MOV A, FARG_Lcd_Cmd_out_char
0x00BF	0x5404    	ANL A, #4
0x00C1	0xF8      	MOV R0, A
0x00C2	0x630004  	XRL R0, #4
0x00C5	0xE8      	MOV A, R0
0x00C6	0x6004    	JZ L__Lcd_Cmd34
0x00C8	0x7800    	MOV R0, #0
0x00CA	0x8002    	SJMP L__Lcd_Cmd35
L__Lcd_Cmd34:
0x00CC	0x7801    	MOV R0, #1
L__Lcd_Cmd35:
0x00CE	0xE8      	MOV A, R0
0x00CF	0x13      	RRC A
0x00D0	0x92A4    	MOV LCD_D6, C
;__Lib_Lcd.c,27 :: 		
0x00D2	0xE51B    	MOV A, FARG_Lcd_Cmd_out_char
0x00D4	0x5402    	ANL A, #2
0x00D6	0xF8      	MOV R0, A
0x00D7	0x630002  	XRL R0, #2
0x00DA	0xE8      	MOV A, R0
0x00DB	0x6004    	JZ L__Lcd_Cmd36
0x00DD	0x7800    	MOV R0, #0
0x00DF	0x8002    	SJMP L__Lcd_Cmd37
L__Lcd_Cmd36:
0x00E1	0x7801    	MOV R0, #1
L__Lcd_Cmd37:
0x00E3	0xE8      	MOV A, R0
0x00E4	0x13      	RRC A
0x00E5	0x92A3    	MOV LCD_D5, C
;__Lib_Lcd.c,28 :: 		
0x00E7	0xE51B    	MOV A, FARG_Lcd_Cmd_out_char
0x00E9	0x5401    	ANL A, #1
0x00EB	0xF8      	MOV R0, A
0x00EC	0x630001  	XRL R0, #1
0x00EF	0xE8      	MOV A, R0
0x00F0	0x6004    	JZ L__Lcd_Cmd38
0x00F2	0x7800    	MOV R0, #0
0x00F4	0x8002    	SJMP L__Lcd_Cmd39
L__Lcd_Cmd38:
0x00F6	0x7801    	MOV R0, #1
L__Lcd_Cmd39:
0x00F8	0xE8      	MOV A, R0
0x00F9	0x13      	RRC A
0x00FA	0x92A2    	MOV LCD_D4, C
;__Lib_Lcd.c,30 :: 		
0x00FC	0xE510    	MOV A, _cmd_status
0x00FE	0x6004    	JZ L_Lcd_Cmd2
0x0100	0x7800    	MOV R0, #0
0x0102	0x8002    	SJMP L_Lcd_Cmd3
L_Lcd_Cmd2:
0x0104	0x7801    	MOV R0, #1
L_Lcd_Cmd3:
0x0106	0xE8      	MOV A, R0
0x0107	0x13      	RRC A
0x0108	0x92A0    	MOV LCD_RS, C
;__Lib_Lcd.c,32 :: 		
0x010A	0xD2A1    	SETB LCD_EN
;__Lib_Lcd.c,33 :: 		
0x010C	0x113D    	ACALL _Delay_1us
;__Lib_Lcd.c,34 :: 		
0x010E	0xC2A1    	CLR LCD_EN
;__Lib_Lcd.c,36 :: 		
0x0110	0xE510    	MOV A, _cmd_status
0x0112	0x6004    	JZ L_Lcd_Cmd4
;__Lib_Lcd.c,37 :: 		
0x0114	0x1133    	ACALL _Delay_5500us
0x0116	0x8002    	SJMP L_Lcd_Cmd5
L_Lcd_Cmd4:
;__Lib_Lcd.c,39 :: 		
0x0118	0x112E    	ACALL _Delay_50us
L_Lcd_Cmd5:
;__Lib_Lcd.c,40 :: 		
0x011A	0x22      	RET
; end of _Lcd_Cmd
_Div_16x16_U:
;__Lib_Math.c,273 :: 		
;__Lib_Math.c,275 :: 		
0x011B	0xBD000B  	CJNE R5, 0, __op2hi_not_zero
;__Lib_Math.c,276 :: 		
0x011E	0xB90029  	CJNE R1, 0, __op1hi_not_zero
;__Lib_Math.c,277 :: 		
0x0121	0xE8      	MOV A, R0
;__Lib_Math.c,278 :: 		
0x0122	0x8CF0    	MOV B, R4
;__Lib_Math.c,279 :: 		
0x0124	0x84      	DIV AB
;__Lib_Math.c,280 :: 		
0x0125	0xF8      	MOV R0, A
;__Lib_Math.c,281 :: 		
0x0126	0xACF0    	MOV R4, B
;__Lib_Math.c,282 :: 		
0x0128	0x22      	RET
;__Lib_Math.c,284 :: 		
__op2hi_not_zero:
;__Lib_Math.c,285 :: 		
0x0129	0xE4      	CLR A
;__Lib_Math.c,286 :: 		
0x012A	0xCD      	XCH A, R5
;__Lib_Math.c,287 :: 		
0x012B	0xFF      	MOV R7, A
;__Lib_Math.c,288 :: 		
0x012C	0x75F008  	MOV B, 8
;__Lib_Math.c,290 :: 		
__Div_16x16_U_Loop1:
;__Lib_Math.c,291 :: 		
0x012F	0xE8      	MOV A, R0
;__Lib_Math.c,292 :: 		
0x0130	0x28      	ADD A, R0
;__Lib_Math.c,293 :: 		
0x0131	0xF8      	MOV R0, A
;__Lib_Math.c,294 :: 		
0x0132	0xE9      	MOV A, R1
;__Lib_Math.c,295 :: 		
0x0133	0x33      	RLC A
;__Lib_Math.c,296 :: 		
0x0134	0xF9      	MOV R1, A
;__Lib_Math.c,297 :: 		
0x0135	0xED      	MOV A, R5
;__Lib_Math.c,298 :: 		
0x0136	0x33      	RLC A
;__Lib_Math.c,299 :: 		
0x0137	0xFD      	MOV R5, A
;__Lib_Math.c,300 :: 		
0x0138	0xE9      	MOV A, R1
;__Lib_Math.c,301 :: 		
0x0139	0x9C      	SUBB A, R4
;__Lib_Math.c,302 :: 		
0x013A	0xED      	MOV A, R5
;__Lib_Math.c,303 :: 		
0x013B	0x9F      	SUBB A, R7
;__Lib_Math.c,304 :: 		
0x013C	0x4005    	JC __Div_16x16_U_Lab1
;__Lib_Math.c,305 :: 		
0x013E	0xFD      	MOV R5, A
;__Lib_Math.c,306 :: 		
0x013F	0xE9      	MOV A, R1
;__Lib_Math.c,307 :: 		
0x0140	0x9C      	SUBB A, R4
;__Lib_Math.c,308 :: 		
0x0141	0xF9      	MOV R1, A
;__Lib_Math.c,309 :: 		
0x0142	0x08      	INC R0
;__Lib_Math.c,311 :: 		
__Div_16x16_U_Lab1:
;__Lib_Math.c,312 :: 		
0x0143	0xD5F0E9  	DJNZ B, __Div_16x16_U_Loop1
;__Lib_Math.c,313 :: 		
0x0146	0xE4      	CLR A
;__Lib_Math.c,314 :: 		
0x0147	0xC9      	XCH A, R1
;__Lib_Math.c,315 :: 		
0x0148	0xFC      	MOV R4, A
;__Lib_Math.c,316 :: 		
0x0149	0x22      	RET
;__Lib_Math.c,318 :: 		
__op1hi_not_zero:
;__Lib_Math.c,319 :: 		
0x014A	0xEC      	MOV A, R4
;__Lib_Math.c,320 :: 		
0x014B	0xFF      	MOV R7, A
;__Lib_Math.c,321 :: 		
0x014C	0xF5F0    	MOV B, A
;__Lib_Math.c,322 :: 		
0x014E	0xE9      	MOV A, R1
;__Lib_Math.c,323 :: 		
0x014F	0x84      	DIV AB
;__Lib_Math.c,324 :: 		
0x0150	0x20D21C  	JB OV_bit, __Div_16x16_U_div_ret
;__Lib_Math.c,325 :: 		
0x0153	0xF9      	MOV R1, A
;__Lib_Math.c,326 :: 		
0x0154	0xACF0    	MOV R4, B
;__Lib_Math.c,327 :: 		
0x0156	0x75F008  	MOV B, 8
;__Lib_Math.c,329 :: 		
__Div_16x16_U_Loop2:
;__Lib_Math.c,330 :: 		
0x0159	0xE8      	MOV A, R0
;__Lib_Math.c,331 :: 		
0x015A	0x28      	ADD A, R0
;__Lib_Math.c,332 :: 		
0x015B	0xF8      	MOV R0, A
;__Lib_Math.c,333 :: 		
0x015C	0xEC      	MOV A, R4
;__Lib_Math.c,334 :: 		
0x015D	0x33      	RLC A
;__Lib_Math.c,335 :: 		
0x015E	0xFC      	MOV R4, A
;__Lib_Math.c,336 :: 		
0x015F	0x4007    	JC __Div_16x16_U_Lab2
;__Lib_Math.c,337 :: 		
0x0161	0x9F      	SUBB A, R7
;__Lib_Math.c,338 :: 		
0x0162	0x5006    	JNC __Div_16x16_U_Lab3
;__Lib_Math.c,339 :: 		
0x0164	0xD5F0F2  	DJNZ B, __Div_16x16_U_Loop2
;__Lib_Math.c,340 :: 		
0x0167	0x22      	RET
;__Lib_Math.c,342 :: 		
__Div_16x16_U_Lab2:
;__Lib_Math.c,343 :: 		
0x0168	0xC3      	CLR C
;__Lib_Math.c,344 :: 		
0x0169	0x9F      	SUBB A, R7
;__Lib_Math.c,345 :: 		
__Div_16x16_U_Lab3:
;__Lib_Math.c,346 :: 		
0x016A	0xFC      	MOV R4, A
;__Lib_Math.c,347 :: 		
0x016B	0x08      	INC R0
;__Lib_Math.c,348 :: 		
0x016C	0xD5F0EA  	DJNZ B, __Div_16x16_U_Loop2
;__Lib_Math.c,350 :: 		
__Div_16x16_U_div_ret:
;__Lib_Math.c,352 :: 		
0x016F	0x22      	RET
; end of _Div_16x16_U
_Delay_10us:
;__Lib_Delays.c,88 :: 		void Delay_10us() {
;__Lib_Delays.c,89 :: 		Delay_us(10);
0x0170	0x7F08    	MOV R7, 8
0x0172	0xDFFE    	DJNZ R7, PC-2
;__Lib_Delays.c,90 :: 		}
0x0174	0x22      	RET
; end of _Delay_10us
_Lcd_Chr_CP:
;__Lib_Lcd.c,42 :: 		
;__Lib_Lcd.c,44 :: 		
0x0175	0x751000  	MOV _cmd_status, #0
;__Lib_Lcd.c,45 :: 		
0x0178	0x85161B  	MOV FARG_Lcd_Cmd_out_char, FARG_Lcd_Chr_CP_out_char+0
0x017B	0x1140    	ACALL _Lcd_Cmd
;__Lib_Lcd.c,46 :: 		
0x017D	0x751001  	MOV _cmd_status, #1
;__Lib_Lcd.c,47 :: 		
0x0180	0x22      	RET
; end of _Lcd_Chr_CP
_Keypad_Key_Press:
;__Lib_Keypad4x4.c,46 :: 		
;__Lib_Keypad4x4.c,51 :: 		
0x0181	0x751600  	MOV Keypad_Key_Press_rslt_L0, #0
;__Lib_Keypad4x4.c,52 :: 		
0x0184	0x751800  	MOV Keypad_Key_Press_loc_L0, #0
;__Lib_Keypad4x4.c,53 :: 		
0x0187	0x751900  	MOV Keypad_Key_Press_rowcnt_L0, #0
;__Lib_Keypad4x4.c,54 :: 		
0x018A	0x751A10  	MOV Keypad_Key_Press_shifter_L0, #16
;__Lib_Keypad4x4.c,55 :: 		
L_Keypad_Key_Press0:
0x018D	0xC3      	CLR C
0x018E	0xE519    	MOV A, Keypad_Key_Press_rowcnt_L0
0x0190	0x9404    	SUBB A, #4
0x0192	0x5050    	JNC L_Keypad_Key_Press1
;__Lib_Keypad4x4.c,56 :: 		
0x0194	0x7580F0  	MOV keypadPort, #240
;__Lib_Keypad4x4.c,57 :: 		
0x0197	0xE51A    	MOV A, Keypad_Key_Press_shifter_L0
0x0199	0x64FF    	XRL A, #255
0x019B	0xF580    	MOV keypadPort, A
;__Lib_Keypad4x4.c,58 :: 		
0x019D	0x113D    	ACALL _Delay_1us
;__Lib_Keypad4x4.c,59 :: 		
0x019F	0x113D    	ACALL _Delay_1us
;__Lib_Keypad4x4.c,60 :: 		
0x01A1	0xE580    	MOV A, keypadPort
0x01A3	0x44F0    	ORL A, #240
0x01A5	0xF8      	MOV R0, A
0x01A6	0x850017  	MOV Keypad_Key_Press_kdata_L0, 0
;__Lib_Keypad4x4.c,61 :: 		
0x01A9	0x6300FF  	XRL R0, #255
0x01AC	0x850017  	MOV Keypad_Key_Press_kdata_L0, 0
;__Lib_Keypad4x4.c,62 :: 		
0x01AF	0xE8      	MOV A, R0
0x01B0	0x601B    	JZ L_Keypad_Key_Press2
;__Lib_Keypad4x4.c,64 :: 		
0x01B2	0x851816  	MOV Keypad_Key_Press_rslt_L0, Keypad_Key_Press_loc_L0+0
;__Lib_Keypad4x4.c,65 :: 		
L_Keypad_Key_Press3:
0x01B5	0xE517    	MOV A, Keypad_Key_Press_kdata_L0
0x01B7	0x6011    	JZ L_Keypad_Key_Press4
;__Lib_Keypad4x4.c,66 :: 		
0x01B9	0x7801    	MOV R0, #1
0x01BB	0xE517    	MOV A, Keypad_Key_Press_kdata_L0
0x01BD	0x08      	INC R0
0x01BE	0x8002    	SJMP L__Keypad_Key_Press7
L__Keypad_Key_Press8:
0x01C0	0xC3      	CLR C
0x01C1	0x13      	RRC A
L__Keypad_Key_Press7:
0x01C2	0xD8FC    	DJNZ R0, L__Keypad_Key_Press8
0x01C4	0xF517    	MOV Keypad_Key_Press_kdata_L0, A
;__Lib_Keypad4x4.c,67 :: 		
0x01C6	0x0516    	INC Keypad_Key_Press_rslt_L0
;__Lib_Keypad4x4.c,68 :: 		
0x01C8	0x80EB    	SJMP L_Keypad_Key_Press3
L_Keypad_Key_Press4:
;__Lib_Keypad4x4.c,70 :: 		
0x01CA	0x751904  	MOV Keypad_Key_Press_rowcnt_L0, #4
;__Lib_Keypad4x4.c,71 :: 		
L_Keypad_Key_Press2:
;__Lib_Keypad4x4.c,72 :: 		
0x01CD	0x7801    	MOV R0, #1
0x01CF	0xE51A    	MOV A, Keypad_Key_Press_shifter_L0
0x01D1	0x08      	INC R0
0x01D2	0x8002    	SJMP L__Keypad_Key_Press9
L__Keypad_Key_Press10:
0x01D4	0xC3      	CLR C
0x01D5	0x33      	RLC A
L__Keypad_Key_Press9:
0x01D6	0xD8FC    	DJNZ R0, L__Keypad_Key_Press10
0x01D8	0xF51A    	MOV Keypad_Key_Press_shifter_L0, A
;__Lib_Keypad4x4.c,73 :: 		
0x01DA	0xE518    	MOV A, Keypad_Key_Press_loc_L0
0x01DC	0x2404    	ADD A, #4
0x01DE	0xF518    	MOV Keypad_Key_Press_loc_L0, A
;__Lib_Keypad4x4.c,74 :: 		
0x01E0	0x0519    	INC Keypad_Key_Press_rowcnt_L0
;__Lib_Keypad4x4.c,75 :: 		
0x01E2	0x80A9    	SJMP L_Keypad_Key_Press0
L_Keypad_Key_Press1:
;__Lib_Keypad4x4.c,77 :: 		
0x01E4	0xA816    	MOV R0, Keypad_Key_Press_rslt_L0
;__Lib_Keypad4x4.c,78 :: 		
0x01E6	0x22      	RET
; end of _Keypad_Key_Press
_Lcd_Init:
;__Lib_Lcd.c,76 :: 		
;__Lib_Lcd.c,78 :: 		
0x01E7	0xC2A1    	CLR LCD_EN
;__Lib_Lcd.c,80 :: 		
0x01E9	0xC2A0    	CLR LCD_RS
;__Lib_Lcd.c,83 :: 		
0x01EB	0x1133    	ACALL _Delay_5500us
;__Lib_Lcd.c,84 :: 		
0x01ED	0x1133    	ACALL _Delay_5500us
;__Lib_Lcd.c,85 :: 		
0x01EF	0x1133    	ACALL _Delay_5500us
;__Lib_Lcd.c,87 :: 		
0x01F1	0xC2A5    	CLR LCD_D7
;__Lib_Lcd.c,88 :: 		
0x01F3	0xC2A4    	CLR LCD_D6
;__Lib_Lcd.c,89 :: 		
0x01F5	0xC2A3    	CLR LCD_D5
;__Lib_Lcd.c,90 :: 		
0x01F7	0xC2A2    	CLR LCD_D4
;__Lib_Lcd.c,93 :: 		
0x01F9	0xD2A3    	SETB LCD_D5
;__Lib_Lcd.c,94 :: 		
0x01FB	0xD2A2    	SETB LCD_D4
;__Lib_Lcd.c,95 :: 		
0x01FD	0xD2A1    	SETB LCD_EN
;__Lib_Lcd.c,96 :: 		
0x01FF	0x113D    	ACALL _Delay_1us
;__Lib_Lcd.c,97 :: 		
0x0201	0xC2A1    	CLR LCD_EN
;__Lib_Lcd.c,98 :: 		
0x0203	0x1133    	ACALL _Delay_5500us
;__Lib_Lcd.c,100 :: 		
0x0205	0xD2A1    	SETB LCD_EN
;__Lib_Lcd.c,101 :: 		
0x0207	0x113D    	ACALL _Delay_1us
;__Lib_Lcd.c,102 :: 		
0x0209	0xC2A1    	CLR LCD_EN
;__Lib_Lcd.c,103 :: 		
0x020B	0x1133    	ACALL _Delay_5500us
;__Lib_Lcd.c,105 :: 		
0x020D	0xD2A1    	SETB LCD_EN
;__Lib_Lcd.c,106 :: 		
0x020F	0x113D    	ACALL _Delay_1us
;__Lib_Lcd.c,107 :: 		
0x0211	0xC2A1    	CLR LCD_EN
;__Lib_Lcd.c,108 :: 		
0x0213	0x1133    	ACALL _Delay_5500us
;__Lib_Lcd.c,111 :: 		
0x0215	0xD2A3    	SETB LCD_D5
;__Lib_Lcd.c,112 :: 		
0x0217	0xC2A2    	CLR LCD_D4
;__Lib_Lcd.c,113 :: 		
0x0219	0xD2A1    	SETB LCD_EN
;__Lib_Lcd.c,114 :: 		
0x021B	0x113D    	ACALL _Delay_1us
;__Lib_Lcd.c,115 :: 		
0x021D	0xC2A1    	CLR LCD_EN
;__Lib_Lcd.c,116 :: 		
0x021F	0x1133    	ACALL _Delay_5500us
;__Lib_Lcd.c,119 :: 		
0x0221	0xC2A5    	CLR LCD_D7
;__Lib_Lcd.c,120 :: 		
0x0223	0xC2A4    	CLR LCD_D6
;__Lib_Lcd.c,121 :: 		
0x0225	0xC2A3    	CLR LCD_D5
;__Lib_Lcd.c,122 :: 		
0x0227	0xD2A3    	SETB LCD_D5
;__Lib_Lcd.c,123 :: 		
0x0229	0xC2A2    	CLR LCD_D4
;__Lib_Lcd.c,124 :: 		
0x022B	0xD2A1    	SETB LCD_EN
;__Lib_Lcd.c,125 :: 		
0x022D	0x113D    	ACALL _Delay_1us
;__Lib_Lcd.c,126 :: 		
0x022F	0xC2A1    	CLR LCD_EN
;__Lib_Lcd.c,127 :: 		
0x0231	0xC2A3    	CLR LCD_D5
;__Lib_Lcd.c,128 :: 		
0x0233	0xD2A5    	SETB LCD_D7
;__Lib_Lcd.c,129 :: 		
0x0235	0xD2A1    	SETB LCD_EN
;__Lib_Lcd.c,130 :: 		
0x0237	0x113D    	ACALL _Delay_1us
;__Lib_Lcd.c,131 :: 		
0x0239	0xC2A1    	CLR LCD_EN
;__Lib_Lcd.c,132 :: 		
0x023B	0x1133    	ACALL _Delay_5500us
;__Lib_Lcd.c,135 :: 		
0x023D	0xC2A5    	CLR LCD_D7
;__Lib_Lcd.c,136 :: 		
0x023F	0xD2A2    	SETB LCD_D4
;__Lib_Lcd.c,137 :: 		
0x0241	0xD2A1    	SETB LCD_EN
;__Lib_Lcd.c,138 :: 		
0x0243	0x113D    	ACALL _Delay_1us
;__Lib_Lcd.c,139 :: 		
0x0245	0xC2A1    	CLR LCD_EN
;__Lib_Lcd.c,140 :: 		
0x0247	0xC2A2    	CLR LCD_D4
;__Lib_Lcd.c,141 :: 		
0x0249	0xD2A1    	SETB LCD_EN
;__Lib_Lcd.c,142 :: 		
0x024B	0x113D    	ACALL _Delay_1us
;__Lib_Lcd.c,143 :: 		
0x024D	0xC2A1    	CLR LCD_EN
;__Lib_Lcd.c,144 :: 		
0x024F	0x1133    	ACALL _Delay_5500us
;__Lib_Lcd.c,147 :: 		
0x0251	0xC2A2    	CLR LCD_D4
;__Lib_Lcd.c,148 :: 		
0x0253	0xD2A1    	SETB LCD_EN
;__Lib_Lcd.c,149 :: 		
0x0255	0x113D    	ACALL _Delay_1us
;__Lib_Lcd.c,150 :: 		
0x0257	0xC2A1    	CLR LCD_EN
;__Lib_Lcd.c,151 :: 		
0x0259	0xD2A2    	SETB LCD_D4
;__Lib_Lcd.c,152 :: 		
0x025B	0xD2A1    	SETB LCD_EN
;__Lib_Lcd.c,153 :: 		
0x025D	0x113D    	ACALL _Delay_1us
;__Lib_Lcd.c,154 :: 		
0x025F	0xC2A1    	CLR LCD_EN
;__Lib_Lcd.c,155 :: 		
0x0261	0x1133    	ACALL _Delay_5500us
;__Lib_Lcd.c,158 :: 		
0x0263	0xC2A2    	CLR LCD_D4
;__Lib_Lcd.c,159 :: 		
0x0265	0xD2A1    	SETB LCD_EN
;__Lib_Lcd.c,160 :: 		
0x0267	0x113D    	ACALL _Delay_1us
;__Lib_Lcd.c,161 :: 		
0x0269	0xC2A1    	CLR LCD_EN
;__Lib_Lcd.c,163 :: 		
0x026B	0xD2A5    	SETB LCD_D7
;__Lib_Lcd.c,164 :: 		
0x026D	0xD2A4    	SETB LCD_D6
;__Lib_Lcd.c,165 :: 		
0x026F	0xD2A3    	SETB LCD_D5
;__Lib_Lcd.c,166 :: 		
0x0271	0xD2A2    	SETB LCD_D4
;__Lib_Lcd.c,167 :: 		
0x0273	0xD2A1    	SETB LCD_EN
;__Lib_Lcd.c,168 :: 		
0x0275	0x113D    	ACALL _Delay_1us
;__Lib_Lcd.c,169 :: 		
0x0277	0xC2A1    	CLR LCD_EN
;__Lib_Lcd.c,171 :: 		
0x0279	0x1133    	ACALL _Delay_5500us
;__Lib_Lcd.c,173 :: 		
0x027B	0x751001  	MOV _cmd_status, #1
;__Lib_Lcd.c,174 :: 		
0x027E	0x22      	RET
; end of _Lcd_Init
___CC2D:
;__Lib_System.c,13 :: 		
;__Lib_System.c,15 :: 		
_CC2D_Loop1:
;__Lib_System.c,16 :: 		
0x027F	0xE4      	CLR A
;__Lib_System.c,17 :: 		
0x0280	0x93      	MOVC A, @A+DPTR
;__Lib_System.c,18 :: 		
0x0281	0xF6      	MOV @R0, A
;__Lib_System.c,19 :: 		
0x0282	0x08      	INC R0
;__Lib_System.c,20 :: 		
0x0283	0xA3      	INC DPTR
;__Lib_System.c,21 :: 		
0x0284	0xD9F9    	DJNZ R1, _CC2D_Loop1
;__Lib_System.c,23 :: 		
0x0286	0x22      	RET
; end of ___CC2D
_Keypad_Init:
;__Lib_Keypad4x4.c,40 :: 		
;__Lib_Keypad4x4.c,41 :: 		
0x0287	0x7580FF  	MOV keypadPort, #255
;__Lib_Keypad4x4.c,42 :: 		
0x028A	0x22      	RET
; end of _Keypad_Init
_LCD_Out:
;__Lib_Lcd.c,176 :: 		
;__Lib_Lcd.c,179 :: 		
0x028B	0x8019    	SJMP L_LCD_Out15
;__Lib_Lcd.c,180 :: 		
L_LCD_Out17:
0x028D	0x751180  	MOV FARG_LCD_Out_row, #128
0x0290	0x802E    	SJMP L_LCD_Out16
;__Lib_Lcd.c,181 :: 		
L_LCD_Out18:
0x0292	0x7511C0  	MOV FARG_LCD_Out_row, #192
0x0295	0x8029    	SJMP L_LCD_Out16
;__Lib_Lcd.c,182 :: 		
L_LCD_Out19:
0x0297	0x751194  	MOV FARG_LCD_Out_row, #148
0x029A	0x8024    	SJMP L_LCD_Out16
;__Lib_Lcd.c,183 :: 		
L_LCD_Out20:
0x029C	0x7511D4  	MOV FARG_LCD_Out_row, #212
0x029F	0x801F    	SJMP L_LCD_Out16
;__Lib_Lcd.c,184 :: 		
L_LCD_Out21:
0x02A1	0x751180  	MOV FARG_LCD_Out_row, #128
;__Lib_Lcd.c,185 :: 		
0x02A4	0x801A    	SJMP L_LCD_Out16
L_LCD_Out15:
0x02A6	0xE511    	MOV A, FARG_LCD_Out_row
0x02A8	0x6401    	XRL A, #1
0x02AA	0x60E1    	JZ L_LCD_Out17
0x02AC	0xE511    	MOV A, FARG_LCD_Out_row
0x02AE	0x6402    	XRL A, #2
0x02B0	0x60E0    	JZ L_LCD_Out18
0x02B2	0xE511    	MOV A, FARG_LCD_Out_row
0x02B4	0x6403    	XRL A, #3
0x02B6	0x60DF    	JZ L_LCD_Out19
0x02B8	0xE511    	MOV A, FARG_LCD_Out_row
0x02BA	0x6404    	XRL A, #4
0x02BC	0x60DE    	JZ L_LCD_Out20
0x02BE	0x80E1    	SJMP L_LCD_Out21
L_LCD_Out16:
;__Lib_Lcd.c,186 :: 		
0x02C0	0xC3      	CLR C
0x02C1	0xE512    	MOV A, FARG_LCD_Out_column
0x02C3	0x9401    	SUBB A, #1
0x02C5	0xF8      	MOV R0, A
0x02C6	0xE511    	MOV A, FARG_LCD_Out_row
0x02C8	0x28      	ADD A, R0
0x02C9	0xF8      	MOV R0, A
0x02CA	0x850011  	MOV FARG_LCD_Out_row, 0
;__Lib_Lcd.c,188 :: 		
0x02CD	0x85001B  	MOV FARG_Lcd_Cmd_out_char, 0
0x02D0	0x1140    	ACALL _Lcd_Cmd
;__Lib_Lcd.c,189 :: 		
0x02D2	0x751000  	MOV _cmd_status, #0
;__Lib_Lcd.c,190 :: 		
0x02D5	0x751400  	MOV LCD_Out_i_L0, #0
;__Lib_Lcd.c,191 :: 		
L_LCD_Out22:
0x02D8	0xE513    	MOV A, FARG_LCD_Out_text
0x02DA	0x2514    	ADD A, LCD_Out_i_L0
0x02DC	0xF8      	MOV R0, A
0x02DD	0xE6      	MOV A, @R0
0x02DE	0x600D    	JZ L_LCD_Out23
;__Lib_Lcd.c,192 :: 		
0x02E0	0xE513    	MOV A, FARG_LCD_Out_text
0x02E2	0x2514    	ADD A, LCD_Out_i_L0
0x02E4	0xF8      	MOV R0, A
0x02E5	0x8616    	MOV FARG_Lcd_Chr_CP_out_char, @R0
0x02E7	0x3175    	ACALL _Lcd_Chr_CP
0x02E9	0x0514    	INC LCD_Out_i_L0
0x02EB	0x80EB    	SJMP L_LCD_Out22
L_LCD_Out23:
;__Lib_Lcd.c,193 :: 		
0x02ED	0x751001  	MOV _cmd_status, #1
;__Lib_Lcd.c,194 :: 		
0x02F0	0x22      	RET
; end of _LCD_Out
_WordToStr:
;__Lib_Conversions.c,84 :: 		
;__Lib_Conversions.c,89 :: 		
0x02F1	0x751400  	MOV WordToStr_len_L0, #0
L_WordToStr6:
0x02F4	0xC3      	CLR C
0x02F5	0xE514    	MOV A, WordToStr_len_L0
0x02F7	0x9405    	SUBB A, #5
0x02F9	0x500B    	JNC L_WordToStr7
;__Lib_Conversions.c,90 :: 		
0x02FB	0xE513    	MOV A, FARG_WordToStr_output
0x02FD	0x2514    	ADD A, WordToStr_len_L0
0x02FF	0xF8      	MOV R0, A
0x0300	0x7620    	MOV @R0, #32
;__Lib_Conversions.c,89 :: 		
0x0302	0x0514    	INC WordToStr_len_L0
;__Lib_Conversions.c,90 :: 		
0x0304	0x80EE    	SJMP L_WordToStr6
L_WordToStr7:
;__Lib_Conversions.c,91 :: 		
0x0306	0xE513    	MOV A, FARG_WordToStr_output
0x0308	0x2514    	ADD A, WordToStr_len_L0
0x030A	0xF8      	MOV R0, A
0x030B	0x7600    	MOV @R0, #0
0x030D	0x1514    	DEC WordToStr_len_L0
;__Lib_Conversions.c,93 :: 		
L_WordToStr9:
;__Lib_Conversions.c,94 :: 		
0x030F	0xE513    	MOV A, FARG_WordToStr_output
0x0311	0x2514    	ADD A, WordToStr_len_L0
0x0313	0xF8      	MOV R0, A
0x0314	0x850015  	MOV FLOC__WordToStr, 0
0x0317	0x7C0A    	MOV R4, #10
0x0319	0x7D00    	MOV R5, #0
0x031B	0xA811    	MOV R0, FARG_WordToStr_input
0x031D	0xA912    	MOV R1, FARG_WordToStr_input+1
0x031F	0x311B    	ACALL _Div_16x16_U
0x0321	0xA804    	MOV R0, R4
0x0323	0xA905    	MOV R1, R5
0x0325	0x7430    	MOV A, #48
0x0327	0x28      	ADD A, R0
0x0328	0xF9      	MOV R1, A
0x0329	0xA815    	MOV R0, FLOC__WordToStr
0x032B	0xA601    	MOV @R0, R1
;__Lib_Conversions.c,95 :: 		
0x032D	0x7C0A    	MOV R4, #10
0x032F	0x7D00    	MOV R5, #0
0x0331	0xA811    	MOV R0, FARG_WordToStr_input
0x0333	0xA912    	MOV R1, FARG_WordToStr_input+1
0x0335	0x311B    	ACALL _Div_16x16_U
0x0337	0x850011  	MOV FARG_WordToStr_input, 0
0x033A	0x850112  	MOV FARG_WordToStr_input+1, 1
;__Lib_Conversions.c,96 :: 		
0x033D	0xE8      	MOV A, R0
0x033E	0x49      	ORL A, R1
0x033F	0x7002    	JNZ L_WordToStr11
;__Lib_Conversions.c,97 :: 		
0x0341	0x8004    	SJMP L_WordToStr10
L_WordToStr11:
;__Lib_Conversions.c,98 :: 		
0x0343	0x1514    	DEC WordToStr_len_L0
;__Lib_Conversions.c,99 :: 		
0x0345	0x80C8    	SJMP L_WordToStr9
L_WordToStr10:
;__Lib_Conversions.c,100 :: 		
0x0347	0x22      	RET
; end of _WordToStr
_Lcd_Chr:
;__Lib_Lcd.c,57 :: 		
;__Lib_Lcd.c,58 :: 		
0x0348	0x8019    	SJMP L_Lcd_Chr8
;__Lib_Lcd.c,59 :: 		
L_Lcd_Chr10:
0x034A	0x751180  	MOV FARG_Lcd_Chr_row, #128
0x034D	0x802E    	SJMP L_Lcd_Chr9
;__Lib_Lcd.c,60 :: 		
L_Lcd_Chr11:
0x034F	0x7511C0  	MOV FARG_Lcd_Chr_row, #192
0x0352	0x8029    	SJMP L_Lcd_Chr9
;__Lib_Lcd.c,61 :: 		
L_Lcd_Chr12:
0x0354	0x751194  	MOV FARG_Lcd_Chr_row, #148
0x0357	0x8024    	SJMP L_Lcd_Chr9
;__Lib_Lcd.c,62 :: 		
L_Lcd_Chr13:
0x0359	0x7511D4  	MOV FARG_Lcd_Chr_row, #212
0x035C	0x801F    	SJMP L_Lcd_Chr9
;__Lib_Lcd.c,63 :: 		
L_Lcd_Chr14:
0x035E	0x751180  	MOV FARG_Lcd_Chr_row, #128
;__Lib_Lcd.c,64 :: 		
0x0361	0x801A    	SJMP L_Lcd_Chr9
L_Lcd_Chr8:
0x0363	0xE511    	MOV A, FARG_Lcd_Chr_row
0x0365	0x6401    	XRL A, #1
0x0367	0x60E1    	JZ L_Lcd_Chr10
0x0369	0xE511    	MOV A, FARG_Lcd_Chr_row
0x036B	0x6402    	XRL A, #2
0x036D	0x60E0    	JZ L_Lcd_Chr11
0x036F	0xE511    	MOV A, FARG_Lcd_Chr_row
0x0371	0x6403    	XRL A, #3
0x0373	0x60DF    	JZ L_Lcd_Chr12
0x0375	0xE511    	MOV A, FARG_Lcd_Chr_row
0x0377	0x6404    	XRL A, #4
0x0379	0x60DE    	JZ L_Lcd_Chr13
0x037B	0x80E1    	SJMP L_Lcd_Chr14
L_Lcd_Chr9:
;__Lib_Lcd.c,66 :: 		
0x037D	0xC3      	CLR C
0x037E	0xE512    	MOV A, FARG_Lcd_Chr_column
0x0380	0x9401    	SUBB A, #1
0x0382	0xF8      	MOV R0, A
0x0383	0xE511    	MOV A, FARG_Lcd_Chr_row
0x0385	0x28      	ADD A, R0
0x0386	0xF8      	MOV R0, A
0x0387	0x850011  	MOV FARG_Lcd_Chr_row, 0
;__Lib_Lcd.c,68 :: 		
0x038A	0x751001  	MOV _cmd_status, #1
;__Lib_Lcd.c,69 :: 		
0x038D	0x85001B  	MOV FARG_Lcd_Cmd_out_char, 0
0x0390	0x1140    	ACALL _Lcd_Cmd
;__Lib_Lcd.c,71 :: 		
0x0392	0x751000  	MOV _cmd_status, #0
;__Lib_Lcd.c,72 :: 		
0x0395	0x85131B  	MOV FARG_Lcd_Cmd_out_char, FARG_Lcd_Chr_out_char+0
0x0398	0x1140    	ACALL _Lcd_Cmd
;__Lib_Lcd.c,73 :: 		
0x039A	0x751001  	MOV _cmd_status, #1
;__Lib_Lcd.c,74 :: 		
0x039D	0x22      	RET
; end of _Lcd_Chr
_Keypad_Key_Click:
;__Lib_Keypad4x4.c,81 :: 		
;__Lib_Keypad4x4.c,85 :: 		
0x039E	0x3181    	ACALL _Keypad_Key_Press
0x03A0	0x850011  	MOV Keypad_Key_Click_rslt_L0, 0
;__Lib_Keypad4x4.c,87 :: 		
L_Keypad_Key_Click5:
0x03A3	0xE580    	MOV A, keypadPort
0x03A5	0x540F    	ANL A, #15
0x03A7	0xF9      	MOV R1, A
0x03A8	0x640F    	XRL A, #15
0x03AA	0x6004    	JZ L_Keypad_Key_Click6
;__Lib_Keypad4x4.c,88 :: 		
0x03AC	0x3170    	ACALL _Delay_10us
0x03AE	0x80F3    	SJMP L_Keypad_Key_Click5
L_Keypad_Key_Click6:
;__Lib_Keypad4x4.c,90 :: 		
0x03B0	0xA811    	MOV R0, Keypad_Key_Click_rslt_L0
;__Lib_Keypad4x4.c,91 :: 		
0x03B2	0x22      	RET
; end of _Keypad_Key_Click
_main:
0x03B3	0x758180  	MOV SP, #128
0x03B6	0x120507  	LCALL 1287
;calculadora.c,18 :: 		void main() {
;calculadora.c,19 :: 		cnt = 0;                                 // Reset counter
0x03B9	0x750900  	MOV _cnt, #0
;calculadora.c,20 :: 		Keypad_Init();                           // Initialize Keypad
0x03BC	0x5187    	ACALL _Keypad_Init
;calculadora.c,21 :: 		Lcd_Init();                              // Initialize Lcd
0x03BE	0x31E7    	ACALL _Lcd_Init
;calculadora.c,22 :: 		Lcd_Cmd(_LCD_CLEAR);                     // Clear display
0x03C0	0x751B01  	MOV FARG_Lcd_Cmd_out_char, #1
0x03C3	0x1140    	ACALL _Lcd_Cmd
;calculadora.c,23 :: 		Lcd_Cmd(_LCD_CURSOR_OFF);                // Cursor off
0x03C5	0x751B0C  	MOV FARG_Lcd_Cmd_out_char, #12
0x03C8	0x1140    	ACALL _Lcd_Cmd
;calculadora.c,25 :: 		Lcd_Out(1, 1, "Key  :");                 // Write message text on Lcd
0x03CA	0x751101  	MOV FARG_LCD_Out_row, #1
0x03CD	0x751201  	MOV FARG_LCD_Out_column, #1
0x03D0	0x75133C  	MOV FARG_LCD_Out_text, lo_addr(?lstr1_calculadora)
0x03D3	0x518B    	ACALL _LCD_Out
;calculadora.c,26 :: 		Lcd_Out(2, 1, "Times:");
0x03D5	0x751102  	MOV FARG_LCD_Out_row, #2
0x03D8	0x751201  	MOV FARG_LCD_Out_column, #1
0x03DB	0x751335  	MOV FARG_LCD_Out_text, lo_addr(?lstr2_calculadora)
0x03DE	0x518B    	ACALL _LCD_Out
;calculadora.c,28 :: 		do {
L_main0:
;calculadora.c,29 :: 		kp = 0;                                // Reset key code variable
0x03E0	0x750800  	MOV _kp, #0
;calculadora.c,32 :: 		do
L_main3:
;calculadora.c,34 :: 		kp = Keypad_Key_Click();             // Store key code in kp variable
0x03E3	0x719E    	ACALL _Keypad_Key_Click
0x03E5	0x850008  	MOV _kp, 0
;calculadora.c,35 :: 		while (!kp);
0x03E8	0xE8      	MOV A, R0
0x03E9	0x60F8    	JZ L_main3
;calculadora.c,37 :: 		switch (kp) {
0x03EB	0x8050    	SJMP L_main6
;calculadora.c,43 :: 		case  1: kp = 49; break; // 1        // Uncomment this block for keypad4x4
L_main8:
0x03ED	0x750831  	MOV _kp, #49
0x03F0	0x81AB    	AJMP L_main7
;calculadora.c,44 :: 		case  2: kp = 50; break; // 2
L_main9:
0x03F2	0x750832  	MOV _kp, #50
0x03F5	0x81AB    	AJMP L_main7
;calculadora.c,45 :: 		case  3: kp = 51; break; // 3
L_main10:
0x03F7	0x750833  	MOV _kp, #51
0x03FA	0x81AB    	AJMP L_main7
;calculadora.c,46 :: 		case  4: kp = 65; break; // A
L_main11:
0x03FC	0x750841  	MOV _kp, #65
0x03FF	0x81AB    	AJMP L_main7
;calculadora.c,47 :: 		case  5: kp = 52; break; // 4
L_main12:
0x0401	0x750834  	MOV _kp, #52
0x0404	0x81AB    	AJMP L_main7
;calculadora.c,48 :: 		case  6: kp = 53; break; // 5
L_main13:
0x0406	0x750835  	MOV _kp, #53
0x0409	0x81AB    	AJMP L_main7
;calculadora.c,49 :: 		case  7: kp = 54; break; // 6
L_main14:
0x040B	0x750836  	MOV _kp, #54
0x040E	0x81AB    	AJMP L_main7
;calculadora.c,50 :: 		case  8: kp = 66; break; // B
L_main15:
0x0410	0x750842  	MOV _kp, #66
0x0413	0x81AB    	AJMP L_main7
;calculadora.c,51 :: 		case  9: kp = 55; break; // 7
L_main16:
0x0415	0x750837  	MOV _kp, #55
0x0418	0x81AB    	AJMP L_main7
;calculadora.c,52 :: 		case 10: kp = 56; break; // 8
L_main17:
0x041A	0x750838  	MOV _kp, #56
0x041D	0x81AB    	AJMP L_main7
;calculadora.c,53 :: 		case 11: kp = 57; break; // 9
L_main18:
0x041F	0x750839  	MOV _kp, #57
0x0422	0x81AB    	AJMP L_main7
;calculadora.c,54 :: 		case 12: kp = 67; break; // C
L_main19:
0x0424	0x750843  	MOV _kp, #67
0x0427	0x81AB    	AJMP L_main7
;calculadora.c,55 :: 		case 13: kp = 42; break; // *
L_main20:
0x0429	0x75082A  	MOV _kp, #42
0x042C	0x81AB    	AJMP L_main7
;calculadora.c,56 :: 		case 14: kp = 48; break; // 0
L_main21:
0x042E	0x750830  	MOV _kp, #48
0x0431	0x81AB    	AJMP L_main7
;calculadora.c,57 :: 		case 15: kp = 35; break; // #
L_main22:
0x0433	0x750823  	MOV _kp, #35
0x0436	0x81AB    	AJMP L_main7
;calculadora.c,58 :: 		case 16: kp = 68; break; // D
L_main23:
0x0438	0x750844  	MOV _kp, #68
0x043B	0x81AB    	AJMP L_main7
;calculadora.c,60 :: 		}
L_main6:
0x043D	0xE508    	MOV A, _kp
0x043F	0x6401    	XRL A, #1
0x0441	0x60AA    	JZ L_main8
0x0443	0xE508    	MOV A, _kp
0x0445	0x6402    	XRL A, #2
0x0447	0x60A9    	JZ L_main9
0x0449	0xE508    	MOV A, _kp
0x044B	0x6403    	XRL A, #3
0x044D	0x60A8    	JZ L_main10
0x044F	0xE508    	MOV A, _kp
0x0451	0x6404    	XRL A, #4
0x0453	0x60A7    	JZ L_main11
0x0455	0xE508    	MOV A, _kp
0x0457	0x6405    	XRL A, #5
0x0459	0x60A6    	JZ L_main12
0x045B	0xE508    	MOV A, _kp
0x045D	0x6406    	XRL A, #6
0x045F	0x60A5    	JZ L_main13
0x0461	0xE508    	MOV A, _kp
0x0463	0x6407    	XRL A, #7
0x0465	0x60A4    	JZ L_main14
0x0467	0xE508    	MOV A, _kp
0x0469	0x6408    	XRL A, #8
0x046B	0x60A3    	JZ L_main15
0x046D	0xE508    	MOV A, _kp
0x046F	0x6409    	XRL A, #9
0x0471	0x60A2    	JZ L_main16
0x0473	0xE508    	MOV A, _kp
0x0475	0x640A    	XRL A, #10
0x0477	0x7002    	JNZ #2
0x0479	0x811A    	AJMP L_main17
0x047B	0xE508    	MOV A, _kp
0x047D	0x640B    	XRL A, #11
0x047F	0x7002    	JNZ #2
0x0481	0x811F    	AJMP L_main18
0x0483	0xE508    	MOV A, _kp
0x0485	0x640C    	XRL A, #12
0x0487	0x7002    	JNZ #2
0x0489	0x8124    	AJMP L_main19
0x048B	0xE508    	MOV A, _kp
0x048D	0x640D    	XRL A, #13
0x048F	0x7002    	JNZ #2
0x0491	0x8129    	AJMP L_main20
0x0493	0xE508    	MOV A, _kp
0x0495	0x640E    	XRL A, #14
0x0497	0x7002    	JNZ #2
0x0499	0x812E    	AJMP L_main21
0x049B	0xE508    	MOV A, _kp
0x049D	0x640F    	XRL A, #15
0x049F	0x7002    	JNZ #2
0x04A1	0x8133    	AJMP L_main22
0x04A3	0xE508    	MOV A, _kp
0x04A5	0x6410    	XRL A, #16
0x04A7	0x7002    	JNZ #2
0x04A9	0x8138    	AJMP L_main23
L_main7:
;calculadora.c,62 :: 		if (kp != oldstate) {                  // Pressed key differs from previous
0x04AB	0xE508    	MOV A, _kp
0x04AD	0x6530    	XRL A, _oldstate
0x04AF	0x6008    	JZ L_main24
;calculadora.c,63 :: 		cnt = 1;
0x04B1	0x750901  	MOV _cnt, #1
;calculadora.c,64 :: 		oldstate = kp;
0x04B4	0x850830  	MOV _oldstate, _kp+0
;calculadora.c,65 :: 		}
0x04B7	0x8002    	SJMP L_main25
L_main24:
;calculadora.c,67 :: 		cnt++;
0x04B9	0x0509    	INC _cnt
;calculadora.c,68 :: 		}
L_main25:
;calculadora.c,70 :: 		Lcd_Chr(1, 10, kp);                    // Print key ASCII value on Lcd
0x04BB	0x751101  	MOV FARG_Lcd_Chr_row, #1
0x04BE	0x75120A  	MOV FARG_Lcd_Chr_column, #10
0x04C1	0x850813  	MOV FARG_Lcd_Chr_out_char, _kp+0
0x04C4	0x7148    	ACALL _Lcd_Chr
;calculadora.c,72 :: 		if (cnt == 255) {                      // If counter varialble overflow
0x04C6	0xE509    	MOV A, _cnt
0x04C8	0x64FF    	XRL A, #255
0x04CA	0x700E    	JNZ L_main26
;calculadora.c,73 :: 		cnt = 0;
0x04CC	0x750900  	MOV _cnt, #0
;calculadora.c,74 :: 		Lcd_Out(2, 10, "   ");
0x04CF	0x751102  	MOV FARG_LCD_Out_row, #2
0x04D2	0x75120A  	MOV FARG_LCD_Out_column, #10
0x04D5	0x751331  	MOV FARG_LCD_Out_text, lo_addr(?lstr3_calculadora)
0x04D8	0x518B    	ACALL _LCD_Out
;calculadora.c,75 :: 		}
L_main26:
;calculadora.c,77 :: 		WordToStr(cnt, txt);                   // Transform counter value to string
0x04DA	0x850911  	MOV FARG_WordToStr_input, _cnt+0
0x04DD	0xE4      	CLR A
0x04DE	0xF512    	MOV FARG_WordToStr_input+1, A
0x04E0	0x75130A  	MOV FARG_WordToStr_output, lo_addr(_txt)
0x04E3	0x51F1    	ACALL _WordToStr
;calculadora.c,78 :: 		Lcd_Out(2, 10, txt);                   // Display counter value on Lcd
0x04E5	0x751102  	MOV FARG_LCD_Out_row, #2
0x04E8	0x75120A  	MOV FARG_LCD_Out_column, #10
0x04EB	0x75130A  	MOV FARG_LCD_Out_text, lo_addr(_txt)
0x04EE	0x518B    	ACALL _LCD_Out
;calculadora.c,79 :: 		} while (1);
0x04F0	0x61E0    	AJMP L_main0
;calculadora.c,80 :: 		}
0x04F2	0x80FE    	SJMP #254
; end of _main
0x0507	0x7830    	MOV R0, 48
0x0509	0x7913    	MOV R1, 19
0x050B	0x7582F4  	MOV DP0L, 244
0x050E	0x758304  	MOV DP0H, 4
0x0511	0x12027F  	LCALL 639
0x0514	0x22      	RET
;calculadora.c,0 :: ?ICS_oldstate
0x04F4	0x00 ;?ICS_oldstate+0
; end of ?ICS_oldstate
;calculadora.c,0 :: ?ICS?lstr3_calculadora
0x04F5	0x202020 ;?ICS?lstr3_calculadora+0
0x04F8	0x00 ;?ICS?lstr3_calculadora+3
; end of ?ICS?lstr3_calculadora
;calculadora.c,0 :: ?ICS?lstr2_calculadora
0x04F9	0x54696D ;?ICS?lstr2_calculadora+0
0x04FC	0x65733A ;?ICS?lstr2_calculadora+3
0x04FF	0x00 ;?ICS?lstr2_calculadora+6
; end of ?ICS?lstr2_calculadora
;calculadora.c,0 :: ?ICS?lstr1_calculadora
0x0500	0x4B6579 ;?ICS?lstr1_calculadora+0
0x0503	0x20203A ;?ICS?lstr1_calculadora+3
0x0506	0x00 ;?ICS?lstr1_calculadora+6
; end of ?ICS?lstr1_calculadora
Symbol List:
//** Routines locations **
//ADDRESS    SIZE    PROCEDURE
//----------------------------------------------
0x002E       [5]    _Delay_50us
0x0033      [10]    _Delay_5500us
0x003D       [3]    _Delay_1us
0x0040     [219]    _Lcd_Cmd
0x011B      [85]    _Div_16x16_U
0x0170       [5]    _Delay_10us
0x0175      [12]    _Lcd_Chr_CP
0x0181     [102]    _Keypad_Key_Press
0x01E7     [152]    _Lcd_Init
0x027F       [8]    ___CC2D
0x0287       [4]    _Keypad_Init
0x028B     [102]    _LCD_Out
0x02F1      [87]    _WordToStr
0x0348      [86]    _Lcd_Chr
0x039E      [21]    _Keypad_Key_Click
0x03B3     [321]    _main
//** Variables locations ** 
//ADDRESS    SIZE    VARIABLE
//----------------------------------------------
0x0000       [1]    R0
0x0001       [1]    R1
0x0002       [1]    R2
0x0003       [1]    R3
0x0004       [1]    R4
0x0005       [1]    R5
0x0006       [1]    R6
0x0007       [1]    R7
0x0008       [1]    _kp
0x0009       [1]    _cnt
0x000A       [6]    _txt
0x0010       [1]    _cmd_status
0x0011       [2]    FARG_WordToStr_input
0x0011       [1]    FARG_LCD_Out_row
0x0011       [1]    Keypad_Key_Click_rslt_L0
0x0011       [1]    FARG_Lcd_Chr_row
0x0012       [1]    FARG_LCD_Out_column
0x0012       [1]    FARG_Lcd_Chr_column
0x0013       [1]    FARG_WordToStr_output
0x0013       [1]    FARG_Lcd_Chr_out_char
0x0013       [1]    FARG_LCD_Out_text
0x0014       [1]    WordToStr_len_L0
0x0014       [1]    LCD_Out_i_L0
0x0015       [1]    FLOC__WordToStr
0x0016       [1]    Keypad_Key_Press_rslt_L0
0x0016       [1]    FARG_Lcd_Chr_CP_out_char
0x0017       [1]    Keypad_Key_Press_kdata_L0
0x0018       [1]    Keypad_Key_Press_loc_L0
0x0019       [1]    Keypad_Key_Press_rowcnt_L0
0x001A       [1]    Keypad_Key_Press_shifter_L0
0x001B       [1]    FARG_Lcd_Cmd_out_char
0x0030       [1]    _oldstate
0x0031       [4]    ?lstr3_calculadora
0x0035       [7]    ?lstr2_calculadora
0x003C       [7]    ?lstr1_calculadora
0x0080       [1]    keypadPort
0x0080       [1]    P0
0x0081       [1]    SP
0x0082       [1]    DPL
0x0083       [1]    DPH
0x00A0       [0]    LCD_D7
0x00A0       [0]    P2_3_bit
0x00A0       [0]    P2_4_bit
0x00A0       [0]    P2_5_bit
0x00A0       [0]    LCD_RS
0x00A0       [0]    P2_0_bit
0x00A0       [0]    P2_1_bit
0x00A0       [0]    LCD_D5
0x00A0       [0]    LCD_D6
0x00A0       [0]    P2_2_bit
0x00A0       [0]    LCD_EN
0x00A0       [0]    LCD_D4
0x00D0       [1]    PSW
0x00D0       [0]    OV_bit
0x00E0       [1]    ACC
0x00F0       [1]    B
//** Constants locations ** 
//ADDRESS    SIZE    CONSTANT
//----------------------------------------------
0x04F4       [1]    ?ICS_oldstate
0x04F5       [4]    ?ICS?lstr3_calculadora
0x04F9       [7]    ?ICS?lstr2_calculadora
0x0500       [7]    ?ICS?lstr1_calculadora
//** Label List: ** 
//----------------------------------------------
  L_main0
  L_main1
  L_main2
  L_main3
  L_main4
  L_main5
  L_main6
  L_main7
  L_main8
  L_main9
  L_main10
  L_main11
  L_main12
  L_main13
  L_main14
  L_main15
  L_main16
  L_main17
  L_main18
  L_main19
  L_main20
  L_main21
  L_main22
  L_main23
  L_main24
  L_main25
  L_main26
  _main
  L_ByteToStr0
  L_ByteToStr1
  L_ByteToStr2
  L_ByteToStr3
  L_ByteToStr4
  L_ByteToStr5
  L_WordToStr6
  L_WordToStr7
  L_WordToStr8
  L_WordToStr9
  L_WordToStr10
  L_WordToStr11
  L_WordToStrWithZeros12
  L_WordToStrWithZeros13
  L_WordToStrWithZeros14
  L_WordToStrWithZeros15
  L_WordToStrWithZeros16
  L_ShortToStr17
  L_ShortToStr18
  L_ShortToStr19
  L_ShortToStr20
  L_ShortToStr21
  L_ShortToStr22
  L_IntToStr23
  L_IntToStr24
  L_IntToStr25
  L_IntToStr26
  L_IntToStr27
  L_IntToStr28
  L_IntToStrWithZeros29
  L_IntToStrWithZeros30
  L_IntToStrWithZeros31
  L_IntToStrWithZeros32
  L_IntToStrWithZeros33
  L_IntToStrWithZeros34
  L_IntToStrWithZeros35
  L_IntToStrWithZeros36
  L_IntToStrWithZeros37
  L_LongWordToStr38
  L_LongWordToStr39
  L_LongWordToStr40
  L_LongWordToStr41
  L_LongWordToStr42
  L_LongWordToStr43
  L_LongWordToStrWithZeros44
  L_LongWordToStrWithZeros45
  L_LongWordToStrWithZeros46
  L_LongWordToStrWithZeros47
  L_LongWordToStrWithZeros48
  L_LongToStr49
  L_LongToStr50
  L_LongToStr51
  L_LongToStr52
  L_LongToStr53
  L_LongToStr54
  L_LongIntToStrWithZeros55
  L_LongIntToStrWithZeros56
  L_LongIntToStrWithZeros57
  L_LongIntToStrWithZeros58
  L_LongIntToStrWithZeros59
  L_LongIntToStrWithZeros60
  L_LongIntToStrWithZeros61
  L_LongIntToStrWithZeros62
  L_LongIntToStrWithZeros63
  L_Dec2Bcd64
  L_Dec2Bcd65
  L_Rtrim66
  L_Rtrim67
  L_Rtrim68
  L_Rtrim69
  L_Ltrim70
  L_Ltrim71
  L_Ltrim72
  L_Ltrim73
  L_Ltrim74
  L_Ltrim75
  L_FloatToStr76
  L_FloatToStr77
  L_FloatToStr78
  L_FloatToStr79
  L_FloatToStr80
  L_FloatToStr81
  L_FloatToStr82
  L_FloatToStr83
  L_FloatToStr84
  L_FloatToStr85
  L_FloatToStr86
  L_FloatToStr87
  L_FloatToStr88
  L_FloatToStr89
  L_FloatToStr90
  L_FloatToStr91
  L_FloatToStr92
  L_FloatToStr93
  L_FloatToStr94
  L_FloatToStr95
  L_FloatToStr96
  L_FloatToStr97
  L__Rtrim98
  L__Ltrim99
  L__FloatToStr100
  _ByteToHex
  L__ByteToHex101
  L__ByteToHex102
  _ShortToHex
  L__ShortToHex103
  L__ShortToHex104
  _WordToHex
  L__WordToHex105
  L__WordToHex106
  L__WordToHex107
  L__WordToHex108
  _IntToHex
  L__IntToHex109
  L__IntToHex110
  L__IntToHex111
  L__IntToHex112
  _LongWordToHex
  L__LongWordToHex113
  L__LongWordToHex114
  L__LongWordToHex115
  L__LongWordToHex116
  L__LongWordToHex117
  L__LongWordToHex118
  L__LongWordToHex119
  L__LongWordToHex120
  _LongIntToHex
  L__LongIntToHex121
  L__LongIntToHex122
  L__LongIntToHex123
  L__LongIntToHex124
  L__LongIntToHex125
  L__LongIntToHex126
  L__LongIntToHex127
  L__LongIntToHex128
  _ByteToStr
  _WordToStr
  _WordToStrWithZeros
  _ShortToStr
  _IntToStr
  _IntToStrWithZeros
  _LongWordToStr
  _LongWordToStrWithZeros
  _LongToStr
  _LongIntToStrWithZeros
  _Dec2Bcd
  L__Dec2Bcd129
  L__Dec2Bcd130
  _Bcd2Dec
  L__Bcd2Dec131
  L__Bcd2Dec132
  _Bcd2Dec16
  L__Bcd2Dec16133
  L__Bcd2Dec16134
  L__Bcd2Dec16135
  L__Bcd2Dec16136
  _Dec2Bcd16
  L__Dec2Bcd16137
  L__Dec2Bcd16138
  L__Dec2Bcd16139
  L__Dec2Bcd16140
  _Rtrim
  _Ltrim
  _FloatToStr
  L__FloatToStr141
  L__FloatToStr142
  L__FloatToStr143
  L__FloatToStr144
  L__FloatToStr145
  L__FloatToStr146
  L_Delay_Cyc0
  L_Delay_Cyc1
  L_VDelay_ms2
  L_VDelay_ms3
  L_VDelay_ms4
  L_VDelay_ms5
  _Get_Fosc_kHz
  _Delay_1us
  _Delay_10us
  _Delay_22us
  _Delay_50us
  _Delay_80us
  _Delay_500us
  _Delay_5500us
  _Delay_8ms
  _Delay_10ms
  _Delay_100ms
  _Delay_1sec
  _Delay_Cyc
  _VDelay_ms
  L_Keypad_Key_Press0
  L_Keypad_Key_Press1
  L_Keypad_Key_Press2
  L_Keypad_Key_Press3
  L_Keypad_Key_Press4
  L_Keypad_Key_Click5
  L_Keypad_Key_Click6
  _Keypad_Init
  _Keypad_Key_Press
  L__Keypad_Key_Press7
  L__Keypad_Key_Press8
  L__Keypad_Key_Press9
  L__Keypad_Key_Press10
  _Keypad_Key_Click
  L_Lcd_Cmd0
  L_Lcd_Cmd1
  L_Lcd_Cmd2
  L_Lcd_Cmd3
  L_Lcd_Cmd4
  L_Lcd_Cmd5
  L_LCD_Out_CP6
  L_LCD_Out_CP7
  L_Lcd_Chr8
  L_Lcd_Chr9
  L_Lcd_Chr10
  L_Lcd_Chr11
  L_Lcd_Chr12
  L_Lcd_Chr13
  L_Lcd_Chr14
  L_LCD_Out15
  L_LCD_Out16
  L_LCD_Out17
  L_LCD_Out18
  L_LCD_Out19
  L_LCD_Out20
  L_LCD_Out21
  L_LCD_Out22
  L_LCD_Out23
  _Lcd_Cmd
  L__Lcd_Cmd24
  L__Lcd_Cmd25
  L__Lcd_Cmd26
  L__Lcd_Cmd27
  L__Lcd_Cmd28
  L__Lcd_Cmd29
  L__Lcd_Cmd30
  L__Lcd_Cmd31
  L__Lcd_Cmd32
  L__Lcd_Cmd33
  L__Lcd_Cmd34
  L__Lcd_Cmd35
  L__Lcd_Cmd36
  L__Lcd_Cmd37
  L__Lcd_Cmd38
  L__Lcd_Cmd39
  _Lcd_Chr_CP
  _LCD_Out_CP
  _Lcd_Chr
  _Lcd_Init
  _LCD_Out
  lab_end
  loop_lab
  lab_end1
  lab_loop1
  lab_end2
  lab_loop3
  __Div_8x8_S_Bpositive
  __Div_8x8_S_Apositive
  __Div_8x8_S_Skip_Div
  __Div_8x8_S_div_ret
  __op2hi_not_zero
  __op1hi_not_zero
  __Div_16x16_U_Loop1
  __Div_16x16_U_Lab1
  __Div_16x16_U_div_ret
  __Div_16x16_U_Loop2
  __Div_16x16_U_Lab2
  __Div_16x16_U_Lab3
  __Div_16x16_S_op2hipositive
  __Div_16x16_S_op1hipositive
  __Div_16x16_S_Skip_Udiv
  __Div_16x16_S_div_ret
  __Div_32x32_U_start
  __Div_32x32_U_aux
  __Div_32x32_U_l2
  __Div_32x32_U_l1
  lw_1
  lw_2
  __Div_32x32_U_l3
  lw_3
  __Div_32x32_U_l4
  __Div_32x32_U_IR_l0
  __Div_32x32_U_l5
  __Div_32x32_U_l6
  __Div_32x32_U_l8
  __Div_32x32_U_l7
  __Div_32x32_U_IR_l1
  __Div_32x32_U_l10
  __Div_32x32_U_l9
  __Div_32x32_U_IR_l2
  __Div_32x32_S_l1
  __Div_32x32_S_call_uns
  __Div_32x32_S_l2
  __Div_32x32_S_l3
  __Div_32x32_S_div_ret
  __shl_long
  __shr_longint
  __shr_longword
  _Mul_16x16
  _Mul_32x32
  _Div_8x8_S
  _Div_16x16_U
  _Div_16x16_S
  _Div_32x32_U
  _Div_32x32_S
  _CC2D_Loop1
  _CC2PD_Loop1
  _CC2XD_Loop1
  ___DoIFC
  ___CC2D
  ___CC2PD
  ___CC2XD
