;  LST file generated by mikroListExporter - v.2.0 
; Date/Time: 28/06/2014 07:09:04 a.m.
;----------------------------------------------

;Address Opcode 	ASM
0x0000	0x020036  	LJMP 54
0x0003	0x020000  	LJMP 0
0x0006	0x00      	NOP
0x0007	0x00      	NOP
0x0008	0x00      	NOP
0x0009	0x00      	NOP
0x000A	0x00      	NOP
0x000B	0x020000  	LJMP 0
0x000E	0x00      	NOP
0x000F	0x00      	NOP
0x0010	0x00      	NOP
0x0011	0x00      	NOP
0x0012	0x00      	NOP
0x0013	0x020000  	LJMP 0
0x0016	0x00      	NOP
0x0017	0x00      	NOP
0x0018	0x00      	NOP
0x0019	0x00      	NOP
0x001A	0x00      	NOP
0x001B	0x020000  	LJMP 0
0x001E	0x00      	NOP
0x001F	0x00      	NOP
0x0020	0x00      	NOP
0x0021	0x00      	NOP
0x0022	0x00      	NOP
0x0023	0x020000  	LJMP 0
0x0026	0x00      	NOP
0x0027	0x00      	NOP
0x0028	0x00      	NOP
0x0029	0x00      	NOP
0x002A	0x00      	NOP
0x002B	0x020000  	LJMP 0
___CC2D:
;__Lib_System.c,13 :: 		
;__Lib_System.c,15 :: 		
_CC2D_Loop1:
;__Lib_System.c,16 :: 		
0x002E	0xE4      	CLR A
;__Lib_System.c,17 :: 		
0x002F	0x93      	MOVC A, @A+DPTR
;__Lib_System.c,18 :: 		
0x0030	0xF6      	MOV @R0, A
;__Lib_System.c,19 :: 		
0x0031	0x08      	INC R0
;__Lib_System.c,20 :: 		
0x0032	0xA3      	INC DPTR
;__Lib_System.c,21 :: 		
0x0033	0xD9F9    	DJNZ R1, _CC2D_Loop1
;__Lib_System.c,23 :: 		
0x0035	0x22      	RET
; end of ___CC2D
_main:
0x0036	0x758180  	MOV SP, #128
;Motor Paso a paso 2.c,8 :: 		void main() {
;Motor Paso a paso 2.c,9 :: 		P0=255; //Puerto 0 como entrada
0x0039	0x7580FF  	MOV P0, #255
;Motor Paso a paso 2.c,11 :: 		motor_uno=0;
0x003C	0x750900  	MOV _motor_uno, #0
;Motor Paso a paso 2.c,12 :: 		motor_dos=0;
0x003F	0x750800  	MOV _motor_dos, #0
;Motor Paso a paso 2.c,14 :: 		while(1){
L_main0:
;Motor Paso a paso 2.c,15 :: 		switch(P0){
0x0042	0x8010    	SJMP L_main2
;Motor Paso a paso 2.c,16 :: 		case 1:
L_main4:
;Motor Paso a paso 2.c,17 :: 		i++;
0x0044	0x050A    	INC _i
;Motor Paso a paso 2.c,18 :: 		break;
0x0046	0x8024    	SJMP L_main3
;Motor Paso a paso 2.c,19 :: 		case 2:
L_main5:
;Motor Paso a paso 2.c,20 :: 		i--;
0x0048	0x150A    	DEC _i
;Motor Paso a paso 2.c,21 :: 		break;
0x004A	0x8020    	SJMP L_main3
;Motor Paso a paso 2.c,22 :: 		case 4:
L_main6:
;Motor Paso a paso 2.c,23 :: 		j++;
0x004C	0x050B    	INC _j
;Motor Paso a paso 2.c,24 :: 		break;
0x004E	0x801C    	SJMP L_main3
;Motor Paso a paso 2.c,25 :: 		case 8:
L_main7:
;Motor Paso a paso 2.c,26 :: 		j--;
0x0050	0x150B    	DEC _j
;Motor Paso a paso 2.c,27 :: 		break;
0x0052	0x8018    	SJMP L_main3
;Motor Paso a paso 2.c,28 :: 		}
L_main2:
0x0054	0xE580    	MOV A, P0
0x0056	0x6401    	XRL A, #1
0x0058	0x60EA    	JZ L_main4
0x005A	0xE580    	MOV A, P0
0x005C	0x6402    	XRL A, #2
0x005E	0x60E8    	JZ L_main5
0x0060	0xE580    	MOV A, P0
0x0062	0x6404    	XRL A, #4
0x0064	0x60E6    	JZ L_main6
0x0066	0xE580    	MOV A, P0
0x0068	0x6408    	XRL A, #8
0x006A	0x60E4    	JZ L_main7
L_main3:
;Motor Paso a paso 2.c,29 :: 		if(i==4)
0x006C	0xE50A    	MOV A, _i
0x006E	0x6404    	XRL A, #4
0x0070	0x7003    	JNZ L_main8
;Motor Paso a paso 2.c,30 :: 		i=0;
0x0072	0x750A00  	MOV _i, #0
L_main8:
;Motor Paso a paso 2.c,31 :: 		if(i==-1)
0x0075	0xE50A    	MOV A, _i
0x0077	0x64FF    	XRL A, #255
0x0079	0x7003    	JNZ L_main9
;Motor Paso a paso 2.c,32 :: 		i=3;
0x007B	0x750A03  	MOV _i, #3
L_main9:
;Motor Paso a paso 2.c,33 :: 		if(j==4)
0x007E	0xE50B    	MOV A, _j
0x0080	0x6404    	XRL A, #4
0x0082	0x7003    	JNZ L_main10
;Motor Paso a paso 2.c,34 :: 		j=0;
0x0084	0x750B00  	MOV _j, #0
L_main10:
;Motor Paso a paso 2.c,35 :: 		if(j==-1)
0x0087	0xE50B    	MOV A, _j
0x0089	0x64FF    	XRL A, #255
0x008B	0x7003    	JNZ L_main11
;Motor Paso a paso 2.c,36 :: 		j=3;
0x008D	0x750B03  	MOV _j, #3
L_main11:
;Motor Paso a paso 2.c,37 :: 		motor_uno=paso_simple[i];
0x0090	0xA80A    	MOV R0, _i
0x0092	0xE50A    	MOV A, _i
0x0094	0x33      	RLC A
0x0095	0xE4      	CLR A
0x0096	0x95E0    	SUBB A, ACC
0x0098	0xF9      	MOV R1, A
0x0099	0xE8      	MOV A, R0
0x009A	0x24F0    	ADD A, lo_addr(_paso_simple)
0x009C	0xF8      	MOV R0, A
0x009D	0xE9      	MOV A, R1
0x009E	0x3400    	ADDC A, hi_addr(_paso_simple)
0x00A0	0xF9      	MOV R1, A
0x00A1	0x850082  	MOV DP0L, 0
0x00A4	0x850183  	MOV DP0H, 1
0x00A7	0xE4      	CLR A
0x00A8	0x93      	MOVC A, @A+DPTR
0x00A9	0xFB      	MOV R3, A
0x00AA	0x850309  	MOV _motor_uno, 3
;Motor Paso a paso 2.c,38 :: 		motor_dos=paso_doble[j];
0x00AD	0xA80B    	MOV R0, _j
0x00AF	0xE50B    	MOV A, _j
0x00B1	0x33      	RLC A
0x00B2	0xE4      	CLR A
0x00B3	0x95E0    	SUBB A, ACC
0x00B5	0xF9      	MOV R1, A
0x00B6	0xE8      	MOV A, R0
0x00B7	0x24EC    	ADD A, lo_addr(_paso_doble)
0x00B9	0xF8      	MOV R0, A
0x00BA	0xE9      	MOV A, R1
0x00BB	0x3400    	ADDC A, hi_addr(_paso_doble)
0x00BD	0xF9      	MOV R1, A
0x00BE	0x850082  	MOV DP0L, 0
0x00C1	0x850183  	MOV DP0H, 1
0x00C4	0xE4      	CLR A
0x00C5	0x93      	MOVC A, @A+DPTR
0x00C6	0xFA      	MOV R2, A
0x00C7	0x850208  	MOV _motor_dos, 2
;Motor Paso a paso 2.c,39 :: 		motor_dos=(motor_dos<<4);
0x00CA	0x7904    	MOV R1, #4
0x00CC	0xEA      	MOV A, R2
0x00CD	0x09      	INC R1
0x00CE	0x8002    	SJMP L__main12
L__main13:
0x00D0	0xC3      	CLR C
0x00D1	0x33      	RLC A
L__main12:
0x00D2	0xD9FC    	DJNZ R1, L__main13
0x00D4	0xF8      	MOV R0, A
0x00D5	0x850008  	MOV _motor_dos, 0
;Motor Paso a paso 2.c,40 :: 		P2=motor_uno+motor_dos;
0x00D8	0xEB      	MOV A, R3
0x00D9	0x28      	ADD A, R0
0x00DA	0xF5A0    	MOV P2, A
;Motor Paso a paso 2.c,41 :: 		Delay_ms(200);
0x00DC	0x7D03    	MOV R5, 3
0x00DE	0x7E89    	MOV R6, 137
0x00E0	0x7F7D    	MOV R7, 125
0x00E2	0xDFFE    	DJNZ R7, PC-2
0x00E4	0xDEFC    	DJNZ R6, PC-4
0x00E6	0xDDFA    	DJNZ R5, PC-6
;Motor Paso a paso 2.c,42 :: 		}
0x00E8	0x0142    	AJMP L_main0
;Motor Paso a paso 2.c,43 :: 		}
0x00EA	0x80FE    	SJMP #254
; end of _main
;Motor Paso a paso 2.c,2 :: _paso_doble
0x00EC	0x03060C ;_paso_doble+0
0x00EF	0x09 ;_paso_doble+3
; end of _paso_doble
;Motor Paso a paso 2.c,1 :: _paso_simple
0x00F0	0x010204 ;_paso_simple+0
0x00F3	0x08 ;_paso_simple+3
; end of _paso_simple
Symbol List:
//** Routines locations **
//ADDRESS    SIZE    PROCEDURE
//----------------------------------------------
0x002E       [8]    ___CC2D
0x0036     [182]    _main
//** Variables locations ** 
//ADDRESS    SIZE    VARIABLE
//----------------------------------------------
0x0000       [1]    R0
0x0001       [1]    R1
0x0002       [1]    R2
0x0003       [1]    R3
0x0004       [1]    R4
0x0005       [1]    R5
0x0006       [1]    R6
0x0007       [1]    R7
0x0008       [1]    _motor_dos
0x0009       [1]    _motor_uno
0x000A       [1]    _i
0x000B       [1]    _j
0x0080       [1]    P0
0x0081       [1]    SP
0x0082       [1]    DPL
0x0083       [1]    DPH
0x00A0       [1]    P2
0x00D0       [1]    PSW
0x00E0       [1]    ACC
0x00F0       [1]    B
//** Constants locations ** 
//ADDRESS    SIZE    CONSTANT
//----------------------------------------------
0x00EC       [4]    _paso_doble
0x00F0       [4]    _paso_simple
//** Label List: ** 
//----------------------------------------------
  L_main0
  L_main1
  L_main2
  L_main3
  L_main4
  L_main5
  L_main6
  L_main7
  L_main8
  L_main9
  L_main10
  L_main11
  _main
  L__main12
  L__main13
  _CC2D_Loop1
  _CC2PD_Loop1
  _CC2XD_Loop1
  ___DoIFC
  ___CC2D
  ___CC2PD
  ___CC2XD
