;  LST file generated by mikroListExporter - v.2.0 
; Date/Time: 7/9/2014 01:04:57 p.m.
;----------------------------------------------

;Address Opcode 	ASM
0x0000	0x0203D9  	LJMP 985
0x0003	0x020000  	LJMP 0
0x0006	0x00      	NOP
0x0007	0x00      	NOP
0x0008	0x00      	NOP
0x0009	0x00      	NOP
0x000A	0x00      	NOP
0x000B	0x020000  	LJMP 0
0x000E	0x00      	NOP
0x000F	0x00      	NOP
0x0010	0x00      	NOP
0x0011	0x00      	NOP
0x0012	0x00      	NOP
0x0013	0x020000  	LJMP 0
0x0016	0x00      	NOP
0x0017	0x00      	NOP
0x0018	0x00      	NOP
0x0019	0x00      	NOP
0x001A	0x00      	NOP
0x001B	0x02039E  	LJMP 926
0x001E	0x00      	NOP
0x001F	0x00      	NOP
0x0020	0x00      	NOP
0x0021	0x00      	NOP
0x0022	0x00      	NOP
0x0023	0x020000  	LJMP 0
0x0026	0x00      	NOP
0x0027	0x00      	NOP
0x0028	0x00      	NOP
0x0029	0x00      	NOP
0x002A	0x00      	NOP
0x002B	0x020000  	LJMP 0
_Delay_1us:
;__Lib_Delays.c,63 :: 		void Delay_1us() {
;__Lib_Delays.c,64 :: 		Delay_us(1);
0x002E	0x00      	NOP
;__Lib_Delays.c,65 :: 		}
0x002F	0x22      	RET
; end of _Delay_1us
_Delay_5500us:
;__Lib_Delays.c,213 :: 		void Delay_5500us() {
;__Lib_Delays.c,214 :: 		Delay_us(5500);
0x0030	0x7E0A    	MOV R6, 10
0x0032	0x7FDA    	MOV R7, 218
0x0034	0xDFFE    	DJNZ R7, PC-2
0x0036	0xDEFC    	DJNZ R6, PC-4
;__Lib_Delays.c,215 :: 		}
0x0038	0x22      	RET
; end of _Delay_5500us
_Delay_50us:
;__Lib_Delays.c,138 :: 		void Delay_50us() {
;__Lib_Delays.c,139 :: 		Delay_us(50);
0x0039	0x7F16    	MOV R7, 22
0x003B	0xDFFE    	DJNZ R7, PC-2
0x003D	0x00      	NOP
;__Lib_Delays.c,140 :: 		}
0x003E	0x22      	RET
; end of _Delay_50us
_Lcd_Cmd:
;__Lib_Lcd.c,13 :: 		
;__Lib_Lcd.c,14 :: 		
0x003F	0xE51D    	MOV A, FARG_Lcd_Cmd_out_char
0x0041	0x5480    	ANL A, #128
0x0043	0xF8      	MOV R0, A
0x0044	0x630080  	XRL R0, #128
0x0047	0xE8      	MOV A, R0
0x0048	0x6004    	JZ L__Lcd_Cmd24
0x004A	0x7800    	MOV R0, #0
0x004C	0x8002    	SJMP L__Lcd_Cmd25
L__Lcd_Cmd24:
0x004E	0x7801    	MOV R0, #1
L__Lcd_Cmd25:
0x0050	0xE8      	MOV A, R0
0x0051	0x13      	RRC A
0x0052	0x92A5    	MOV LCD_D7, C
;__Lib_Lcd.c,15 :: 		
0x0054	0xE51D    	MOV A, FARG_Lcd_Cmd_out_char
0x0056	0x5440    	ANL A, #64
0x0058	0xF8      	MOV R0, A
0x0059	0x630040  	XRL R0, #64
0x005C	0xE8      	MOV A, R0
0x005D	0x6004    	JZ L__Lcd_Cmd26
0x005F	0x7800    	MOV R0, #0
0x0061	0x8002    	SJMP L__Lcd_Cmd27
L__Lcd_Cmd26:
0x0063	0x7801    	MOV R0, #1
L__Lcd_Cmd27:
0x0065	0xE8      	MOV A, R0
0x0066	0x13      	RRC A
0x0067	0x92A4    	MOV LCD_D6, C
;__Lib_Lcd.c,16 :: 		
0x0069	0xE51D    	MOV A, FARG_Lcd_Cmd_out_char
0x006B	0x5420    	ANL A, #32
0x006D	0xF8      	MOV R0, A
0x006E	0x630020  	XRL R0, #32
0x0071	0xE8      	MOV A, R0
0x0072	0x6004    	JZ L__Lcd_Cmd28
0x0074	0x7800    	MOV R0, #0
0x0076	0x8002    	SJMP L__Lcd_Cmd29
L__Lcd_Cmd28:
0x0078	0x7801    	MOV R0, #1
L__Lcd_Cmd29:
0x007A	0xE8      	MOV A, R0
0x007B	0x13      	RRC A
0x007C	0x92A3    	MOV LCD_D5, C
;__Lib_Lcd.c,17 :: 		
0x007E	0xE51D    	MOV A, FARG_Lcd_Cmd_out_char
0x0080	0x5410    	ANL A, #16
0x0082	0xF8      	MOV R0, A
0x0083	0x630010  	XRL R0, #16
0x0086	0xE8      	MOV A, R0
0x0087	0x6004    	JZ L__Lcd_Cmd30
0x0089	0x7800    	MOV R0, #0
0x008B	0x8002    	SJMP L__Lcd_Cmd31
L__Lcd_Cmd30:
0x008D	0x7801    	MOV R0, #1
L__Lcd_Cmd31:
0x008F	0xE8      	MOV A, R0
0x0090	0x13      	RRC A
0x0091	0x92A2    	MOV LCD_D4, C
;__Lib_Lcd.c,19 :: 		
0x0093	0xE508    	MOV A, _cmd_status
0x0095	0x6004    	JZ L_Lcd_Cmd0
0x0097	0x7800    	MOV R0, #0
0x0099	0x8002    	SJMP L_Lcd_Cmd1
L_Lcd_Cmd0:
0x009B	0x7801    	MOV R0, #1
L_Lcd_Cmd1:
0x009D	0xE8      	MOV A, R0
0x009E	0x13      	RRC A
0x009F	0x92A0    	MOV LCD_RS, C
;__Lib_Lcd.c,21 :: 		
0x00A1	0xD2A1    	SETB LCD_EN
;__Lib_Lcd.c,22 :: 		
0x00A3	0x112E    	ACALL _Delay_1us
;__Lib_Lcd.c,23 :: 		
0x00A5	0xC2A1    	CLR LCD_EN
;__Lib_Lcd.c,25 :: 		
0x00A7	0xE51D    	MOV A, FARG_Lcd_Cmd_out_char
0x00A9	0x5408    	ANL A, #8
0x00AB	0xF8      	MOV R0, A
0x00AC	0x630008  	XRL R0, #8
0x00AF	0xE8      	MOV A, R0
0x00B0	0x6004    	JZ L__Lcd_Cmd32
0x00B2	0x7800    	MOV R0, #0
0x00B4	0x8002    	SJMP L__Lcd_Cmd33
L__Lcd_Cmd32:
0x00B6	0x7801    	MOV R0, #1
L__Lcd_Cmd33:
0x00B8	0xE8      	MOV A, R0
0x00B9	0x13      	RRC A
0x00BA	0x92A5    	MOV LCD_D7, C
;__Lib_Lcd.c,26 :: 		
0x00BC	0xE51D    	MOV A, FARG_Lcd_Cmd_out_char
0x00BE	0x5404    	ANL A, #4
0x00C0	0xF8      	MOV R0, A
0x00C1	0x630004  	XRL R0, #4
0x00C4	0xE8      	MOV A, R0
0x00C5	0x6004    	JZ L__Lcd_Cmd34
0x00C7	0x7800    	MOV R0, #0
0x00C9	0x8002    	SJMP L__Lcd_Cmd35
L__Lcd_Cmd34:
0x00CB	0x7801    	MOV R0, #1
L__Lcd_Cmd35:
0x00CD	0xE8      	MOV A, R0
0x00CE	0x13      	RRC A
0x00CF	0x92A4    	MOV LCD_D6, C
;__Lib_Lcd.c,27 :: 		
0x00D1	0xE51D    	MOV A, FARG_Lcd_Cmd_out_char
0x00D3	0x5402    	ANL A, #2
0x00D5	0xF8      	MOV R0, A
0x00D6	0x630002  	XRL R0, #2
0x00D9	0xE8      	MOV A, R0
0x00DA	0x6004    	JZ L__Lcd_Cmd36
0x00DC	0x7800    	MOV R0, #0
0x00DE	0x8002    	SJMP L__Lcd_Cmd37
L__Lcd_Cmd36:
0x00E0	0x7801    	MOV R0, #1
L__Lcd_Cmd37:
0x00E2	0xE8      	MOV A, R0
0x00E3	0x13      	RRC A
0x00E4	0x92A3    	MOV LCD_D5, C
;__Lib_Lcd.c,28 :: 		
0x00E6	0xE51D    	MOV A, FARG_Lcd_Cmd_out_char
0x00E8	0x5401    	ANL A, #1
0x00EA	0xF8      	MOV R0, A
0x00EB	0x630001  	XRL R0, #1
0x00EE	0xE8      	MOV A, R0
0x00EF	0x6004    	JZ L__Lcd_Cmd38
0x00F1	0x7800    	MOV R0, #0
0x00F3	0x8002    	SJMP L__Lcd_Cmd39
L__Lcd_Cmd38:
0x00F5	0x7801    	MOV R0, #1
L__Lcd_Cmd39:
0x00F7	0xE8      	MOV A, R0
0x00F8	0x13      	RRC A
0x00F9	0x92A2    	MOV LCD_D4, C
;__Lib_Lcd.c,30 :: 		
0x00FB	0xE508    	MOV A, _cmd_status
0x00FD	0x6004    	JZ L_Lcd_Cmd2
0x00FF	0x7800    	MOV R0, #0
0x0101	0x8002    	SJMP L_Lcd_Cmd3
L_Lcd_Cmd2:
0x0103	0x7801    	MOV R0, #1
L_Lcd_Cmd3:
0x0105	0xE8      	MOV A, R0
0x0106	0x13      	RRC A
0x0107	0x92A0    	MOV LCD_RS, C
;__Lib_Lcd.c,32 :: 		
0x0109	0xD2A1    	SETB LCD_EN
;__Lib_Lcd.c,33 :: 		
0x010B	0x112E    	ACALL _Delay_1us
;__Lib_Lcd.c,34 :: 		
0x010D	0xC2A1    	CLR LCD_EN
;__Lib_Lcd.c,36 :: 		
0x010F	0xE508    	MOV A, _cmd_status
0x0111	0x6004    	JZ L_Lcd_Cmd4
;__Lib_Lcd.c,37 :: 		
0x0113	0x1130    	ACALL _Delay_5500us
0x0115	0x8002    	SJMP L_Lcd_Cmd5
L_Lcd_Cmd4:
;__Lib_Lcd.c,39 :: 		
0x0117	0x1139    	ACALL _Delay_50us
L_Lcd_Cmd5:
;__Lib_Lcd.c,40 :: 		
0x0119	0x22      	RET
; end of _Lcd_Cmd
_Lcd_Chr_CP:
;__Lib_Lcd.c,42 :: 		
;__Lib_Lcd.c,44 :: 		
0x011A	0x750800  	MOV _cmd_status, #0
;__Lib_Lcd.c,45 :: 		
0x011D	0x851C1D  	MOV FARG_Lcd_Cmd_out_char, FARG_Lcd_Chr_CP_out_char+0
0x0120	0x113F    	ACALL _Lcd_Cmd
;__Lib_Lcd.c,46 :: 		
0x0122	0x750801  	MOV _cmd_status, #1
;__Lib_Lcd.c,47 :: 		
0x0125	0x22      	RET
; end of _Lcd_Chr_CP
_Div_32x32_U:
;__Lib_Math.c,437 :: 		
;__Lib_Math.c,440 :: 		
0x0126	0x803C    	SJMP __Div_32x32_U_start
;__Lib_Math.c,442 :: 		
__Div_32x32_U_aux:
;__Lib_Math.c,443 :: 		
0x0128	0x75F008  	MOV B, 8
;__Lib_Math.c,444 :: 		
0x012B	0x758200  	MOV DPL, 0
;__Lib_Math.c,446 :: 		
__Div_32x32_U_l2:
;__Lib_Math.c,447 :: 		
0x012E	0xE8      	MOV A, R0
;__Lib_Math.c,448 :: 		
0x012F	0x28      	ADD A, R0
;__Lib_Math.c,449 :: 		
0x0130	0xF8      	MOV R0, A
;__Lib_Math.c,450 :: 		
0x0131	0xE9      	MOV A, R1
;__Lib_Math.c,451 :: 		
0x0132	0x33      	RLC A
;__Lib_Math.c,452 :: 		
0x0133	0xF9      	MOV R1, A
;__Lib_Math.c,453 :: 		
0x0134	0xCA      	XCH A, R2
;__Lib_Math.c,454 :: 		
0x0135	0x33      	RLC A
;__Lib_Math.c,455 :: 		
0x0136	0xCA      	XCH A, R2
;__Lib_Math.c,456 :: 		
0x0137	0xCB      	XCH A, R3
;__Lib_Math.c,457 :: 		
0x0138	0x33      	RLC A
;__Lib_Math.c,458 :: 		
0x0139	0xCB      	XCH A, R3
;__Lib_Math.c,459 :: 		
0x013A	0xC582    	XCH A, DPL
;__Lib_Math.c,460 :: 		
0x013C	0x33      	RLC A
;__Lib_Math.c,461 :: 		
0x013D	0xC582    	XCH A, DPL
;__Lib_Math.c,462 :: 		
0x013F	0x9C      	SUBB A, R4
;__Lib_Math.c,463 :: 		
0x0140	0xEA      	MOV A, R2
;__Lib_Math.c,464 :: 		
0x0141	0x9D      	SUBB A, R5
;__Lib_Math.c,465 :: 		
0x0142	0xEB      	MOV A, R3
;__Lib_Math.c,466 :: 		
0x0143	0x9E      	SUBB A, R6
;__Lib_Math.c,467 :: 		
0x0144	0xE582    	MOV A, DPL
;__Lib_Math.c,468 :: 		
0x0146	0x9F      	SUBB A, R7
;__Lib_Math.c,469 :: 		
0x0147	0x400C    	JC __Div_32x32_U_l1
;__Lib_Math.c,470 :: 		
0x0149	0xF582    	MOV DPL, A
;__Lib_Math.c,471 :: 		
0x014B	0xE9      	MOV A, R1
;__Lib_Math.c,472 :: 		
0x014C	0x9C      	SUBB A, R4
;__Lib_Math.c,473 :: 		
0x014D	0xF9      	MOV R1, A
;__Lib_Math.c,474 :: 		
0x014E	0xEA      	MOV A, R2
;__Lib_Math.c,475 :: 		
0x014F	0x9D      	SUBB A, R5
;__Lib_Math.c,476 :: 		
0x0150	0xFA      	MOV R2, A
;__Lib_Math.c,477 :: 		
0x0151	0xEB      	MOV A, R3
;__Lib_Math.c,478 :: 		
0x0152	0x9E      	SUBB A, R6
;__Lib_Math.c,479 :: 		
0x0153	0xFB      	MOV R3, A
;__Lib_Math.c,480 :: 		
0x0154	0x08      	INC R0
;__Lib_Math.c,482 :: 		
__Div_32x32_U_l1:
;__Lib_Math.c,483 :: 		
0x0155	0xD5F0D6  	DJNZ B, __Div_32x32_U_l2
;__Lib_Math.c,484 :: 		
0x0158	0xE4      	CLR A
;__Lib_Math.c,485 :: 		
0x0159	0xC9      	XCH A, R1
;__Lib_Math.c,486 :: 		
0x015A	0xFC      	MOV R4, A
;__Lib_Math.c,487 :: 		
0x015B	0xE4      	CLR A
;__Lib_Math.c,488 :: 		
0x015C	0xCA      	XCH A, R2
;__Lib_Math.c,489 :: 		
0x015D	0xFD      	MOV R5, A
;__Lib_Math.c,490 :: 		
0x015E	0xE4      	CLR A
;__Lib_Math.c,491 :: 		
0x015F	0xCB      	XCH A, R3
;__Lib_Math.c,492 :: 		
0x0160	0xFE      	MOV R6, A
;__Lib_Math.c,493 :: 		
0x0161	0xAF82    	MOV R7, DPL
;__Lib_Math.c,494 :: 		
0x0163	0x22      	RET
;__Lib_Math.c,498 :: 		
__Div_32x32_U_start:
;__Lib_Math.c,500 :: 		
0x0164	0xEF      	MOV A, R7
;__Lib_Math.c,501 :: 		
0x0165	0x6002    	JZ lw_1
;__Lib_Math.c,502 :: 		
0x0167	0x80BF    	SJMP __Div_32x32_U_aux
;__Lib_Math.c,503 :: 		
lw_1:
;__Lib_Math.c,505 :: 		
0x0169	0xEE      	MOV A, R6
;__Lib_Math.c,506 :: 		
0x016A	0x6002    	JZ lw_2
;__Lib_Math.c,507 :: 		
0x016C	0x805B    	SJMP __Div_32x32_U_l3
;__Lib_Math.c,508 :: 		
lw_2:
;__Lib_Math.c,510 :: 		
0x016E	0xED      	MOV A, R5
;__Lib_Math.c,511 :: 		
0x016F	0x6002    	JZ lw_3
;__Lib_Math.c,512 :: 		
0x0171	0x802D    	SJMP __Div_32x32_U_l4
;__Lib_Math.c,513 :: 		
lw_3:
;__Lib_Math.c,514 :: 		
0x0173	0xEB      	MOV A, R3
;__Lib_Math.c,515 :: 		
0x0174	0x8CF0    	MOV B, R4
;__Lib_Math.c,516 :: 		
0x0176	0x84      	DIV AB
;__Lib_Math.c,517 :: 		
0x0177	0xC8      	XCH A, R0
;__Lib_Math.c,518 :: 		
0x0178	0xC9      	XCH A, R1
;__Lib_Math.c,519 :: 		
0x0179	0xCA      	XCH A, R2
;__Lib_Math.c,520 :: 		
0x017A	0xFB      	MOV R3, A
;__Lib_Math.c,521 :: 		
0x017B	0xE5F0    	MOV A, B
;__Lib_Math.c,522 :: 		
0x017D	0xCC      	XCH A, R4
;__Lib_Math.c,523 :: 		
0x017E	0xFE      	MOV R6, A
;__Lib_Math.c,524 :: 		
0x017F	0x7F18    	MOV R7, 24
;__Lib_Math.c,525 :: 		
__Div_32x32_U_IR_l0:
;__Lib_Math.c,526 :: 		
0x0181	0xE8      	MOV A, R0
;__Lib_Math.c,527 :: 		
0x0182	0x28      	ADD A, R0
;__Lib_Math.c,528 :: 		
0x0183	0xF8      	MOV R0, A
;__Lib_Math.c,529 :: 		
0x0184	0xE9      	MOV A, R1
;__Lib_Math.c,530 :: 		
0x0185	0x33      	RLC A
;__Lib_Math.c,531 :: 		
0x0186	0xF9      	MOV R1, A
;__Lib_Math.c,532 :: 		
0x0187	0xEA      	MOV A, R2
;__Lib_Math.c,533 :: 		
0x0188	0x33      	RLC A
;__Lib_Math.c,534 :: 		
0x0189	0xFA      	MOV R2, A
;__Lib_Math.c,535 :: 		
0x018A	0xEB      	MOV A, R3
;__Lib_Math.c,536 :: 		
0x018B	0x33      	RLC A
;__Lib_Math.c,537 :: 		
0x018C	0xFB      	MOV R3, A
;__Lib_Math.c,538 :: 		
0x018D	0xEC      	MOV A, R4
;__Lib_Math.c,539 :: 		
0x018E	0x33      	RLC A
;__Lib_Math.c,540 :: 		
0x018F	0xFC      	MOV R4, A
;__Lib_Math.c,541 :: 		
0x0190	0x10D703  	JBC CY_bit, __Div_32x32_U_l5
;__Lib_Math.c,542 :: 		
0x0193	0x9E      	SUBB A, R6
;__Lib_Math.c,543 :: 		
0x0194	0x4004    	JC __Div_32x32_U_l6
;__Lib_Math.c,545 :: 		
__Div_32x32_U_l5:
;__Lib_Math.c,546 :: 		
0x0196	0xEC      	MOV A, R4
;__Lib_Math.c,547 :: 		
0x0197	0x9E      	SUBB A, R6
;__Lib_Math.c,548 :: 		
0x0198	0xFC      	MOV R4, A
;__Lib_Math.c,549 :: 		
0x0199	0x08      	INC R0
;__Lib_Math.c,551 :: 		
__Div_32x32_U_l6:
;__Lib_Math.c,552 :: 		
0x019A	0xDFE5    	DJNZ R7, __Div_32x32_U_IR_l0
;__Lib_Math.c,553 :: 		
0x019C	0xE4      	CLR A
;__Lib_Math.c,554 :: 		
0x019D	0xFE      	MOV R6, A
;__Lib_Math.c,555 :: 		
0x019E	0xFD      	MOV R5, A
;__Lib_Math.c,556 :: 		
0x019F	0x22      	RET
;__Lib_Math.c,558 :: 		
__Div_32x32_U_l4:
;__Lib_Math.c,559 :: 		
0x01A0	0x7F18    	MOV R7, 24
;__Lib_Math.c,561 :: 		
__Div_32x32_U_l8:
;__Lib_Math.c,562 :: 		
0x01A2	0xE8      	MOV A, R0
;__Lib_Math.c,563 :: 		
0x01A3	0x28      	ADD A, R0
;__Lib_Math.c,564 :: 		
0x01A4	0xF8      	MOV R0, A
;__Lib_Math.c,565 :: 		
0x01A5	0xE9      	MOV A, R1
;__Lib_Math.c,566 :: 		
0x01A6	0x33      	RLC A
;__Lib_Math.c,567 :: 		
0x01A7	0xF9      	MOV R1, A
;__Lib_Math.c,568 :: 		
0x01A8	0xEA      	MOV A, R2
;__Lib_Math.c,569 :: 		
0x01A9	0x33      	RLC A
;__Lib_Math.c,570 :: 		
0x01AA	0xFA      	MOV R2, A
;__Lib_Math.c,571 :: 		
0x01AB	0xEB      	MOV A, R3
;__Lib_Math.c,572 :: 		
0x01AC	0x33      	RLC A
;__Lib_Math.c,573 :: 		
0x01AD	0xFB      	MOV R3, A
;__Lib_Math.c,574 :: 		
0x01AE	0xCE      	XCH A, R6
;__Lib_Math.c,575 :: 		
0x01AF	0x33      	RLC A
;__Lib_Math.c,576 :: 		
0x01B0	0xCE      	XCH A, R6
;__Lib_Math.c,577 :: 		
0x01B1	0x10D705  	JBC CY_bit, __Div_32x32_U_l7
;__Lib_Math.c,578 :: 		
0x01B4	0x9C      	SUBB A, R4
;__Lib_Math.c,579 :: 		
0x01B5	0xEE      	MOV A, R6
;__Lib_Math.c,580 :: 		
0x01B6	0x9D      	SUBB A, R5
;__Lib_Math.c,581 :: 		
0x01B7	0x4007    	JC __Div_32x32_U_IR_l1
;__Lib_Math.c,583 :: 		
__Div_32x32_U_l7:
;__Lib_Math.c,584 :: 		
0x01B9	0xEB      	MOV A, R3
;__Lib_Math.c,585 :: 		
0x01BA	0x9C      	SUBB A, R4
;__Lib_Math.c,586 :: 		
0x01BB	0xFB      	MOV R3, A
;__Lib_Math.c,587 :: 		
0x01BC	0xEE      	MOV A, R6
;__Lib_Math.c,588 :: 		
0x01BD	0x9D      	SUBB A, R5
;__Lib_Math.c,589 :: 		
0x01BE	0xFE      	MOV R6, A
;__Lib_Math.c,590 :: 		
0x01BF	0x08      	INC R0
;__Lib_Math.c,591 :: 		
__Div_32x32_U_IR_l1:
;__Lib_Math.c,592 :: 		
0x01C0	0xDFE0    	DJNZ R7, __Div_32x32_U_l8
;__Lib_Math.c,593 :: 		
0x01C2	0xE4      	CLR A
;__Lib_Math.c,594 :: 		
0x01C3	0xCE      	XCH A, R6
;__Lib_Math.c,595 :: 		
0x01C4	0xFD      	MOV R5, A
;__Lib_Math.c,596 :: 		
0x01C5	0xE4      	CLR A
;__Lib_Math.c,597 :: 		
0x01C6	0xCB      	XCH A, R3
;__Lib_Math.c,598 :: 		
0x01C7	0xFC      	MOV R4, A
;__Lib_Math.c,599 :: 		
0x01C8	0x22      	RET
;__Lib_Math.c,601 :: 		
__Div_32x32_U_l3:
;__Lib_Math.c,602 :: 		
0x01C9	0x75F010  	MOV B, 16
;__Lib_Math.c,604 :: 		
__Div_32x32_U_l10:
;__Lib_Math.c,605 :: 		
0x01CC	0xE8      	MOV A, R0
;__Lib_Math.c,606 :: 		
0x01CD	0x28      	ADD A, R0
;__Lib_Math.c,607 :: 		
0x01CE	0xF8      	MOV R0, A
;__Lib_Math.c,608 :: 		
0x01CF	0xE9      	MOV A, R1
;__Lib_Math.c,609 :: 		
0x01D0	0x33      	RLC A
;__Lib_Math.c,610 :: 		
0x01D1	0xF9      	MOV R1, A
;__Lib_Math.c,611 :: 		
0x01D2	0xEA      	MOV A, R2
;__Lib_Math.c,612 :: 		
0x01D3	0x33      	RLC A
;__Lib_Math.c,613 :: 		
0x01D4	0xFA      	MOV R2, A
;__Lib_Math.c,614 :: 		
0x01D5	0xCB      	XCH A, R3
;__Lib_Math.c,615 :: 		
0x01D6	0x33      	RLC A
;__Lib_Math.c,616 :: 		
0x01D7	0xCB      	XCH A, R3
;__Lib_Math.c,617 :: 		
0x01D8	0xCF      	XCH A, R7
;__Lib_Math.c,618 :: 		
0x01D9	0x33      	RLC A
;__Lib_Math.c,619 :: 		
0x01DA	0xCF      	XCH A, R7
;__Lib_Math.c,620 :: 		
0x01DB	0x10D707  	JBC CY_bit, __Div_32x32_U_l9
;__Lib_Math.c,621 :: 		
0x01DE	0x9C      	SUBB A, R4
;__Lib_Math.c,622 :: 		
0x01DF	0xEB      	MOV A, R3
;__Lib_Math.c,623 :: 		
0x01E0	0x9D      	SUBB A, R5
;__Lib_Math.c,624 :: 		
0x01E1	0xEF      	MOV A, R7
;__Lib_Math.c,625 :: 		
0x01E2	0x9E      	SUBB A, R6
;__Lib_Math.c,626 :: 		
0x01E3	0x400A    	JC __Div_32x32_U_IR_l2
;__Lib_Math.c,628 :: 		
__Div_32x32_U_l9:
;__Lib_Math.c,629 :: 		
0x01E5	0xEA      	MOV A, R2
;__Lib_Math.c,630 :: 		
0x01E6	0x9C      	SUBB A, R4
;__Lib_Math.c,631 :: 		
0x01E7	0xFA      	MOV R2, A
;__Lib_Math.c,632 :: 		
0x01E8	0xEB      	MOV A, R3
;__Lib_Math.c,633 :: 		
0x01E9	0x9D      	SUBB A, R5
;__Lib_Math.c,634 :: 		
0x01EA	0xFB      	MOV R3, A
;__Lib_Math.c,635 :: 		
0x01EB	0xEF      	MOV A, R7
;__Lib_Math.c,636 :: 		
0x01EC	0x9E      	SUBB A, R6
;__Lib_Math.c,637 :: 		
0x01ED	0xFF      	MOV R7, A
;__Lib_Math.c,638 :: 		
0x01EE	0x08      	INC R0
;__Lib_Math.c,639 :: 		
__Div_32x32_U_IR_l2:
;__Lib_Math.c,640 :: 		
0x01EF	0xD5F0DA  	DJNZ B, __Div_32x32_U_l10
;__Lib_Math.c,641 :: 		
0x01F2	0xE4      	CLR A
;__Lib_Math.c,642 :: 		
0x01F3	0xCA      	XCH A, R2
;__Lib_Math.c,643 :: 		
0x01F4	0xFC      	MOV R4, A
;__Lib_Math.c,644 :: 		
0x01F5	0xE4      	CLR A
;__Lib_Math.c,645 :: 		
0x01F6	0xCB      	XCH A, R3
;__Lib_Math.c,646 :: 		
0x01F7	0xFD      	MOV R5, A
;__Lib_Math.c,647 :: 		
0x01F8	0xE4      	CLR A
;__Lib_Math.c,648 :: 		
0x01F9	0xCF      	XCH A, R7
;__Lib_Math.c,649 :: 		
0x01FA	0xFE      	MOV R6, A
;__Lib_Math.c,651 :: 		
0x01FB	0x22      	RET
; end of _Div_32x32_U
_Lcd_Init:
;__Lib_Lcd.c,76 :: 		
;__Lib_Lcd.c,78 :: 		
0x01FC	0xC2A1    	CLR LCD_EN
;__Lib_Lcd.c,80 :: 		
0x01FE	0xC2A0    	CLR LCD_RS
;__Lib_Lcd.c,83 :: 		
0x0200	0x1130    	ACALL _Delay_5500us
;__Lib_Lcd.c,84 :: 		
0x0202	0x1130    	ACALL _Delay_5500us
;__Lib_Lcd.c,85 :: 		
0x0204	0x1130    	ACALL _Delay_5500us
;__Lib_Lcd.c,87 :: 		
0x0206	0xC2A5    	CLR LCD_D7
;__Lib_Lcd.c,88 :: 		
0x0208	0xC2A4    	CLR LCD_D6
;__Lib_Lcd.c,89 :: 		
0x020A	0xC2A3    	CLR LCD_D5
;__Lib_Lcd.c,90 :: 		
0x020C	0xC2A2    	CLR LCD_D4
;__Lib_Lcd.c,93 :: 		
0x020E	0xD2A3    	SETB LCD_D5
;__Lib_Lcd.c,94 :: 		
0x0210	0xD2A2    	SETB LCD_D4
;__Lib_Lcd.c,95 :: 		
0x0212	0xD2A1    	SETB LCD_EN
;__Lib_Lcd.c,96 :: 		
0x0214	0x112E    	ACALL _Delay_1us
;__Lib_Lcd.c,97 :: 		
0x0216	0xC2A1    	CLR LCD_EN
;__Lib_Lcd.c,98 :: 		
0x0218	0x1130    	ACALL _Delay_5500us
;__Lib_Lcd.c,100 :: 		
0x021A	0xD2A1    	SETB LCD_EN
;__Lib_Lcd.c,101 :: 		
0x021C	0x112E    	ACALL _Delay_1us
;__Lib_Lcd.c,102 :: 		
0x021E	0xC2A1    	CLR LCD_EN
;__Lib_Lcd.c,103 :: 		
0x0220	0x1130    	ACALL _Delay_5500us
;__Lib_Lcd.c,105 :: 		
0x0222	0xD2A1    	SETB LCD_EN
;__Lib_Lcd.c,106 :: 		
0x0224	0x112E    	ACALL _Delay_1us
;__Lib_Lcd.c,107 :: 		
0x0226	0xC2A1    	CLR LCD_EN
;__Lib_Lcd.c,108 :: 		
0x0228	0x1130    	ACALL _Delay_5500us
;__Lib_Lcd.c,111 :: 		
0x022A	0xD2A3    	SETB LCD_D5
;__Lib_Lcd.c,112 :: 		
0x022C	0xC2A2    	CLR LCD_D4
;__Lib_Lcd.c,113 :: 		
0x022E	0xD2A1    	SETB LCD_EN
;__Lib_Lcd.c,114 :: 		
0x0230	0x112E    	ACALL _Delay_1us
;__Lib_Lcd.c,115 :: 		
0x0232	0xC2A1    	CLR LCD_EN
;__Lib_Lcd.c,116 :: 		
0x0234	0x1130    	ACALL _Delay_5500us
;__Lib_Lcd.c,119 :: 		
0x0236	0xC2A5    	CLR LCD_D7
;__Lib_Lcd.c,120 :: 		
0x0238	0xC2A4    	CLR LCD_D6
;__Lib_Lcd.c,121 :: 		
0x023A	0xC2A3    	CLR LCD_D5
;__Lib_Lcd.c,122 :: 		
0x023C	0xD2A3    	SETB LCD_D5
;__Lib_Lcd.c,123 :: 		
0x023E	0xC2A2    	CLR LCD_D4
;__Lib_Lcd.c,124 :: 		
0x0240	0xD2A1    	SETB LCD_EN
;__Lib_Lcd.c,125 :: 		
0x0242	0x112E    	ACALL _Delay_1us
;__Lib_Lcd.c,126 :: 		
0x0244	0xC2A1    	CLR LCD_EN
;__Lib_Lcd.c,127 :: 		
0x0246	0xC2A3    	CLR LCD_D5
;__Lib_Lcd.c,128 :: 		
0x0248	0xD2A5    	SETB LCD_D7
;__Lib_Lcd.c,129 :: 		
0x024A	0xD2A1    	SETB LCD_EN
;__Lib_Lcd.c,130 :: 		
0x024C	0x112E    	ACALL _Delay_1us
;__Lib_Lcd.c,131 :: 		
0x024E	0xC2A1    	CLR LCD_EN
;__Lib_Lcd.c,132 :: 		
0x0250	0x1130    	ACALL _Delay_5500us
;__Lib_Lcd.c,135 :: 		
0x0252	0xC2A5    	CLR LCD_D7
;__Lib_Lcd.c,136 :: 		
0x0254	0xD2A2    	SETB LCD_D4
;__Lib_Lcd.c,137 :: 		
0x0256	0xD2A1    	SETB LCD_EN
;__Lib_Lcd.c,138 :: 		
0x0258	0x112E    	ACALL _Delay_1us
;__Lib_Lcd.c,139 :: 		
0x025A	0xC2A1    	CLR LCD_EN
;__Lib_Lcd.c,140 :: 		
0x025C	0xC2A2    	CLR LCD_D4
;__Lib_Lcd.c,141 :: 		
0x025E	0xD2A1    	SETB LCD_EN
;__Lib_Lcd.c,142 :: 		
0x0260	0x112E    	ACALL _Delay_1us
;__Lib_Lcd.c,143 :: 		
0x0262	0xC2A1    	CLR LCD_EN
;__Lib_Lcd.c,144 :: 		
0x0264	0x1130    	ACALL _Delay_5500us
;__Lib_Lcd.c,147 :: 		
0x0266	0xC2A2    	CLR LCD_D4
;__Lib_Lcd.c,148 :: 		
0x0268	0xD2A1    	SETB LCD_EN
;__Lib_Lcd.c,149 :: 		
0x026A	0x112E    	ACALL _Delay_1us
;__Lib_Lcd.c,150 :: 		
0x026C	0xC2A1    	CLR LCD_EN
;__Lib_Lcd.c,151 :: 		
0x026E	0xD2A2    	SETB LCD_D4
;__Lib_Lcd.c,152 :: 		
0x0270	0xD2A1    	SETB LCD_EN
;__Lib_Lcd.c,153 :: 		
0x0272	0x112E    	ACALL _Delay_1us
;__Lib_Lcd.c,154 :: 		
0x0274	0xC2A1    	CLR LCD_EN
;__Lib_Lcd.c,155 :: 		
0x0276	0x1130    	ACALL _Delay_5500us
;__Lib_Lcd.c,158 :: 		
0x0278	0xC2A2    	CLR LCD_D4
;__Lib_Lcd.c,159 :: 		
0x027A	0xD2A1    	SETB LCD_EN
;__Lib_Lcd.c,160 :: 		
0x027C	0x112E    	ACALL _Delay_1us
;__Lib_Lcd.c,161 :: 		
0x027E	0xC2A1    	CLR LCD_EN
;__Lib_Lcd.c,163 :: 		
0x0280	0xD2A5    	SETB LCD_D7
;__Lib_Lcd.c,164 :: 		
0x0282	0xD2A4    	SETB LCD_D6
;__Lib_Lcd.c,165 :: 		
0x0284	0xD2A3    	SETB LCD_D5
;__Lib_Lcd.c,166 :: 		
0x0286	0xD2A2    	SETB LCD_D4
;__Lib_Lcd.c,167 :: 		
0x0288	0xD2A1    	SETB LCD_EN
;__Lib_Lcd.c,168 :: 		
0x028A	0x112E    	ACALL _Delay_1us
;__Lib_Lcd.c,169 :: 		
0x028C	0xC2A1    	CLR LCD_EN
;__Lib_Lcd.c,171 :: 		
0x028E	0x1130    	ACALL _Delay_5500us
;__Lib_Lcd.c,173 :: 		
0x0290	0x750801  	MOV _cmd_status, #1
;__Lib_Lcd.c,174 :: 		
0x0293	0x22      	RET
; end of _Lcd_Init
___CC2D:
;__Lib_System.c,13 :: 		
;__Lib_System.c,15 :: 		
_CC2D_Loop1:
;__Lib_System.c,16 :: 		
0x0294	0xE4      	CLR A
;__Lib_System.c,17 :: 		
0x0295	0x93      	MOVC A, @A+DPTR
;__Lib_System.c,18 :: 		
0x0296	0xF6      	MOV @R0, A
;__Lib_System.c,19 :: 		
0x0297	0x08      	INC R0
;__Lib_System.c,20 :: 		
0x0298	0xA3      	INC DPTR
;__Lib_System.c,21 :: 		
0x0299	0xD9F9    	DJNZ R1, _CC2D_Loop1
;__Lib_System.c,23 :: 		
0x029B	0x22      	RET
; end of ___CC2D
_LCD_Out:
;__Lib_Lcd.c,176 :: 		
;__Lib_Lcd.c,179 :: 		
0x029C	0x8019    	SJMP L_LCD_Out15
;__Lib_Lcd.c,180 :: 		
L_LCD_Out17:
0x029E	0x751480  	MOV FARG_LCD_Out_row, #128
0x02A1	0x802E    	SJMP L_LCD_Out16
;__Lib_Lcd.c,181 :: 		
L_LCD_Out18:
0x02A3	0x7514C0  	MOV FARG_LCD_Out_row, #192
0x02A6	0x8029    	SJMP L_LCD_Out16
;__Lib_Lcd.c,182 :: 		
L_LCD_Out19:
0x02A8	0x751494  	MOV FARG_LCD_Out_row, #148
0x02AB	0x8024    	SJMP L_LCD_Out16
;__Lib_Lcd.c,183 :: 		
L_LCD_Out20:
0x02AD	0x7514D4  	MOV FARG_LCD_Out_row, #212
0x02B0	0x801F    	SJMP L_LCD_Out16
;__Lib_Lcd.c,184 :: 		
L_LCD_Out21:
0x02B2	0x751480  	MOV FARG_LCD_Out_row, #128
;__Lib_Lcd.c,185 :: 		
0x02B5	0x801A    	SJMP L_LCD_Out16
L_LCD_Out15:
0x02B7	0xE514    	MOV A, FARG_LCD_Out_row
0x02B9	0x6401    	XRL A, #1
0x02BB	0x60E1    	JZ L_LCD_Out17
0x02BD	0xE514    	MOV A, FARG_LCD_Out_row
0x02BF	0x6402    	XRL A, #2
0x02C1	0x60E0    	JZ L_LCD_Out18
0x02C3	0xE514    	MOV A, FARG_LCD_Out_row
0x02C5	0x6403    	XRL A, #3
0x02C7	0x60DF    	JZ L_LCD_Out19
0x02C9	0xE514    	MOV A, FARG_LCD_Out_row
0x02CB	0x6404    	XRL A, #4
0x02CD	0x60DE    	JZ L_LCD_Out20
0x02CF	0x80E1    	SJMP L_LCD_Out21
L_LCD_Out16:
;__Lib_Lcd.c,186 :: 		
0x02D1	0xC3      	CLR C
0x02D2	0xE515    	MOV A, FARG_LCD_Out_column
0x02D4	0x9401    	SUBB A, #1
0x02D6	0xF8      	MOV R0, A
0x02D7	0xE514    	MOV A, FARG_LCD_Out_row
0x02D9	0x28      	ADD A, R0
0x02DA	0xF8      	MOV R0, A
0x02DB	0x850014  	MOV FARG_LCD_Out_row, 0
;__Lib_Lcd.c,188 :: 		
0x02DE	0x85001D  	MOV FARG_Lcd_Cmd_out_char, 0
0x02E1	0x113F    	ACALL _Lcd_Cmd
;__Lib_Lcd.c,189 :: 		
0x02E3	0x750800  	MOV _cmd_status, #0
;__Lib_Lcd.c,190 :: 		
0x02E6	0x751700  	MOV LCD_Out_i_L0, #0
;__Lib_Lcd.c,191 :: 		
L_LCD_Out22:
0x02E9	0xE516    	MOV A, FARG_LCD_Out_text
0x02EB	0x2517    	ADD A, LCD_Out_i_L0
0x02ED	0xF8      	MOV R0, A
0x02EE	0xE6      	MOV A, @R0
0x02EF	0x600D    	JZ L_LCD_Out23
;__Lib_Lcd.c,192 :: 		
0x02F1	0xE516    	MOV A, FARG_LCD_Out_text
0x02F3	0x2517    	ADD A, LCD_Out_i_L0
0x02F5	0xF8      	MOV R0, A
0x02F6	0x861C    	MOV FARG_Lcd_Chr_CP_out_char, @R0
0x02F8	0x311A    	ACALL _Lcd_Chr_CP
0x02FA	0x0517    	INC LCD_Out_i_L0
0x02FC	0x80EB    	SJMP L_LCD_Out22
L_LCD_Out23:
;__Lib_Lcd.c,193 :: 		
0x02FE	0x750801  	MOV _cmd_status, #1
;__Lib_Lcd.c,194 :: 		
0x0301	0x22      	RET
; end of _LCD_Out
_LongWordToStr:
;__Lib_Conversions.c,209 :: 		
;__Lib_Conversions.c,212 :: 		
0x0302	0x751900  	MOV LongWordToStr_len_L0, #0
0x0305	0x751A00  	MOV LongWordToStr_len_L0+1, #0
L_LongWordToStr38:
0x0308	0xC3      	CLR C
0x0309	0xE519    	MOV A, LongWordToStr_len_L0
0x030B	0x940A    	SUBB A, #10
0x030D	0xE51A    	MOV A, LongWordToStr_len_L0+1
0x030F	0x9400    	SUBB A, #0
0x0311	0x5015    	JNC L_LongWordToStr39
;__Lib_Conversions.c,213 :: 		
0x0313	0xE518    	MOV A, FARG_LongWordToStr_output
0x0315	0x2519    	ADD A, LongWordToStr_len_L0
0x0317	0xF8      	MOV R0, A
0x0318	0x7620    	MOV @R0, #32
;__Lib_Conversions.c,212 :: 		
0x031A	0x7401    	MOV A, #1
0x031C	0x2519    	ADD A, LongWordToStr_len_L0
0x031E	0xF519    	MOV LongWordToStr_len_L0, A
0x0320	0x7400    	MOV A, #0
0x0322	0x351A    	ADDC A, LongWordToStr_len_L0+1
0x0324	0xF51A    	MOV LongWordToStr_len_L0+1, A
;__Lib_Conversions.c,213 :: 		
0x0326	0x80E0    	SJMP L_LongWordToStr38
L_LongWordToStr39:
;__Lib_Conversions.c,214 :: 		
0x0328	0xE518    	MOV A, FARG_LongWordToStr_output
0x032A	0x2519    	ADD A, LongWordToStr_len_L0
0x032C	0xF8      	MOV R0, A
0x032D	0x7600    	MOV @R0, #0
0x032F	0xC3      	CLR C
0x0330	0xE519    	MOV A, LongWordToStr_len_L0
0x0332	0x9401    	SUBB A, #1
0x0334	0xF519    	MOV LongWordToStr_len_L0, A
0x0336	0xE51A    	MOV A, LongWordToStr_len_L0+1
0x0338	0x9400    	SUBB A, #0
0x033A	0xF51A    	MOV LongWordToStr_len_L0+1, A
;__Lib_Conversions.c,216 :: 		
L_LongWordToStr41:
;__Lib_Conversions.c,217 :: 		
0x033C	0xE518    	MOV A, FARG_LongWordToStr_output
0x033E	0x2519    	ADD A, LongWordToStr_len_L0
0x0340	0xF8      	MOV R0, A
0x0341	0x85001B  	MOV FLOC__LongWordToStr, 0
0x0344	0x7C0A    	MOV R4, #10
0x0346	0x7D00    	MOV R5, #0
0x0348	0x7E00    	MOV R6, #0
0x034A	0x750700  	MOV R7, #0
0x034D	0xA814    	MOV R0, FARG_LongWordToStr_input
0x034F	0xA915    	MOV R1, FARG_LongWordToStr_input+1
0x0351	0xAA16    	MOV R2, FARG_LongWordToStr_input+2
0x0353	0xAB17    	MOV R3, FARG_LongWordToStr_input+3
0x0355	0x3126    	ACALL _Div_32x32_U
0x0357	0xA804    	MOV R0, R4
0x0359	0xA905    	MOV R1, R5
0x035B	0xAA06    	MOV R2, R6
0x035D	0xAB07    	MOV R3, R7
0x035F	0x7430    	MOV A, #48
0x0361	0x28      	ADD A, R0
0x0362	0xF9      	MOV R1, A
0x0363	0xA81B    	MOV R0, FLOC__LongWordToStr
0x0365	0xA601    	MOV @R0, R1
;__Lib_Conversions.c,218 :: 		
0x0367	0x7C0A    	MOV R4, #10
0x0369	0x7D00    	MOV R5, #0
0x036B	0x7E00    	MOV R6, #0
0x036D	0x750700  	MOV R7, #0
0x0370	0xA814    	MOV R0, FARG_LongWordToStr_input
0x0372	0xA915    	MOV R1, FARG_LongWordToStr_input+1
0x0374	0xAA16    	MOV R2, FARG_LongWordToStr_input+2
0x0376	0xAB17    	MOV R3, FARG_LongWordToStr_input+3
0x0378	0x3126    	ACALL _Div_32x32_U
0x037A	0x850014  	MOV FARG_LongWordToStr_input, 0
0x037D	0x850115  	MOV FARG_LongWordToStr_input+1, 1
0x0380	0x850216  	MOV FARG_LongWordToStr_input+2, 2
0x0383	0x850317  	MOV FARG_LongWordToStr_input+3, 3
;__Lib_Conversions.c,219 :: 		
0x0386	0xE8      	MOV A, R0
0x0387	0x49      	ORL A, R1
0x0388	0x4A      	ORL A, R2
0x0389	0x4B      	ORL A, R3
0x038A	0x7002    	JNZ L_LongWordToStr43
;__Lib_Conversions.c,220 :: 		
0x038C	0x800F    	SJMP L_LongWordToStr42
L_LongWordToStr43:
;__Lib_Conversions.c,221 :: 		
0x038E	0xC3      	CLR C
0x038F	0xE519    	MOV A, LongWordToStr_len_L0
0x0391	0x9401    	SUBB A, #1
0x0393	0xF519    	MOV LongWordToStr_len_L0, A
0x0395	0xE51A    	MOV A, LongWordToStr_len_L0+1
0x0397	0x9400    	SUBB A, #0
0x0399	0xF51A    	MOV LongWordToStr_len_L0+1, A
;__Lib_Conversions.c,222 :: 		
0x039B	0x613C    	AJMP L_LongWordToStr41
L_LongWordToStr42:
;__Lib_Conversions.c,223 :: 		
0x039D	0x22      	RET
; end of _LongWordToStr
_Timer1InterruptHandler:
0x039E	0xC0D0    	PUSH PSW
0x03A0	0xC0E0    	PUSH ACC
0x03A2	0xC0F0    	PUSH B
0x03A4	0xC082    	PUSH DP0L
0x03A6	0xC083    	PUSH DP0H
;Temporizadores.c,13 :: 		void Timer1InterruptHandler() org IVT_ADDR_ET1{
;Temporizadores.c,14 :: 		EA_bit = 0;        // Deshabilita las Interrupciones globales
0x03A8	0xC2AF    	CLR EA_bit
;Temporizadores.c,15 :: 		TR1_bit = 0;       // Detener el Timer1
0x03AA	0xC28E    	CLR TR1_bit
;Temporizadores.c,16 :: 		TH1 = 0x00;        // Setear el Timer1 high byte
0x03AC	0x758D00  	MOV TH1, #0
;Temporizadores.c,17 :: 		TL1 = 0x01;        // Setear el Timer1 low byte
0x03AF	0x758B01  	MOV TL1, #1
;Temporizadores.c,19 :: 		num++;
0x03B2	0x7401    	MOV A, #1
0x03B4	0x2530    	ADD A, _num
0x03B6	0xF530    	MOV _num, A
0x03B8	0x7400    	MOV A, #0
0x03BA	0x3531    	ADDC A, _num+1
0x03BC	0xF531    	MOV _num+1, A
0x03BE	0x7400    	MOV A, #0
0x03C0	0x3532    	ADDC A, _num+2
0x03C2	0xF532    	MOV _num+2, A
0x03C4	0x7400    	MOV A, #0
0x03C6	0x3533    	ADDC A, _num+3
0x03C8	0xF533    	MOV _num+3, A
;Temporizadores.c,21 :: 		EA_bit = 1;        // Habilitar las Interrupciones globales
0x03CA	0xD2AF    	SETB EA_bit
;Temporizadores.c,22 :: 		TR1_bit = 1;       // Correr el Timer1
0x03CC	0xD28E    	SETB TR1_bit
;Temporizadores.c,23 :: 		}
0x03CE	0xD083    	POP DP0H
0x03D0	0xD082    	POP DP0L
0x03D2	0xD0F0    	POP B
0x03D4	0xD0E0    	POP ACC
0x03D6	0xD0D0    	POP PSW
0x03D8	0x32      	RETI
; end of _Timer1InterruptHandler
_main:
0x03D9	0x758180  	MOV SP, #128
0x03DC	0x12044D  	LCALL 1101
;Temporizadores.c,25 :: 		void main() {
;Temporizadores.c,26 :: 		TF1_bit = 0;       // Ensure that Timer1 interrupt flag is cleared
0x03DF	0xC28F    	CLR TF1_bit
;Temporizadores.c,27 :: 		ET1_bit = 1;       // Habilitar la interrupcion del Timer1
0x03E1	0xD2AB    	SETB ET1_bit
;Temporizadores.c,28 :: 		EA_bit  = 1;       // Habilitar las Interrupciones globales
0x03E3	0xD2AF    	SETB EA_bit
;Temporizadores.c,30 :: 		GATE1_bit = 0;     // Poner a cero el bit GATE del Timer1
0x03E5	0xC3      	CLR C
0x03E6	0xE589    	MOV A, GATE1_bit
0x03E8	0x92E7    	MOV #224.B7, C
0x03EA	0xF589    	MOV GATE1_bit, A
;Temporizadores.c,31 :: 		C_T1_bit  = 0;     // Configura como contador o temporizador el Timer1
0x03EC	0xC3      	CLR C
0x03ED	0xE589    	MOV A, C_T1_bit
0x03EF	0x92E6    	MOV #224.B6, C
0x03F1	0xF589    	MOV C_T1_bit, A
;Temporizadores.c,32 :: 		M11_bit   = 0;     // M11_M01 = 01    =>   Mode 1(16-bit Timer/Counter)
0x03F3	0xC3      	CLR C
0x03F4	0xE589    	MOV A, M11_bit
0x03F6	0x92E5    	MOV #224.B5, C
0x03F8	0xF589    	MOV M11_bit, A
;Temporizadores.c,33 :: 		M01_bit   = 1;
0x03FA	0xD3      	SETB C
0x03FB	0xE589    	MOV A, M01_bit
0x03FD	0x92E4    	MOV #224.B4, C
0x03FF	0xF589    	MOV M01_bit, A
;Temporizadores.c,35 :: 		TR1_bit = 0;       // Apagar el Timer1
0x0401	0xC28E    	CLR TR1_bit
;Temporizadores.c,36 :: 		TH1 = 0x00;        // Set Timer1 high byte
0x0403	0x758D00  	MOV TH1, #0
;Temporizadores.c,37 :: 		TL1 = 0x01;        // Set Timer1 low byte
0x0406	0x758B01  	MOV TL1, #1
;Temporizadores.c,38 :: 		TR1_bit = 1;       // Correr el Timer1
0x0409	0xD28E    	SETB TR1_bit
;Temporizadores.c,41 :: 		Lcd_Init();                //Iniciar el LCD
0x040B	0x31FC    	ACALL _Lcd_Init
;Temporizadores.c,42 :: 		Lcd_Cmd(_LCD_CLEAR);       //Limpiar la pantalla
0x040D	0x751D01  	MOV FARG_Lcd_Cmd_out_char, #1
0x0410	0x113F    	ACALL _Lcd_Cmd
;Temporizadores.c,43 :: 		Lcd_Cmd(_LCD_CURSOR_OFF);  //Apagar el cursor
0x0412	0x751D0C  	MOV FARG_Lcd_Cmd_out_char, #12
0x0415	0x113F    	ACALL _Lcd_Cmd
;Temporizadores.c,45 :: 		do{
L_main0:
;Temporizadores.c,46 :: 		Lcd_Cmd(_LCD_CLEAR);
0x0417	0x751D01  	MOV FARG_Lcd_Cmd_out_char, #1
0x041A	0x113F    	ACALL _Lcd_Cmd
;Temporizadores.c,47 :: 		LongWordToStr(num,cad);
0x041C	0x853014  	MOV FARG_LongWordToStr_input, _num+0
0x041F	0x853115  	MOV FARG_LongWordToStr_input+1, _num+1
0x0422	0x853216  	MOV FARG_LongWordToStr_input+2, _num+2
0x0425	0x853317  	MOV FARG_LongWordToStr_input+3, _num+3
0x0428	0x751809  	MOV FARG_LongWordToStr_output, lo_addr(_cad)
0x042B	0x7102    	ACALL _LongWordToStr
;Temporizadores.c,48 :: 		Lcd_Out(2,5,cad);
0x042D	0x751402  	MOV FARG_LCD_Out_row, #2
0x0430	0x751505  	MOV FARG_LCD_Out_column, #5
0x0433	0x751609  	MOV FARG_LCD_Out_text, lo_addr(_cad)
0x0436	0x519C    	ACALL _LCD_Out
;Temporizadores.c,49 :: 		Delay_ms(500);
0x0438	0x7D04    	MOV R5, 4
0x043A	0x7E80    	MOV R6, 128
0x043C	0x7FE4    	MOV R7, 228
0x043E	0xDFFE    	DJNZ R7, PC-2
0x0440	0xDEFC    	DJNZ R6, PC-4
0x0442	0xDDFA    	DJNZ R5, PC-6
0x0444	0x00      	NOP
;Temporizadores.c,50 :: 		}while(1);
0x0445	0x80D0    	SJMP L_main0
;Temporizadores.c,51 :: 		}
0x0447	0x80FE    	SJMP #254
; end of _main
0x044D	0x7830    	MOV R0, 48
0x044F	0x7904    	MOV R1, 4
0x0451	0x758249  	MOV DP0L, 73
0x0454	0x758304  	MOV DP0H, 4
0x0457	0x120294  	LCALL 660
0x045A	0x22      	RET
;Temporizadores.c,0 :: ?ICS_num
0x0449	0x000000 ;?ICS_num+0
0x044C	0x00 ;?ICS_num+3
; end of ?ICS_num
Symbol List:
//** Routines locations **
//ADDRESS    SIZE    PROCEDURE
//----------------------------------------------
0x002E       [2]    _Delay_1us
0x0030       [9]    _Delay_5500us
0x0039       [6]    _Delay_50us
0x003F     [219]    _Lcd_Cmd
0x011A      [12]    _Lcd_Chr_CP
0x0126     [214]    _Div_32x32_U
0x01FC     [152]    _Lcd_Init
0x0294       [8]    ___CC2D
0x029C     [102]    _LCD_Out
0x0302     [156]    _LongWordToStr
0x039E      [59]    _Timer1InterruptHandler
0x03D9     [112]    _main
//** Variables locations ** 
//ADDRESS    SIZE    VARIABLE
//----------------------------------------------
0x0000       [1]    R0
0x0001       [1]    R1
0x0002       [1]    R2
0x0003       [1]    R3
0x0004       [1]    R4
0x0005       [1]    R5
0x0006       [1]    R6
0x0007       [1]    R7
0x0008       [1]    _cmd_status
0x0009      [11]    _cad
0x0014       [1]    FARG_LCD_Out_row
0x0014       [4]    FARG_LongWordToStr_input
0x0015       [1]    FARG_LCD_Out_column
0x0016       [1]    FARG_LCD_Out_text
0x0017       [1]    LCD_Out_i_L0
0x0018       [1]    FARG_LongWordToStr_output
0x0019       [2]    LongWordToStr_len_L0
0x001B       [1]    FLOC__LongWordToStr
0x001C       [1]    FARG_Lcd_Chr_CP_out_char
0x001D       [1]    FARG_Lcd_Cmd_out_char
0x0030       [4]    _num
0x0081       [1]    SP
0x0082       [1]    DPL
0x0083       [1]    DPH
0x0088       [0]    TF1_bit
0x0088       [0]    TR1_bit
0x0089       [0]    M01_bit
0x0089       [0]    M11_bit
0x0089       [0]    C_T1_bit
0x0089       [0]    GATE1_bit
0x008B       [1]    TL1
0x008D       [1]    TH1
0x00A0       [0]    LCD_D4
0x00A0       [0]    LCD_D5
0x00A0       [0]    LCD_RS
0x00A0       [0]    LCD_D7
0x00A0       [0]    LCD_D6
0x00A0       [0]    LCD_EN
0x00A0       [0]    P2_0_bit
0x00A0       [0]    P2_4_bit
0x00A0       [0]    P2_5_bit
0x00A0       [0]    P2_1_bit
0x00A0       [0]    P2_2_bit
0x00A0       [0]    P2_3_bit
0x00A8       [0]    ET1_bit
0x00A8       [0]    EA_bit
0x00D0       [0]    CY_bit
0x00D0       [1]    PSW
0x00E0       [1]    ACC
0x00F0       [1]    B
//** Constants locations ** 
//ADDRESS    SIZE    CONSTANT
//----------------------------------------------
0x0449       [4]    ?ICS_num
//** Label List: ** 
//----------------------------------------------
  L_main0
  L_main1
  L_main2
  _Timer1InterruptHandler
  _main
  L_ByteToStr0
  L_ByteToStr1
  L_ByteToStr2
  L_ByteToStr3
  L_ByteToStr4
  L_ByteToStr5
  L_WordToStr6
  L_WordToStr7
  L_WordToStr8
  L_WordToStr9
  L_WordToStr10
  L_WordToStr11
  L_WordToStrWithZeros12
  L_WordToStrWithZeros13
  L_WordToStrWithZeros14
  L_WordToStrWithZeros15
  L_WordToStrWithZeros16
  L_ShortToStr17
  L_ShortToStr18
  L_ShortToStr19
  L_ShortToStr20
  L_ShortToStr21
  L_ShortToStr22
  L_IntToStr23
  L_IntToStr24
  L_IntToStr25
  L_IntToStr26
  L_IntToStr27
  L_IntToStr28
  L_IntToStrWithZeros29
  L_IntToStrWithZeros30
  L_IntToStrWithZeros31
  L_IntToStrWithZeros32
  L_IntToStrWithZeros33
  L_IntToStrWithZeros34
  L_IntToStrWithZeros35
  L_IntToStrWithZeros36
  L_IntToStrWithZeros37
  L_LongWordToStr38
  L_LongWordToStr39
  L_LongWordToStr40
  L_LongWordToStr41
  L_LongWordToStr42
  L_LongWordToStr43
  L_LongWordToStrWithZeros44
  L_LongWordToStrWithZeros45
  L_LongWordToStrWithZeros46
  L_LongWordToStrWithZeros47
  L_LongWordToStrWithZeros48
  L_LongToStr49
  L_LongToStr50
  L_LongToStr51
  L_LongToStr52
  L_LongToStr53
  L_LongToStr54
  L_LongIntToStrWithZeros55
  L_LongIntToStrWithZeros56
  L_LongIntToStrWithZeros57
  L_LongIntToStrWithZeros58
  L_LongIntToStrWithZeros59
  L_LongIntToStrWithZeros60
  L_LongIntToStrWithZeros61
  L_LongIntToStrWithZeros62
  L_LongIntToStrWithZeros63
  L_Dec2Bcd64
  L_Dec2Bcd65
  L_Rtrim66
  L_Rtrim67
  L_Rtrim68
  L_Rtrim69
  L_Ltrim70
  L_Ltrim71
  L_Ltrim72
  L_Ltrim73
  L_Ltrim74
  L_Ltrim75
  L_FloatToStr76
  L_FloatToStr77
  L_FloatToStr78
  L_FloatToStr79
  L_FloatToStr80
  L_FloatToStr81
  L_FloatToStr82
  L_FloatToStr83
  L_FloatToStr84
  L_FloatToStr85
  L_FloatToStr86
  L_FloatToStr87
  L_FloatToStr88
  L_FloatToStr89
  L_FloatToStr90
  L_FloatToStr91
  L_FloatToStr92
  L_FloatToStr93
  L_FloatToStr94
  L_FloatToStr95
  L_FloatToStr96
  L_FloatToStr97
  L__Rtrim98
  L__Ltrim99
  L__FloatToStr100
  _ByteToHex
  L__ByteToHex101
  L__ByteToHex102
  _ShortToHex
  L__ShortToHex103
  L__ShortToHex104
  _WordToHex
  L__WordToHex105
  L__WordToHex106
  L__WordToHex107
  L__WordToHex108
  _IntToHex
  L__IntToHex109
  L__IntToHex110
  L__IntToHex111
  L__IntToHex112
  _LongWordToHex
  L__LongWordToHex113
  L__LongWordToHex114
  L__LongWordToHex115
  L__LongWordToHex116
  L__LongWordToHex117
  L__LongWordToHex118
  L__LongWordToHex119
  L__LongWordToHex120
  _LongIntToHex
  L__LongIntToHex121
  L__LongIntToHex122
  L__LongIntToHex123
  L__LongIntToHex124
  L__LongIntToHex125
  L__LongIntToHex126
  L__LongIntToHex127
  L__LongIntToHex128
  _ByteToStr
  _WordToStr
  _WordToStrWithZeros
  _ShortToStr
  _IntToStr
  _IntToStrWithZeros
  _LongWordToStr
  _LongWordToStrWithZeros
  _LongToStr
  _LongIntToStrWithZeros
  _Dec2Bcd
  L__Dec2Bcd129
  L__Dec2Bcd130
  _Bcd2Dec
  L__Bcd2Dec131
  L__Bcd2Dec132
  _Bcd2Dec16
  L__Bcd2Dec16133
  L__Bcd2Dec16134
  L__Bcd2Dec16135
  L__Bcd2Dec16136
  _Dec2Bcd16
  L__Dec2Bcd16137
  L__Dec2Bcd16138
  L__Dec2Bcd16139
  L__Dec2Bcd16140
  _Rtrim
  _Ltrim
  _FloatToStr
  L__FloatToStr141
  L__FloatToStr142
  L__FloatToStr143
  L__FloatToStr144
  L__FloatToStr145
  L__FloatToStr146
  L_Delay_Cyc0
  L_Delay_Cyc1
  L_VDelay_ms2
  L_VDelay_ms3
  L_VDelay_ms4
  L_VDelay_ms5
  _Get_Fosc_kHz
  _Delay_1us
  _Delay_10us
  _Delay_22us
  _Delay_50us
  _Delay_80us
  _Delay_500us
  _Delay_5500us
  _Delay_8ms
  _Delay_10ms
  _Delay_100ms
  _Delay_1sec
  _Delay_Cyc
  _VDelay_ms
  L_Lcd_Cmd0
  L_Lcd_Cmd1
  L_Lcd_Cmd2
  L_Lcd_Cmd3
  L_Lcd_Cmd4
  L_Lcd_Cmd5
  L_LCD_Out_CP6
  L_LCD_Out_CP7
  L_Lcd_Chr8
  L_Lcd_Chr9
  L_Lcd_Chr10
  L_Lcd_Chr11
  L_Lcd_Chr12
  L_Lcd_Chr13
  L_Lcd_Chr14
  L_LCD_Out15
  L_LCD_Out16
  L_LCD_Out17
  L_LCD_Out18
  L_LCD_Out19
  L_LCD_Out20
  L_LCD_Out21
  L_LCD_Out22
  L_LCD_Out23
  _Lcd_Cmd
  L__Lcd_Cmd24
  L__Lcd_Cmd25
  L__Lcd_Cmd26
  L__Lcd_Cmd27
  L__Lcd_Cmd28
  L__Lcd_Cmd29
  L__Lcd_Cmd30
  L__Lcd_Cmd31
  L__Lcd_Cmd32
  L__Lcd_Cmd33
  L__Lcd_Cmd34
  L__Lcd_Cmd35
  L__Lcd_Cmd36
  L__Lcd_Cmd37
  L__Lcd_Cmd38
  L__Lcd_Cmd39
  _Lcd_Chr_CP
  _LCD_Out_CP
  _Lcd_Chr
  _Lcd_Init
  _LCD_Out
  lab_end
  loop_lab
  lab_end1
  lab_loop1
  lab_end2
  lab_loop3
  __Div_8x8_S_Bpositive
  __Div_8x8_S_Apositive
  __Div_8x8_S_Skip_Div
  __Div_8x8_S_div_ret
  __op2hi_not_zero
  __op1hi_not_zero
  __Div_16x16_U_Loop1
  __Div_16x16_U_Lab1
  __Div_16x16_U_div_ret
  __Div_16x16_U_Loop2
  __Div_16x16_U_Lab2
  __Div_16x16_U_Lab3
  __Div_16x16_S_op2hipositive
  __Div_16x16_S_op1hipositive
  __Div_16x16_S_Skip_Udiv
  __Div_16x16_S_div_ret
  __Div_32x32_U_start
  __Div_32x32_U_aux
  __Div_32x32_U_l2
  __Div_32x32_U_l1
  lw_1
  lw_2
  __Div_32x32_U_l3
  lw_3
  __Div_32x32_U_l4
  __Div_32x32_U_IR_l0
  __Div_32x32_U_l5
  __Div_32x32_U_l6
  __Div_32x32_U_l8
  __Div_32x32_U_l7
  __Div_32x32_U_IR_l1
  __Div_32x32_U_l10
  __Div_32x32_U_l9
  __Div_32x32_U_IR_l2
  __Div_32x32_S_l1
  __Div_32x32_S_call_uns
  __Div_32x32_S_l2
  __Div_32x32_S_l3
  __Div_32x32_S_div_ret
  __shl_long
  __shr_longint
  __shr_longword
  _Mul_16x16
  _Mul_32x32
  _Div_8x8_S
  _Div_16x16_U
  _Div_16x16_S
  _Div_32x32_U
  _Div_32x32_S
  _CC2D_Loop1
  _CC2PD_Loop1
  _CC2XD_Loop1
  ___DoIFC
  ___CC2D
  ___CC2PD
  ___CC2XD
  L_main0
  L_main1
  L_main2
  _Timer1InterruptHandler
  _main
