;  LST file generated by mikroListExporter - v.2.0 
; Date/Time: 5/28/2014 10:16:12 a.m.
;----------------------------------------------

;Address Opcode 	ASM
0x0000	0x02002E  	LJMP 46
0x0003	0x020000  	LJMP 0
0x0006	0x00      	NOP
0x0007	0x00      	NOP
0x0008	0x00      	NOP
0x0009	0x00      	NOP
0x000A	0x00      	NOP
0x000B	0x020000  	LJMP 0
0x000E	0x00      	NOP
0x000F	0x00      	NOP
0x0010	0x00      	NOP
0x0011	0x00      	NOP
0x0012	0x00      	NOP
0x0013	0x020000  	LJMP 0
0x0016	0x00      	NOP
0x0017	0x00      	NOP
0x0018	0x00      	NOP
0x0019	0x00      	NOP
0x001A	0x00      	NOP
0x001B	0x020000  	LJMP 0
0x001E	0x00      	NOP
0x001F	0x00      	NOP
0x0020	0x00      	NOP
0x0021	0x00      	NOP
0x0022	0x00      	NOP
0x0023	0x020000  	LJMP 0
0x0026	0x00      	NOP
0x0027	0x00      	NOP
0x0028	0x00      	NOP
0x0029	0x00      	NOP
0x002A	0x00      	NOP
0x002B	0x020000  	LJMP 0
_main:
0x002E	0x758180  	MOV SP, #128
;desplazamientoLed_mikroC.c,3 :: 		void main() {
;desplazamientoLed_mikroC.c,4 :: 		dato=1;
0x0031	0x750801  	MOV _dato, #1
;desplazamientoLed_mikroC.c,5 :: 		P2=0;
0x0034	0x75A000  	MOV P2, #0
;desplazamientoLed_mikroC.c,6 :: 		while(1){
L_main0:
;desplazamientoLed_mikroC.c,7 :: 		switch(P2){
0x0037	0x8044    	SJMP L_main2
;desplazamientoLed_mikroC.c,8 :: 		case 1:
L_main4:
;desplazamientoLed_mikroC.c,9 :: 		if(dato!=1){
0x0039	0xE508    	MOV A, _dato
0x003B	0x6401    	XRL A, #1
0x003D	0x600F    	JZ L_main5
;desplazamientoLed_mikroC.c,10 :: 		dato=(dato>>1);
0x003F	0x7801    	MOV R0, #1
0x0041	0xE508    	MOV A, _dato
0x0043	0x08      	INC R0
0x0044	0x8002    	SJMP L__main14
L__main15:
0x0046	0xC3      	CLR C
0x0047	0x13      	RRC A
L__main14:
0x0048	0xD8FC    	DJNZ R0, L__main15
0x004A	0xF508    	MOV _dato, A
;desplazamientoLed_mikroC.c,11 :: 		}
0x004C	0x8003    	SJMP L_main6
L_main5:
;desplazamientoLed_mikroC.c,13 :: 		dato=128;
0x004E	0x750880  	MOV _dato, #128
;desplazamientoLed_mikroC.c,14 :: 		}
L_main6:
;desplazamientoLed_mikroC.c,15 :: 		while(P2==1);
L_main7:
0x0051	0xE5A0    	MOV A, P2
0x0053	0x6401    	XRL A, #1
0x0055	0x7002    	JNZ L_main8
0x0057	0x80F8    	SJMP L_main7
L_main8:
;desplazamientoLed_mikroC.c,16 :: 		break;
0x0059	0x802E    	SJMP L_main3
;desplazamientoLed_mikroC.c,17 :: 		case 2:
L_main9:
;desplazamientoLed_mikroC.c,18 :: 		if(dato!=128){
0x005B	0xE508    	MOV A, _dato
0x005D	0x6480    	XRL A, #128
0x005F	0x600F    	JZ L_main10
;desplazamientoLed_mikroC.c,19 :: 		dato=(dato<<1);
0x0061	0x7801    	MOV R0, #1
0x0063	0xE508    	MOV A, _dato
0x0065	0x08      	INC R0
0x0066	0x8002    	SJMP L__main16
L__main17:
0x0068	0xC3      	CLR C
0x0069	0x33      	RLC A
L__main16:
0x006A	0xD8FC    	DJNZ R0, L__main17
0x006C	0xF508    	MOV _dato, A
;desplazamientoLed_mikroC.c,20 :: 		}
0x006E	0x8003    	SJMP L_main11
L_main10:
;desplazamientoLed_mikroC.c,22 :: 		dato=1;
0x0070	0x750801  	MOV _dato, #1
;desplazamientoLed_mikroC.c,23 :: 		}
L_main11:
;desplazamientoLed_mikroC.c,24 :: 		while(P2==2);
L_main12:
0x0073	0xE5A0    	MOV A, P2
0x0075	0x6402    	XRL A, #2
0x0077	0x7002    	JNZ L_main13
0x0079	0x80F8    	SJMP L_main12
L_main13:
;desplazamientoLed_mikroC.c,25 :: 		break;
0x007B	0x800C    	SJMP L_main3
;desplazamientoLed_mikroC.c,26 :: 		}
L_main2:
0x007D	0xE5A0    	MOV A, P2
0x007F	0x6401    	XRL A, #1
0x0081	0x60B6    	JZ L_main4
0x0083	0xE5A0    	MOV A, P2
0x0085	0x6402    	XRL A, #2
0x0087	0x60D2    	JZ L_main9
L_main3:
;desplazamientoLed_mikroC.c,27 :: 		Delay_ms(15);
0x0089	0x7E31    	MOV R6, 49
0x008B	0x7FA2    	MOV R7, 162
0x008D	0xDFFE    	DJNZ R7, PC-2
0x008F	0xDEFC    	DJNZ R6, PC-4
;desplazamientoLed_mikroC.c,28 :: 		P0=dato;
0x0091	0x850880  	MOV P0, _dato+0
;desplazamientoLed_mikroC.c,29 :: 		}
0x0094	0x80A1    	SJMP L_main0
;desplazamientoLed_mikroC.c,30 :: 		}
0x0096	0x80FE    	SJMP #254
; end of _main
Symbol List:
//** Routines locations **
//ADDRESS    SIZE    PROCEDURE
//----------------------------------------------
0x002E     [106]    _main
//** Variables locations ** 
//ADDRESS    SIZE    VARIABLE
//----------------------------------------------
0x0000       [1]    R0
0x0001       [1]    R1
0x0002       [1]    R2
0x0003       [1]    R3
0x0004       [1]    R4
0x0005       [1]    R5
0x0006       [1]    R6
0x0007       [1]    R7
0x0008       [1]    _dato
0x0080       [1]    P0
0x0081       [1]    SP
0x0082       [1]    DPL
0x0083       [1]    DPH
0x00A0       [1]    P2
0x00D0       [1]    PSW
0x00E0       [1]    ACC
0x00F0       [1]    B
//** Label List: ** 
//----------------------------------------------
  L_main0
  L_main1
  L_main2
  L_main3
  L_main4
  L_main5
  L_main6
  L_main7
  L_main8
  L_main9
  L_main10
  L_main11
  L_main12
  L_main13
  _main
  L__main14
  L__main15
  L__main16
  L__main17
