;  LST file generated by mikroListExporter - v.2.0 
; Date/Time: 31/05/2014 07:00:01 a.m.
;----------------------------------------------

;Address Opcode 	ASM
0x0000	0x020036  	LJMP 54
0x0003	0x020000  	LJMP 0
0x0006	0x00      	NOP
0x0007	0x00      	NOP
0x0008	0x00      	NOP
0x0009	0x00      	NOP
0x000A	0x00      	NOP
0x000B	0x020000  	LJMP 0
0x000E	0x00      	NOP
0x000F	0x00      	NOP
0x0010	0x00      	NOP
0x0011	0x00      	NOP
0x0012	0x00      	NOP
0x0013	0x020000  	LJMP 0
0x0016	0x00      	NOP
0x0017	0x00      	NOP
0x0018	0x00      	NOP
0x0019	0x00      	NOP
0x001A	0x00      	NOP
0x001B	0x020000  	LJMP 0
0x001E	0x00      	NOP
0x001F	0x00      	NOP
0x0020	0x00      	NOP
0x0021	0x00      	NOP
0x0022	0x00      	NOP
0x0023	0x020000  	LJMP 0
0x0026	0x00      	NOP
0x0027	0x00      	NOP
0x0028	0x00      	NOP
0x0029	0x00      	NOP
0x002A	0x00      	NOP
0x002B	0x020000  	LJMP 0
___CC2D:
;__Lib_System.c,13 :: 		
;__Lib_System.c,15 :: 		
_CC2D_Loop1:
;__Lib_System.c,16 :: 		
0x002E	0xE4      	CLR A
;__Lib_System.c,17 :: 		
0x002F	0x93      	MOVC A, @A+DPTR
;__Lib_System.c,18 :: 		
0x0030	0xF6      	MOV @R0, A
;__Lib_System.c,19 :: 		
0x0031	0x08      	INC R0
;__Lib_System.c,20 :: 		
0x0032	0xA3      	INC DPTR
;__Lib_System.c,21 :: 		
0x0033	0xD9F9    	DJNZ R1, _CC2D_Loop1
;__Lib_System.c,23 :: 		
0x0035	0x22      	RET
; end of ___CC2D
_main:
0x0036	0x758180  	MOV SP, #128
;desplazarBits_mikroC.c,2 :: 		void main() {
;desplazarBits_mikroC.c,3 :: 		dato=1;
0x0039	0x750801  	MOV _dato, #1
;desplazarBits_mikroC.c,4 :: 		while(1){
L_main0:
;desplazarBits_mikroC.c,5 :: 		if(dato!=128){
0x003C	0xE508    	MOV A, _dato
0x003E	0x6480    	XRL A, #128
0x0040	0x600F    	JZ L_main2
;desplazarBits_mikroC.c,6 :: 		dato=(dato<<1);
0x0042	0x7801    	MOV R0, #1
0x0044	0xE508    	MOV A, _dato
0x0046	0x08      	INC R0
0x0047	0x8002    	SJMP L__main4
L__main5:
0x0049	0xC3      	CLR C
0x004A	0x33      	RLC A
L__main4:
0x004B	0xD8FC    	DJNZ R0, L__main5
0x004D	0xF508    	MOV _dato, A
;desplazarBits_mikroC.c,7 :: 		}
0x004F	0x8003    	SJMP L_main3
L_main2:
;desplazarBits_mikroC.c,9 :: 		dato=1;
0x0051	0x750801  	MOV _dato, #1
;desplazarBits_mikroC.c,10 :: 		}
L_main3:
;desplazarBits_mikroC.c,11 :: 		P0=dato;
0x0054	0x850880  	MOV P0, _dato+0
;desplazarBits_mikroC.c,12 :: 		Delay_ms(500);
0x0057	0x7D07    	MOV R5, 7
0x0059	0x7E56    	MOV R6, 86
0x005B	0x7F3C    	MOV R7, 60
0x005D	0xDFFE    	DJNZ R7, PC-2
0x005F	0xDEFC    	DJNZ R6, PC-4
0x0061	0xDDFA    	DJNZ R5, PC-6
;desplazarBits_mikroC.c,13 :: 		}
0x0063	0x80D7    	SJMP L_main0
;desplazarBits_mikroC.c,14 :: 		}
0x0065	0x80FE    	SJMP #254
; end of _main
Symbol List:
//** Routines locations **
//ADDRESS    SIZE    PROCEDURE
//----------------------------------------------
0x002E       [8]    ___CC2D
0x0036      [49]    _main
//** Variables locations ** 
//ADDRESS    SIZE    VARIABLE
//----------------------------------------------
0x0000       [1]    R0
0x0001       [1]    R1
0x0002       [1]    R2
0x0003       [1]    R3
0x0004       [1]    R4
0x0005       [1]    R5
0x0006       [1]    R6
0x0007       [1]    R7
0x0008       [1]    _dato
0x0080       [1]    P0
0x0081       [1]    SP
0x0082       [1]    DPL
0x0083       [1]    DPH
0x00D0       [1]    PSW
0x00E0       [1]    ACC
0x00F0       [1]    B
//** Label List: ** 
//----------------------------------------------
  L_main0
  L_main1
  L_main2
  L_main3
  _main
  L__main4
  L__main5
  _CC2D_Loop1
  _CC2PD_Loop1
  _CC2XD_Loop1
  ___DoIFC
  ___CC2D
  ___CC2PD
  ___CC2XD
