;  LST file generated by mikroListExporter - v.2.0 
; Date/Time: 07/06/2014 07:24:10 a.m.
;----------------------------------------------

;Address Opcode 	ASM
0x0000	0x020036  	LJMP 54
0x0003	0x020000  	LJMP 0
0x0006	0x00      	NOP
0x0007	0x00      	NOP
0x0008	0x00      	NOP
0x0009	0x00      	NOP
0x000A	0x00      	NOP
0x000B	0x020000  	LJMP 0
0x000E	0x00      	NOP
0x000F	0x00      	NOP
0x0010	0x00      	NOP
0x0011	0x00      	NOP
0x0012	0x00      	NOP
0x0013	0x020000  	LJMP 0
0x0016	0x00      	NOP
0x0017	0x00      	NOP
0x0018	0x00      	NOP
0x0019	0x00      	NOP
0x001A	0x00      	NOP
0x001B	0x020000  	LJMP 0
0x001E	0x00      	NOP
0x001F	0x00      	NOP
0x0020	0x00      	NOP
0x0021	0x00      	NOP
0x0022	0x00      	NOP
0x0023	0x020000  	LJMP 0
0x0026	0x00      	NOP
0x0027	0x00      	NOP
0x0028	0x00      	NOP
0x0029	0x00      	NOP
0x002A	0x00      	NOP
0x002B	0x020000  	LJMP 0
___CC2D:
;__Lib_System.c,13 :: 		
;__Lib_System.c,15 :: 		
_CC2D_Loop1:
;__Lib_System.c,16 :: 		
0x002E	0xE4      	CLR A
;__Lib_System.c,17 :: 		
0x002F	0x93      	MOVC A, @A+DPTR
;__Lib_System.c,18 :: 		
0x0030	0xF6      	MOV @R0, A
;__Lib_System.c,19 :: 		
0x0031	0x08      	INC R0
;__Lib_System.c,20 :: 		
0x0032	0xA3      	INC DPTR
;__Lib_System.c,21 :: 		
0x0033	0xD9F9    	DJNZ R1, _CC2D_Loop1
;__Lib_System.c,23 :: 		
0x0035	0x22      	RET
; end of ___CC2D
_main:
0x0036	0x758180  	MOV SP, #128
;MotorPaP1.c,6 :: 		void main(){
;MotorPaP1.c,7 :: 		i=0;
0x0039	0x750800  	MOV _i, #0
;MotorPaP1.c,8 :: 		while(1){
L_main0:
;MotorPaP1.c,9 :: 		P0=0;
0x003C	0x758000  	MOV P0, #0
;MotorPaP1.c,10 :: 		for(i=0;i<4;i++){
0x003F	0x750800  	MOV _i, #0
L_main2:
0x0042	0xC3      	CLR C
0x0043	0x7404    	MOV A, #4
0x0045	0x6480    	XRL A, #128
0x0047	0xF8      	MOV R0, A
0x0048	0xE508    	MOV A, _i
0x004A	0x6480    	XRL A, #128
0x004C	0x98      	SUBB A, R0
0x004D	0x502D    	JNC L_main3
;MotorPaP1.c,11 :: 		P0=paso_simple[i];
0x004F	0xA808    	MOV R0, _i
0x0051	0xE508    	MOV A, _i
0x0053	0x33      	RLC A
0x0054	0xE4      	CLR A
0x0055	0x95E0    	SUBB A, ACC
0x0057	0xF9      	MOV R1, A
0x0058	0xE8      	MOV A, R0
0x0059	0x248F    	ADD A, lo_addr(_paso_simple)
0x005B	0xFA      	MOV R2, A
0x005C	0xE9      	MOV A, R1
0x005D	0x3400    	ADDC A, hi_addr(_paso_simple)
0x005F	0xFB      	MOV R3, A
0x0060	0x850282  	MOV DP0L, 2
0x0063	0x850383  	MOV DP0H, 3
0x0066	0xE4      	CLR A
0x0067	0x93      	MOVC A, @A+DPTR
0x0068	0xF8      	MOV R0, A
0x0069	0x850080  	MOV P0, 0
;MotorPaP1.c,12 :: 		Delay_ms(250);
0x006C	0x7D04    	MOV R5, 4
0x006E	0x7E2B    	MOV R6, 43
0x0070	0x7F9D    	MOV R7, 157
0x0072	0xDFFE    	DJNZ R7, PC-2
0x0074	0xDEFC    	DJNZ R6, PC-4
0x0076	0xDDFA    	DJNZ R5, PC-6
;MotorPaP1.c,10 :: 		for(i=0;i<4;i++){
0x0078	0x0508    	INC _i
;MotorPaP1.c,13 :: 		}
0x007A	0x80C6    	SJMP L_main2
L_main3:
;MotorPaP1.c,14 :: 		P0=0;
0x007C	0x758000  	MOV P0, #0
;MotorPaP1.c,15 :: 		Delay_ms(1000);
0x007F	0x7D0D    	MOV R5, 13
0x0081	0x7EAB    	MOV R6, 171
0x0083	0x7F7C    	MOV R7, 124
0x0085	0xDFFE    	DJNZ R7, PC-2
0x0087	0xDEFC    	DJNZ R6, PC-4
0x0089	0xDDFA    	DJNZ R5, PC-6
;MotorPaP1.c,16 :: 		}
0x008B	0x80AF    	SJMP L_main0
;MotorPaP1.c,17 :: 		}
0x008D	0x80FE    	SJMP #254
; end of _main
;MotorPaP1.c,1 :: _paso_simple
0x008F	0x010204 ;_paso_simple+0
0x0092	0x08 ;_paso_simple+3
; end of _paso_simple
Symbol List:
//** Routines locations **
//ADDRESS    SIZE    PROCEDURE
//----------------------------------------------
0x002E       [8]    ___CC2D
0x0036      [89]    _main
//** Variables locations ** 
//ADDRESS    SIZE    VARIABLE
//----------------------------------------------
0x0000       [1]    R0
0x0001       [1]    R1
0x0002       [1]    R2
0x0003       [1]    R3
0x0004       [1]    R4
0x0005       [1]    R5
0x0006       [1]    R6
0x0007       [1]    R7
0x0008       [1]    _i
0x0080       [1]    P0
0x0081       [1]    SP
0x0082       [1]    DPL
0x0083       [1]    DPH
0x00D0       [1]    PSW
0x00E0       [1]    ACC
0x00F0       [1]    B
//** Constants locations ** 
//ADDRESS    SIZE    CONSTANT
//----------------------------------------------
0x008F       [4]    _paso_simple
//** Label List: ** 
//----------------------------------------------
  L_main0
  L_main1
  L_main2
  L_main3
  L_main4
  _main
  _CC2D_Loop1
  _CC2PD_Loop1
  _CC2XD_Loop1
  ___DoIFC
  ___CC2D
  ___CC2PD
  ___CC2XD
