;  LST file generated by mikroListExporter - v.2.0 
; Date/Time: 29/06/2014 09:05:14 a.m.
;----------------------------------------------

;Address Opcode 	ASM
0x0000	0x020389  	LJMP 905
0x0003	0x020000  	LJMP 0
0x0006	0x00      	NOP
0x0007	0x00      	NOP
0x0008	0x00      	NOP
0x0009	0x00      	NOP
0x000A	0x00      	NOP
0x000B	0x020000  	LJMP 0
0x000E	0x00      	NOP
0x000F	0x00      	NOP
0x0010	0x00      	NOP
0x0011	0x00      	NOP
0x0012	0x00      	NOP
0x0013	0x020000  	LJMP 0
0x0016	0x00      	NOP
0x0017	0x00      	NOP
0x0018	0x00      	NOP
0x0019	0x00      	NOP
0x001A	0x00      	NOP
0x001B	0x020000  	LJMP 0
0x001E	0x00      	NOP
0x001F	0x00      	NOP
0x0020	0x00      	NOP
0x0021	0x00      	NOP
0x0022	0x00      	NOP
0x0023	0x020000  	LJMP 0
0x0026	0x00      	NOP
0x0027	0x00      	NOP
0x0028	0x00      	NOP
0x0029	0x00      	NOP
0x002A	0x00      	NOP
0x002B	0x020000  	LJMP 0
_Delay_5500us:
;__Lib_Delays.c,213 :: 		void Delay_5500us() {
;__Lib_Delays.c,214 :: 		Delay_us(5500);
0x002E	0x7E12    	MOV R6, 18
0x0030	0x7FD4    	MOV R7, 212
0x0032	0xDFFE    	DJNZ R7, PC-2
0x0034	0xDEFC    	DJNZ R6, PC-4
0x0036	0x00      	NOP
;__Lib_Delays.c,215 :: 		}
0x0037	0x22      	RET
; end of _Delay_5500us
_Delay_50us:
;__Lib_Delays.c,138 :: 		void Delay_50us() {
;__Lib_Delays.c,139 :: 		Delay_us(50);
0x0038	0x7F29    	MOV R7, 41
0x003A	0xDFFE    	DJNZ R7, PC-2
;__Lib_Delays.c,140 :: 		}
0x003C	0x22      	RET
; end of _Delay_50us
_Delay_1us:
;__Lib_Delays.c,63 :: 		void Delay_1us() {
;__Lib_Delays.c,64 :: 		Delay_us(1);
0x003D	0x00      	NOP
0x003E	0x00      	NOP
;__Lib_Delays.c,65 :: 		}
0x003F	0x22      	RET
; end of _Delay_1us
_Lcd_Cmd:
;__Lib_Lcd.c,13 :: 		
;__Lib_Lcd.c,14 :: 		
0x0040	0xE520    	MOV A, FARG_Lcd_Cmd_out_char
0x0042	0x5480    	ANL A, #128
0x0044	0xF8      	MOV R0, A
0x0045	0x630080  	XRL R0, #128
0x0048	0xE8      	MOV A, R0
0x0049	0x6004    	JZ L__Lcd_Cmd24
0x004B	0x7800    	MOV R0, #0
0x004D	0x8002    	SJMP L__Lcd_Cmd25
L__Lcd_Cmd24:
0x004F	0x7801    	MOV R0, #1
L__Lcd_Cmd25:
0x0051	0xE8      	MOV A, R0
0x0052	0x13      	RRC A
0x0053	0x92A5    	MOV LCD_D7, C
;__Lib_Lcd.c,15 :: 		
0x0055	0xE520    	MOV A, FARG_Lcd_Cmd_out_char
0x0057	0x5440    	ANL A, #64
0x0059	0xF8      	MOV R0, A
0x005A	0x630040  	XRL R0, #64
0x005D	0xE8      	MOV A, R0
0x005E	0x6004    	JZ L__Lcd_Cmd26
0x0060	0x7800    	MOV R0, #0
0x0062	0x8002    	SJMP L__Lcd_Cmd27
L__Lcd_Cmd26:
0x0064	0x7801    	MOV R0, #1
L__Lcd_Cmd27:
0x0066	0xE8      	MOV A, R0
0x0067	0x13      	RRC A
0x0068	0x92A4    	MOV LCD_D6, C
;__Lib_Lcd.c,16 :: 		
0x006A	0xE520    	MOV A, FARG_Lcd_Cmd_out_char
0x006C	0x5420    	ANL A, #32
0x006E	0xF8      	MOV R0, A
0x006F	0x630020  	XRL R0, #32
0x0072	0xE8      	MOV A, R0
0x0073	0x6004    	JZ L__Lcd_Cmd28
0x0075	0x7800    	MOV R0, #0
0x0077	0x8002    	SJMP L__Lcd_Cmd29
L__Lcd_Cmd28:
0x0079	0x7801    	MOV R0, #1
L__Lcd_Cmd29:
0x007B	0xE8      	MOV A, R0
0x007C	0x13      	RRC A
0x007D	0x92A3    	MOV LCD_D5, C
;__Lib_Lcd.c,17 :: 		
0x007F	0xE520    	MOV A, FARG_Lcd_Cmd_out_char
0x0081	0x5410    	ANL A, #16
0x0083	0xF8      	MOV R0, A
0x0084	0x630010  	XRL R0, #16
0x0087	0xE8      	MOV A, R0
0x0088	0x6004    	JZ L__Lcd_Cmd30
0x008A	0x7800    	MOV R0, #0
0x008C	0x8002    	SJMP L__Lcd_Cmd31
L__Lcd_Cmd30:
0x008E	0x7801    	MOV R0, #1
L__Lcd_Cmd31:
0x0090	0xE8      	MOV A, R0
0x0091	0x13      	RRC A
0x0092	0x92A2    	MOV LCD_D4, C
;__Lib_Lcd.c,19 :: 		
0x0094	0xE50F    	MOV A, _cmd_status
0x0096	0x6004    	JZ L_Lcd_Cmd0
0x0098	0x7800    	MOV R0, #0
0x009A	0x8002    	SJMP L_Lcd_Cmd1
L_Lcd_Cmd0:
0x009C	0x7801    	MOV R0, #1
L_Lcd_Cmd1:
0x009E	0xE8      	MOV A, R0
0x009F	0x13      	RRC A
0x00A0	0x92A0    	MOV LCD_RS, C
;__Lib_Lcd.c,21 :: 		
0x00A2	0xD2A1    	SETB LCD_EN
;__Lib_Lcd.c,22 :: 		
0x00A4	0x113D    	ACALL _Delay_1us
;__Lib_Lcd.c,23 :: 		
0x00A6	0xC2A1    	CLR LCD_EN
;__Lib_Lcd.c,25 :: 		
0x00A8	0xE520    	MOV A, FARG_Lcd_Cmd_out_char
0x00AA	0x5408    	ANL A, #8
0x00AC	0xF8      	MOV R0, A
0x00AD	0x630008  	XRL R0, #8
0x00B0	0xE8      	MOV A, R0
0x00B1	0x6004    	JZ L__Lcd_Cmd32
0x00B3	0x7800    	MOV R0, #0
0x00B5	0x8002    	SJMP L__Lcd_Cmd33
L__Lcd_Cmd32:
0x00B7	0x7801    	MOV R0, #1
L__Lcd_Cmd33:
0x00B9	0xE8      	MOV A, R0
0x00BA	0x13      	RRC A
0x00BB	0x92A5    	MOV LCD_D7, C
;__Lib_Lcd.c,26 :: 		
0x00BD	0xE520    	MOV A, FARG_Lcd_Cmd_out_char
0x00BF	0x5404    	ANL A, #4
0x00C1	0xF8      	MOV R0, A
0x00C2	0x630004  	XRL R0, #4
0x00C5	0xE8      	MOV A, R0
0x00C6	0x6004    	JZ L__Lcd_Cmd34
0x00C8	0x7800    	MOV R0, #0
0x00CA	0x8002    	SJMP L__Lcd_Cmd35
L__Lcd_Cmd34:
0x00CC	0x7801    	MOV R0, #1
L__Lcd_Cmd35:
0x00CE	0xE8      	MOV A, R0
0x00CF	0x13      	RRC A
0x00D0	0x92A4    	MOV LCD_D6, C
;__Lib_Lcd.c,27 :: 		
0x00D2	0xE520    	MOV A, FARG_Lcd_Cmd_out_char
0x00D4	0x5402    	ANL A, #2
0x00D6	0xF8      	MOV R0, A
0x00D7	0x630002  	XRL R0, #2
0x00DA	0xE8      	MOV A, R0
0x00DB	0x6004    	JZ L__Lcd_Cmd36
0x00DD	0x7800    	MOV R0, #0
0x00DF	0x8002    	SJMP L__Lcd_Cmd37
L__Lcd_Cmd36:
0x00E1	0x7801    	MOV R0, #1
L__Lcd_Cmd37:
0x00E3	0xE8      	MOV A, R0
0x00E4	0x13      	RRC A
0x00E5	0x92A3    	MOV LCD_D5, C
;__Lib_Lcd.c,28 :: 		
0x00E7	0xE520    	MOV A, FARG_Lcd_Cmd_out_char
0x00E9	0x5401    	ANL A, #1
0x00EB	0xF8      	MOV R0, A
0x00EC	0x630001  	XRL R0, #1
0x00EF	0xE8      	MOV A, R0
0x00F0	0x6004    	JZ L__Lcd_Cmd38
0x00F2	0x7800    	MOV R0, #0
0x00F4	0x8002    	SJMP L__Lcd_Cmd39
L__Lcd_Cmd38:
0x00F6	0x7801    	MOV R0, #1
L__Lcd_Cmd39:
0x00F8	0xE8      	MOV A, R0
0x00F9	0x13      	RRC A
0x00FA	0x92A2    	MOV LCD_D4, C
;__Lib_Lcd.c,30 :: 		
0x00FC	0xE50F    	MOV A, _cmd_status
0x00FE	0x6004    	JZ L_Lcd_Cmd2
0x0100	0x7800    	MOV R0, #0
0x0102	0x8002    	SJMP L_Lcd_Cmd3
L_Lcd_Cmd2:
0x0104	0x7801    	MOV R0, #1
L_Lcd_Cmd3:
0x0106	0xE8      	MOV A, R0
0x0107	0x13      	RRC A
0x0108	0x92A0    	MOV LCD_RS, C
;__Lib_Lcd.c,32 :: 		
0x010A	0xD2A1    	SETB LCD_EN
;__Lib_Lcd.c,33 :: 		
0x010C	0x113D    	ACALL _Delay_1us
;__Lib_Lcd.c,34 :: 		
0x010E	0xC2A1    	CLR LCD_EN
;__Lib_Lcd.c,36 :: 		
0x0110	0xE50F    	MOV A, _cmd_status
0x0112	0x6004    	JZ L_Lcd_Cmd4
;__Lib_Lcd.c,37 :: 		
0x0114	0x112E    	ACALL _Delay_5500us
0x0116	0x8002    	SJMP L_Lcd_Cmd5
L_Lcd_Cmd4:
;__Lib_Lcd.c,39 :: 		
0x0118	0x1138    	ACALL _Delay_50us
L_Lcd_Cmd5:
;__Lib_Lcd.c,40 :: 		
0x011A	0x22      	RET
; end of _Lcd_Cmd
_Div_16x16_U:
;__Lib_Math.c,273 :: 		
;__Lib_Math.c,275 :: 		
0x011B	0xBD000B  	CJNE R5, 0, __op2hi_not_zero
;__Lib_Math.c,276 :: 		
0x011E	0xB90029  	CJNE R1, 0, __op1hi_not_zero
;__Lib_Math.c,277 :: 		
0x0121	0xE8      	MOV A, R0
;__Lib_Math.c,278 :: 		
0x0122	0x8CF0    	MOV B, R4
;__Lib_Math.c,279 :: 		
0x0124	0x84      	DIV AB
;__Lib_Math.c,280 :: 		
0x0125	0xF8      	MOV R0, A
;__Lib_Math.c,281 :: 		
0x0126	0xACF0    	MOV R4, B
;__Lib_Math.c,282 :: 		
0x0128	0x22      	RET
;__Lib_Math.c,284 :: 		
__op2hi_not_zero:
;__Lib_Math.c,285 :: 		
0x0129	0xE4      	CLR A
;__Lib_Math.c,286 :: 		
0x012A	0xCD      	XCH A, R5
;__Lib_Math.c,287 :: 		
0x012B	0xFF      	MOV R7, A
;__Lib_Math.c,288 :: 		
0x012C	0x75F008  	MOV B, 8
;__Lib_Math.c,290 :: 		
__Div_16x16_U_Loop1:
;__Lib_Math.c,291 :: 		
0x012F	0xE8      	MOV A, R0
;__Lib_Math.c,292 :: 		
0x0130	0x28      	ADD A, R0
;__Lib_Math.c,293 :: 		
0x0131	0xF8      	MOV R0, A
;__Lib_Math.c,294 :: 		
0x0132	0xE9      	MOV A, R1
;__Lib_Math.c,295 :: 		
0x0133	0x33      	RLC A
;__Lib_Math.c,296 :: 		
0x0134	0xF9      	MOV R1, A
;__Lib_Math.c,297 :: 		
0x0135	0xED      	MOV A, R5
;__Lib_Math.c,298 :: 		
0x0136	0x33      	RLC A
;__Lib_Math.c,299 :: 		
0x0137	0xFD      	MOV R5, A
;__Lib_Math.c,300 :: 		
0x0138	0xE9      	MOV A, R1
;__Lib_Math.c,301 :: 		
0x0139	0x9C      	SUBB A, R4
;__Lib_Math.c,302 :: 		
0x013A	0xED      	MOV A, R5
;__Lib_Math.c,303 :: 		
0x013B	0x9F      	SUBB A, R7
;__Lib_Math.c,304 :: 		
0x013C	0x4005    	JC __Div_16x16_U_Lab1
;__Lib_Math.c,305 :: 		
0x013E	0xFD      	MOV R5, A
;__Lib_Math.c,306 :: 		
0x013F	0xE9      	MOV A, R1
;__Lib_Math.c,307 :: 		
0x0140	0x9C      	SUBB A, R4
;__Lib_Math.c,308 :: 		
0x0141	0xF9      	MOV R1, A
;__Lib_Math.c,309 :: 		
0x0142	0x08      	INC R0
;__Lib_Math.c,311 :: 		
__Div_16x16_U_Lab1:
;__Lib_Math.c,312 :: 		
0x0143	0xD5F0E9  	DJNZ B, __Div_16x16_U_Loop1
;__Lib_Math.c,313 :: 		
0x0146	0xE4      	CLR A
;__Lib_Math.c,314 :: 		
0x0147	0xC9      	XCH A, R1
;__Lib_Math.c,315 :: 		
0x0148	0xFC      	MOV R4, A
;__Lib_Math.c,316 :: 		
0x0149	0x22      	RET
;__Lib_Math.c,318 :: 		
__op1hi_not_zero:
;__Lib_Math.c,319 :: 		
0x014A	0xEC      	MOV A, R4
;__Lib_Math.c,320 :: 		
0x014B	0xFF      	MOV R7, A
;__Lib_Math.c,321 :: 		
0x014C	0xF5F0    	MOV B, A
;__Lib_Math.c,322 :: 		
0x014E	0xE9      	MOV A, R1
;__Lib_Math.c,323 :: 		
0x014F	0x84      	DIV AB
;__Lib_Math.c,324 :: 		
0x0150	0x20D21C  	JB OV_bit, __Div_16x16_U_div_ret
;__Lib_Math.c,325 :: 		
0x0153	0xF9      	MOV R1, A
;__Lib_Math.c,326 :: 		
0x0154	0xACF0    	MOV R4, B
;__Lib_Math.c,327 :: 		
0x0156	0x75F008  	MOV B, 8
;__Lib_Math.c,329 :: 		
__Div_16x16_U_Loop2:
;__Lib_Math.c,330 :: 		
0x0159	0xE8      	MOV A, R0
;__Lib_Math.c,331 :: 		
0x015A	0x28      	ADD A, R0
;__Lib_Math.c,332 :: 		
0x015B	0xF8      	MOV R0, A
;__Lib_Math.c,333 :: 		
0x015C	0xEC      	MOV A, R4
;__Lib_Math.c,334 :: 		
0x015D	0x33      	RLC A
;__Lib_Math.c,335 :: 		
0x015E	0xFC      	MOV R4, A
;__Lib_Math.c,336 :: 		
0x015F	0x4007    	JC __Div_16x16_U_Lab2
;__Lib_Math.c,337 :: 		
0x0161	0x9F      	SUBB A, R7
;__Lib_Math.c,338 :: 		
0x0162	0x5006    	JNC __Div_16x16_U_Lab3
;__Lib_Math.c,339 :: 		
0x0164	0xD5F0F2  	DJNZ B, __Div_16x16_U_Loop2
;__Lib_Math.c,340 :: 		
0x0167	0x22      	RET
;__Lib_Math.c,342 :: 		
__Div_16x16_U_Lab2:
;__Lib_Math.c,343 :: 		
0x0168	0xC3      	CLR C
;__Lib_Math.c,344 :: 		
0x0169	0x9F      	SUBB A, R7
;__Lib_Math.c,345 :: 		
__Div_16x16_U_Lab3:
;__Lib_Math.c,346 :: 		
0x016A	0xFC      	MOV R4, A
;__Lib_Math.c,347 :: 		
0x016B	0x08      	INC R0
;__Lib_Math.c,348 :: 		
0x016C	0xD5F0EA  	DJNZ B, __Div_16x16_U_Loop2
;__Lib_Math.c,350 :: 		
__Div_16x16_U_div_ret:
;__Lib_Math.c,352 :: 		
0x016F	0x22      	RET
; end of _Div_16x16_U
_WordToStr:
;__Lib_Conversions.c,84 :: 		
;__Lib_Conversions.c,89 :: 		
0x0170	0x751E00  	MOV WordToStr_len_L0, #0
L_WordToStr6:
0x0173	0xC3      	CLR C
0x0174	0xE51E    	MOV A, WordToStr_len_L0
0x0176	0x9405    	SUBB A, #5
0x0178	0x500B    	JNC L_WordToStr7
;__Lib_Conversions.c,90 :: 		
0x017A	0xE51D    	MOV A, FARG_WordToStr_output
0x017C	0x251E    	ADD A, WordToStr_len_L0
0x017E	0xF8      	MOV R0, A
0x017F	0x7620    	MOV @R0, #32
;__Lib_Conversions.c,89 :: 		
0x0181	0x051E    	INC WordToStr_len_L0
;__Lib_Conversions.c,90 :: 		
0x0183	0x80EE    	SJMP L_WordToStr6
L_WordToStr7:
;__Lib_Conversions.c,91 :: 		
0x0185	0xE51D    	MOV A, FARG_WordToStr_output
0x0187	0x251E    	ADD A, WordToStr_len_L0
0x0189	0xF8      	MOV R0, A
0x018A	0x7600    	MOV @R0, #0
0x018C	0x151E    	DEC WordToStr_len_L0
;__Lib_Conversions.c,93 :: 		
L_WordToStr9:
;__Lib_Conversions.c,94 :: 		
0x018E	0xE51D    	MOV A, FARG_WordToStr_output
0x0190	0x251E    	ADD A, WordToStr_len_L0
0x0192	0xF8      	MOV R0, A
0x0193	0x85001F  	MOV FLOC__WordToStr, 0
0x0196	0x7C0A    	MOV R4, #10
0x0198	0x7D00    	MOV R5, #0
0x019A	0xA81B    	MOV R0, FARG_WordToStr_input
0x019C	0xA91C    	MOV R1, FARG_WordToStr_input+1
0x019E	0x311B    	ACALL _Div_16x16_U
0x01A0	0xA804    	MOV R0, R4
0x01A2	0xA905    	MOV R1, R5
0x01A4	0x7430    	MOV A, #48
0x01A6	0x28      	ADD A, R0
0x01A7	0xF9      	MOV R1, A
0x01A8	0xA81F    	MOV R0, FLOC__WordToStr
0x01AA	0xA601    	MOV @R0, R1
;__Lib_Conversions.c,95 :: 		
0x01AC	0x7C0A    	MOV R4, #10
0x01AE	0x7D00    	MOV R5, #0
0x01B0	0xA81B    	MOV R0, FARG_WordToStr_input
0x01B2	0xA91C    	MOV R1, FARG_WordToStr_input+1
0x01B4	0x311B    	ACALL _Div_16x16_U
0x01B6	0x85001B  	MOV FARG_WordToStr_input, 0
0x01B9	0x85011C  	MOV FARG_WordToStr_input+1, 1
;__Lib_Conversions.c,96 :: 		
0x01BC	0xE8      	MOV A, R0
0x01BD	0x49      	ORL A, R1
0x01BE	0x7002    	JNZ L_WordToStr11
;__Lib_Conversions.c,97 :: 		
0x01C0	0x8004    	SJMP L_WordToStr10
L_WordToStr11:
;__Lib_Conversions.c,98 :: 		
0x01C2	0x151E    	DEC WordToStr_len_L0
;__Lib_Conversions.c,99 :: 		
0x01C4	0x80C8    	SJMP L_WordToStr9
L_WordToStr10:
;__Lib_Conversions.c,100 :: 		
0x01C6	0x22      	RET
; end of _WordToStr
_Lcd_Chr_CP:
;__Lib_Lcd.c,42 :: 		
;__Lib_Lcd.c,44 :: 		
0x01C7	0x750F00  	MOV _cmd_status, #0
;__Lib_Lcd.c,45 :: 		
0x01CA	0x851B20  	MOV FARG_Lcd_Cmd_out_char, FARG_Lcd_Chr_CP_out_char+0
0x01CD	0x1140    	ACALL _Lcd_Cmd
;__Lib_Lcd.c,46 :: 		
0x01CF	0x750F01  	MOV _cmd_status, #1
;__Lib_Lcd.c,47 :: 		
0x01D2	0x22      	RET
; end of _Lcd_Chr_CP
_Lcd_Init:
;__Lib_Lcd.c,76 :: 		
;__Lib_Lcd.c,78 :: 		
0x01D3	0xC2A1    	CLR LCD_EN
;__Lib_Lcd.c,80 :: 		
0x01D5	0xC2A0    	CLR LCD_RS
;__Lib_Lcd.c,83 :: 		
0x01D7	0x112E    	ACALL _Delay_5500us
;__Lib_Lcd.c,84 :: 		
0x01D9	0x112E    	ACALL _Delay_5500us
;__Lib_Lcd.c,85 :: 		
0x01DB	0x112E    	ACALL _Delay_5500us
;__Lib_Lcd.c,87 :: 		
0x01DD	0xC2A5    	CLR LCD_D7
;__Lib_Lcd.c,88 :: 		
0x01DF	0xC2A4    	CLR LCD_D6
;__Lib_Lcd.c,89 :: 		
0x01E1	0xC2A3    	CLR LCD_D5
;__Lib_Lcd.c,90 :: 		
0x01E3	0xC2A2    	CLR LCD_D4
;__Lib_Lcd.c,93 :: 		
0x01E5	0xD2A3    	SETB LCD_D5
;__Lib_Lcd.c,94 :: 		
0x01E7	0xD2A2    	SETB LCD_D4
;__Lib_Lcd.c,95 :: 		
0x01E9	0xD2A1    	SETB LCD_EN
;__Lib_Lcd.c,96 :: 		
0x01EB	0x113D    	ACALL _Delay_1us
;__Lib_Lcd.c,97 :: 		
0x01ED	0xC2A1    	CLR LCD_EN
;__Lib_Lcd.c,98 :: 		
0x01EF	0x112E    	ACALL _Delay_5500us
;__Lib_Lcd.c,100 :: 		
0x01F1	0xD2A1    	SETB LCD_EN
;__Lib_Lcd.c,101 :: 		
0x01F3	0x113D    	ACALL _Delay_1us
;__Lib_Lcd.c,102 :: 		
0x01F5	0xC2A1    	CLR LCD_EN
;__Lib_Lcd.c,103 :: 		
0x01F7	0x112E    	ACALL _Delay_5500us
;__Lib_Lcd.c,105 :: 		
0x01F9	0xD2A1    	SETB LCD_EN
;__Lib_Lcd.c,106 :: 		
0x01FB	0x113D    	ACALL _Delay_1us
;__Lib_Lcd.c,107 :: 		
0x01FD	0xC2A1    	CLR LCD_EN
;__Lib_Lcd.c,108 :: 		
0x01FF	0x112E    	ACALL _Delay_5500us
;__Lib_Lcd.c,111 :: 		
0x0201	0xD2A3    	SETB LCD_D5
;__Lib_Lcd.c,112 :: 		
0x0203	0xC2A2    	CLR LCD_D4
;__Lib_Lcd.c,113 :: 		
0x0205	0xD2A1    	SETB LCD_EN
;__Lib_Lcd.c,114 :: 		
0x0207	0x113D    	ACALL _Delay_1us
;__Lib_Lcd.c,115 :: 		
0x0209	0xC2A1    	CLR LCD_EN
;__Lib_Lcd.c,116 :: 		
0x020B	0x112E    	ACALL _Delay_5500us
;__Lib_Lcd.c,119 :: 		
0x020D	0xC2A5    	CLR LCD_D7
;__Lib_Lcd.c,120 :: 		
0x020F	0xC2A4    	CLR LCD_D6
;__Lib_Lcd.c,121 :: 		
0x0211	0xC2A3    	CLR LCD_D5
;__Lib_Lcd.c,122 :: 		
0x0213	0xD2A3    	SETB LCD_D5
;__Lib_Lcd.c,123 :: 		
0x0215	0xC2A2    	CLR LCD_D4
;__Lib_Lcd.c,124 :: 		
0x0217	0xD2A1    	SETB LCD_EN
;__Lib_Lcd.c,125 :: 		
0x0219	0x113D    	ACALL _Delay_1us
;__Lib_Lcd.c,126 :: 		
0x021B	0xC2A1    	CLR LCD_EN
;__Lib_Lcd.c,127 :: 		
0x021D	0xC2A3    	CLR LCD_D5
;__Lib_Lcd.c,128 :: 		
0x021F	0xD2A5    	SETB LCD_D7
;__Lib_Lcd.c,129 :: 		
0x0221	0xD2A1    	SETB LCD_EN
;__Lib_Lcd.c,130 :: 		
0x0223	0x113D    	ACALL _Delay_1us
;__Lib_Lcd.c,131 :: 		
0x0225	0xC2A1    	CLR LCD_EN
;__Lib_Lcd.c,132 :: 		
0x0227	0x112E    	ACALL _Delay_5500us
;__Lib_Lcd.c,135 :: 		
0x0229	0xC2A5    	CLR LCD_D7
;__Lib_Lcd.c,136 :: 		
0x022B	0xD2A2    	SETB LCD_D4
;__Lib_Lcd.c,137 :: 		
0x022D	0xD2A1    	SETB LCD_EN
;__Lib_Lcd.c,138 :: 		
0x022F	0x113D    	ACALL _Delay_1us
;__Lib_Lcd.c,139 :: 		
0x0231	0xC2A1    	CLR LCD_EN
;__Lib_Lcd.c,140 :: 		
0x0233	0xC2A2    	CLR LCD_D4
;__Lib_Lcd.c,141 :: 		
0x0235	0xD2A1    	SETB LCD_EN
;__Lib_Lcd.c,142 :: 		
0x0237	0x113D    	ACALL _Delay_1us
;__Lib_Lcd.c,143 :: 		
0x0239	0xC2A1    	CLR LCD_EN
;__Lib_Lcd.c,144 :: 		
0x023B	0x112E    	ACALL _Delay_5500us
;__Lib_Lcd.c,147 :: 		
0x023D	0xC2A2    	CLR LCD_D4
;__Lib_Lcd.c,148 :: 		
0x023F	0xD2A1    	SETB LCD_EN
;__Lib_Lcd.c,149 :: 		
0x0241	0x113D    	ACALL _Delay_1us
;__Lib_Lcd.c,150 :: 		
0x0243	0xC2A1    	CLR LCD_EN
;__Lib_Lcd.c,151 :: 		
0x0245	0xD2A2    	SETB LCD_D4
;__Lib_Lcd.c,152 :: 		
0x0247	0xD2A1    	SETB LCD_EN
;__Lib_Lcd.c,153 :: 		
0x0249	0x113D    	ACALL _Delay_1us
;__Lib_Lcd.c,154 :: 		
0x024B	0xC2A1    	CLR LCD_EN
;__Lib_Lcd.c,155 :: 		
0x024D	0x112E    	ACALL _Delay_5500us
;__Lib_Lcd.c,158 :: 		
0x024F	0xC2A2    	CLR LCD_D4
;__Lib_Lcd.c,159 :: 		
0x0251	0xD2A1    	SETB LCD_EN
;__Lib_Lcd.c,160 :: 		
0x0253	0x113D    	ACALL _Delay_1us
;__Lib_Lcd.c,161 :: 		
0x0255	0xC2A1    	CLR LCD_EN
;__Lib_Lcd.c,163 :: 		
0x0257	0xD2A5    	SETB LCD_D7
;__Lib_Lcd.c,164 :: 		
0x0259	0xD2A4    	SETB LCD_D6
;__Lib_Lcd.c,165 :: 		
0x025B	0xD2A3    	SETB LCD_D5
;__Lib_Lcd.c,166 :: 		
0x025D	0xD2A2    	SETB LCD_D4
;__Lib_Lcd.c,167 :: 		
0x025F	0xD2A1    	SETB LCD_EN
;__Lib_Lcd.c,168 :: 		
0x0261	0x113D    	ACALL _Delay_1us
;__Lib_Lcd.c,169 :: 		
0x0263	0xC2A1    	CLR LCD_EN
;__Lib_Lcd.c,171 :: 		
0x0265	0x112E    	ACALL _Delay_5500us
;__Lib_Lcd.c,173 :: 		
0x0267	0x750F01  	MOV _cmd_status, #1
;__Lib_Lcd.c,174 :: 		
0x026A	0x22      	RET
; end of _Lcd_Init
___CC2D:
;__Lib_System.c,13 :: 		
;__Lib_System.c,15 :: 		
_CC2D_Loop1:
;__Lib_System.c,16 :: 		
0x026B	0xE4      	CLR A
;__Lib_System.c,17 :: 		
0x026C	0x93      	MOVC A, @A+DPTR
;__Lib_System.c,18 :: 		
0x026D	0xF6      	MOV @R0, A
;__Lib_System.c,19 :: 		
0x026E	0x08      	INC R0
;__Lib_System.c,20 :: 		
0x026F	0xA3      	INC DPTR
;__Lib_System.c,21 :: 		
0x0270	0xD9F9    	DJNZ R1, _CC2D_Loop1
;__Lib_System.c,23 :: 		
0x0272	0x22      	RET
; end of ___CC2D
_IntToStr:
;__Lib_Conversions.c,146 :: 		
;__Lib_Conversions.c,152 :: 		
0x0273	0x751700  	MOV IntToStr_negative_L0, #0
0x0276	0x751800  	MOV IntToStr_negative_L0+1, #0
;__Lib_Conversions.c,153 :: 		
0x0279	0x851219  	MOV IntToStr_inword_L0, FARG_IntToStr_input+0
0x027C	0x85131A  	MOV IntToStr_inword_L0+1, FARG_IntToStr_input+1
;__Lib_Conversions.c,154 :: 		
0x027F	0xC3      	CLR C
0x0280	0xE512    	MOV A, FARG_IntToStr_input
0x0282	0x9400    	SUBB A, #0
0x0284	0x7400    	MOV A, #0
0x0286	0x6480    	XRL A, #128
0x0288	0xF8      	MOV R0, A
0x0289	0xE513    	MOV A, FARG_IntToStr_input+1
0x028B	0x6480    	XRL A, #128
0x028D	0x98      	SUBB A, R0
0x028E	0x5013    	JNC L_IntToStr23
;__Lib_Conversions.c,155 :: 		
0x0290	0x751701  	MOV IntToStr_negative_L0, #1
0x0293	0x751800  	MOV IntToStr_negative_L0+1, #0
;__Lib_Conversions.c,156 :: 		
0x0296	0xC3      	CLR C
0x0297	0x7400    	MOV A, #0
0x0299	0x9512    	SUBB A, FARG_IntToStr_input
0x029B	0xF519    	MOV IntToStr_inword_L0, A
0x029D	0x7400    	MOV A, #0
0x029F	0x9513    	SUBB A, FARG_IntToStr_input+1
0x02A1	0xF51A    	MOV IntToStr_inword_L0+1, A
;__Lib_Conversions.c,157 :: 		
L_IntToStr23:
;__Lib_Conversions.c,158 :: 		
0x02A3	0x85191B  	MOV FARG_WordToStr_input, IntToStr_inword_L0+0
0x02A6	0x851A1C  	MOV FARG_WordToStr_input+1, IntToStr_inword_L0+1
0x02A9	0x85141D  	MOV FARG_WordToStr_output, FARG_IntToStr_output+0
0x02AC	0x3170    	ACALL _WordToStr
;__Lib_Conversions.c,160 :: 		
0x02AE	0x751506  	MOV IntToStr_i_L0, #6
0x02B1	0x751600  	MOV IntToStr_i_L0+1, #0
;__Lib_Conversions.c,161 :: 		
L_IntToStr24:
0x02B4	0xD3      	SETB C
0x02B5	0xE515    	MOV A, IntToStr_i_L0
0x02B7	0x9400    	SUBB A, #0
0x02B9	0xE516    	MOV A, IntToStr_i_L0+1
0x02BB	0x9400    	SUBB A, #0
0x02BD	0x4025    	JC L_IntToStr25
;__Lib_Conversions.c,162 :: 		
0x02BF	0xE514    	MOV A, FARG_IntToStr_output
0x02C1	0x2515    	ADD A, IntToStr_i_L0
0x02C3	0xF8      	MOV R0, A
0x02C4	0xC3      	CLR C
0x02C5	0xE515    	MOV A, IntToStr_i_L0
0x02C7	0x9401    	SUBB A, #1
0x02C9	0xF9      	MOV R1, A
0x02CA	0xE516    	MOV A, IntToStr_i_L0+1
0x02CC	0x9400    	SUBB A, #0
0x02CE	0xFA      	MOV R2, A
0x02CF	0xE514    	MOV A, FARG_IntToStr_output
0x02D1	0x29      	ADD A, R1
0x02D2	0xF9      	MOV R1, A
0x02D3	0xE7      	MOV A, @R1
0x02D4	0xF6      	MOV @R0, A
;__Lib_Conversions.c,163 :: 		
0x02D5	0xC3      	CLR C
0x02D6	0xE515    	MOV A, IntToStr_i_L0
0x02D8	0x9401    	SUBB A, #1
0x02DA	0xF515    	MOV IntToStr_i_L0, A
0x02DC	0xE516    	MOV A, IntToStr_i_L0+1
0x02DE	0x9400    	SUBB A, #0
0x02E0	0xF516    	MOV IntToStr_i_L0+1, A
;__Lib_Conversions.c,164 :: 		
0x02E2	0x80D0    	SJMP L_IntToStr24
L_IntToStr25:
;__Lib_Conversions.c,165 :: 		
0x02E4	0xA814    	MOV R0, FARG_IntToStr_output
0x02E6	0x7620    	MOV @R0, #32
;__Lib_Conversions.c,166 :: 		
0x02E8	0xE517    	MOV A, IntToStr_negative_L0
0x02EA	0x4518    	ORL A, IntToStr_negative_L0+1
0x02EC	0x6034    	JZ L_IntToStr26
;__Lib_Conversions.c,167 :: 		
0x02EE	0x751500  	MOV IntToStr_i_L0, #0
0x02F1	0x751600  	MOV IntToStr_i_L0+1, #0
;__Lib_Conversions.c,168 :: 		
L_IntToStr27:
0x02F4	0xE514    	MOV A, FARG_IntToStr_output
0x02F6	0x2515    	ADD A, IntToStr_i_L0
0x02F8	0xF8      	MOV R0, A
0x02F9	0x8601    	MOV R1, @R0
0x02FB	0xE9      	MOV A, R1
0x02FC	0x6420    	XRL A, #32
0x02FE	0x700E    	JNZ L_IntToStr28
0x0300	0x7401    	MOV A, #1
0x0302	0x2515    	ADD A, IntToStr_i_L0
0x0304	0xF515    	MOV IntToStr_i_L0, A
0x0306	0x7400    	MOV A, #0
0x0308	0x3516    	ADDC A, IntToStr_i_L0+1
0x030A	0xF516    	MOV IntToStr_i_L0+1, A
0x030C	0x80E6    	SJMP L_IntToStr27
L_IntToStr28:
;__Lib_Conversions.c,169 :: 		
0x030E	0xC3      	CLR C
0x030F	0xE515    	MOV A, IntToStr_i_L0
0x0311	0x9401    	SUBB A, #1
0x0313	0xF515    	MOV IntToStr_i_L0, A
0x0315	0xE516    	MOV A, IntToStr_i_L0+1
0x0317	0x9400    	SUBB A, #0
0x0319	0xF516    	MOV IntToStr_i_L0+1, A
;__Lib_Conversions.c,170 :: 		
0x031B	0xE514    	MOV A, FARG_IntToStr_output
0x031D	0x2515    	ADD A, IntToStr_i_L0
0x031F	0xF8      	MOV R0, A
0x0320	0x762D    	MOV @R0, #45
L_IntToStr26:
;__Lib_Conversions.c,171 :: 		
0x0322	0x22      	RET
; end of _IntToStr
_LCD_Out:
;__Lib_Lcd.c,176 :: 		
;__Lib_Lcd.c,179 :: 		
0x0323	0x8019    	SJMP L_LCD_Out15
;__Lib_Lcd.c,180 :: 		
L_LCD_Out17:
0x0325	0x751280  	MOV FARG_LCD_Out_row, #128
0x0328	0x802E    	SJMP L_LCD_Out16
;__Lib_Lcd.c,181 :: 		
L_LCD_Out18:
0x032A	0x7512C0  	MOV FARG_LCD_Out_row, #192
0x032D	0x8029    	SJMP L_LCD_Out16
;__Lib_Lcd.c,182 :: 		
L_LCD_Out19:
0x032F	0x751294  	MOV FARG_LCD_Out_row, #148
0x0332	0x8024    	SJMP L_LCD_Out16
;__Lib_Lcd.c,183 :: 		
L_LCD_Out20:
0x0334	0x7512D4  	MOV FARG_LCD_Out_row, #212
0x0337	0x801F    	SJMP L_LCD_Out16
;__Lib_Lcd.c,184 :: 		
L_LCD_Out21:
0x0339	0x751280  	MOV FARG_LCD_Out_row, #128
;__Lib_Lcd.c,185 :: 		
0x033C	0x801A    	SJMP L_LCD_Out16
L_LCD_Out15:
0x033E	0xE512    	MOV A, FARG_LCD_Out_row
0x0340	0x6401    	XRL A, #1
0x0342	0x60E1    	JZ L_LCD_Out17
0x0344	0xE512    	MOV A, FARG_LCD_Out_row
0x0346	0x6402    	XRL A, #2
0x0348	0x60E0    	JZ L_LCD_Out18
0x034A	0xE512    	MOV A, FARG_LCD_Out_row
0x034C	0x6403    	XRL A, #3
0x034E	0x60DF    	JZ L_LCD_Out19
0x0350	0xE512    	MOV A, FARG_LCD_Out_row
0x0352	0x6404    	XRL A, #4
0x0354	0x60DE    	JZ L_LCD_Out20
0x0356	0x80E1    	SJMP L_LCD_Out21
L_LCD_Out16:
;__Lib_Lcd.c,186 :: 		
0x0358	0xC3      	CLR C
0x0359	0xE513    	MOV A, FARG_LCD_Out_column
0x035B	0x9401    	SUBB A, #1
0x035D	0xF8      	MOV R0, A
0x035E	0xE512    	MOV A, FARG_LCD_Out_row
0x0360	0x28      	ADD A, R0
0x0361	0xF8      	MOV R0, A
0x0362	0x850012  	MOV FARG_LCD_Out_row, 0
;__Lib_Lcd.c,188 :: 		
0x0365	0x850020  	MOV FARG_Lcd_Cmd_out_char, 0
0x0368	0x1140    	ACALL _Lcd_Cmd
;__Lib_Lcd.c,189 :: 		
0x036A	0x750F00  	MOV _cmd_status, #0
;__Lib_Lcd.c,190 :: 		
0x036D	0x751500  	MOV LCD_Out_i_L0, #0
;__Lib_Lcd.c,191 :: 		
L_LCD_Out22:
0x0370	0xE514    	MOV A, FARG_LCD_Out_text
0x0372	0x2515    	ADD A, LCD_Out_i_L0
0x0374	0xF8      	MOV R0, A
0x0375	0xE6      	MOV A, @R0
0x0376	0x600D    	JZ L_LCD_Out23
;__Lib_Lcd.c,192 :: 		
0x0378	0xE514    	MOV A, FARG_LCD_Out_text
0x037A	0x2515    	ADD A, LCD_Out_i_L0
0x037C	0xF8      	MOV R0, A
0x037D	0x861B    	MOV FARG_Lcd_Chr_CP_out_char, @R0
0x037F	0x31C7    	ACALL _Lcd_Chr_CP
0x0381	0x0515    	INC LCD_Out_i_L0
0x0383	0x80EB    	SJMP L_LCD_Out22
L_LCD_Out23:
;__Lib_Lcd.c,193 :: 		
0x0385	0x750F01  	MOV _cmd_status, #1
;__Lib_Lcd.c,194 :: 		
0x0388	0x22      	RET
; end of _LCD_Out
_main:
0x0389	0x758180  	MOV SP, #128
0x038C	0x120407  	LCALL 1031
;LCD_Contador.c,15 :: 		void main() {
;LCD_Contador.c,16 :: 		contador=0;                //Inicializamos el contador en 0
0x038F	0x751000  	MOV _contador, #0
0x0392	0x751100  	MOV _contador+1, #0
;LCD_Contador.c,17 :: 		Lcd_Init();                //Iniciar el LCD
0x0395	0x31D3    	ACALL _Lcd_Init
;LCD_Contador.c,18 :: 		Lcd_Cmd(_LCD_CLEAR);       //Limpiar la pantalla
0x0397	0x752001  	MOV FARG_Lcd_Cmd_out_char, #1
0x039A	0x1140    	ACALL _Lcd_Cmd
;LCD_Contador.c,19 :: 		Lcd_Cmd(_LCD_CURSOR_OFF);  //Apagar el cursor
0x039C	0x75200C  	MOV FARG_Lcd_Cmd_out_char, #12
0x039F	0x1140    	ACALL _Lcd_Cmd
;LCD_Contador.c,20 :: 		Lcd_Out(1,4,txt1);         //Mostrar mensaje txt1 en la primera fila, columna 4
0x03A1	0x751201  	MOV FARG_LCD_Out_row, #1
0x03A4	0x751304  	MOV FARG_LCD_Out_column, #4
0x03A7	0x751430  	MOV FARG_LCD_Out_text, lo_addr(_txt1)
0x03AA	0x7123    	ACALL _LCD_Out
;LCD_Contador.c,21 :: 		Delay_ms(500);             //Espera de medio segundo
0x03AC	0x7D07    	MOV R5, 7
0x03AE	0x7E56    	MOV R6, 86
0x03B0	0x7F3C    	MOV R7, 60
0x03B2	0xDFFE    	DJNZ R7, PC-2
0x03B4	0xDEFC    	DJNZ R6, PC-4
0x03B6	0xDDFA    	DJNZ R5, PC-6
;LCD_Contador.c,22 :: 		while(1){
L_main0:
;LCD_Contador.c,23 :: 		IntToStr(contador,cad);//Convertir el entero 'contador' en cadena 'cad'
0x03B8	0x851012  	MOV FARG_IntToStr_input, _contador+0
0x03BB	0x851113  	MOV FARG_IntToStr_input+1, _contador+1
0x03BE	0x751408  	MOV FARG_IntToStr_output, lo_addr(_cad)
0x03C1	0x5173    	ACALL _IntToStr
;LCD_Contador.c,24 :: 		Lcd_Out(2,11,cad);     //Mostrar la cad en la segunda fila, columna 11
0x03C3	0x751202  	MOV FARG_LCD_Out_row, #2
0x03C6	0x75130B  	MOV FARG_LCD_Out_column, #11
0x03C9	0x751408  	MOV FARG_LCD_Out_text, lo_addr(_cad)
0x03CC	0x7123    	ACALL _LCD_Out
;LCD_Contador.c,25 :: 		contador++;            //Incremantar contador en 1
0x03CE	0x7401    	MOV A, #1
0x03D0	0x2510    	ADD A, _contador
0x03D2	0xF510    	MOV _contador, A
0x03D4	0x7400    	MOV A, #0
0x03D6	0x3511    	ADDC A, _contador+1
0x03D8	0xF511    	MOV _contador+1, A
;LCD_Contador.c,26 :: 		Delay_ms(250);         //Espera de 250 milisegundos
0x03DA	0x7D04    	MOV R5, 4
0x03DC	0x7E2B    	MOV R6, 43
0x03DE	0x7F9D    	MOV R7, 157
0x03E0	0xDFFE    	DJNZ R7, PC-2
0x03E2	0xDEFC    	DJNZ R6, PC-4
0x03E4	0xDDFA    	DJNZ R5, PC-6
;LCD_Contador.c,27 :: 		if(contador==1001)     //Reinicia el contador al llegar a 1001
0x03E6	0xE510    	MOV A, _contador
0x03E8	0x64E9    	XRL A, #233
0x03EA	0x7004    	JNZ L__main3
0x03EC	0xE511    	MOV A, _contador+1
0x03EE	0x6403    	XRL A, #3
L__main3:
0x03F0	0x7006    	JNZ L_main2
;LCD_Contador.c,28 :: 		contador=0;
0x03F2	0x751000  	MOV _contador, #0
0x03F5	0x751100  	MOV _contador+1, #0
L_main2:
;LCD_Contador.c,29 :: 		}
0x03F8	0x80BE    	SJMP L_main0
;LCD_Contador.c,30 :: 		}
0x03FA	0x80FE    	SJMP #254
; end of _main
0x0407	0x7830    	MOV R0, 48
0x0409	0x790B    	MOV R1, 11
0x040B	0x7582FC  	MOV DP0L, 252
0x040E	0x758303  	MOV DP0H, 3
0x0411	0x12026B  	LCALL 619
0x0414	0x22      	RET
;LCD_Contador.c,0 :: ?ICS_txt1
0x03FC	0x426965 ;?ICS_txt1+0
0x03FF	0x6E7665 ;?ICS_txt1+3
0x0402	0x6E6964 ;?ICS_txt1+6
0x0405	0x6F00 ;?ICS_txt1+9
; end of ?ICS_txt1
Symbol List:
//** Routines locations **
//ADDRESS    SIZE    PROCEDURE
//----------------------------------------------
0x002E      [10]    _Delay_5500us
0x0038       [5]    _Delay_50us
0x003D       [3]    _Delay_1us
0x0040     [219]    _Lcd_Cmd
0x011B      [85]    _Div_16x16_U
0x0170      [87]    _WordToStr
0x01C7      [12]    _Lcd_Chr_CP
0x01D3     [152]    _Lcd_Init
0x026B       [8]    ___CC2D
0x0273     [176]    _IntToStr
0x0323     [102]    _LCD_Out
0x0389     [115]    _main
//** Variables locations ** 
//ADDRESS    SIZE    VARIABLE
//----------------------------------------------
0x0000       [1]    R0
0x0001       [1]    R1
0x0002       [1]    R2
0x0003       [1]    R3
0x0004       [1]    R4
0x0005       [1]    R5
0x0006       [1]    R6
0x0007       [1]    R7
0x0008       [7]    _cad
0x000F       [1]    _cmd_status
0x0010       [2]    _contador
0x0012       [1]    FARG_LCD_Out_row
0x0012       [2]    FARG_IntToStr_input
0x0013       [1]    FARG_LCD_Out_column
0x0014       [1]    FARG_LCD_Out_text
0x0014       [1]    FARG_IntToStr_output
0x0015       [1]    LCD_Out_i_L0
0x0015       [2]    IntToStr_i_L0
0x0017       [2]    IntToStr_negative_L0
0x0019       [2]    IntToStr_inword_L0
0x001B       [1]    FARG_Lcd_Chr_CP_out_char
0x001B       [2]    FARG_WordToStr_input
0x001D       [1]    FARG_WordToStr_output
0x001E       [1]    WordToStr_len_L0
0x001F       [1]    FLOC__WordToStr
0x0020       [1]    FARG_Lcd_Cmd_out_char
0x0030      [11]    _txt1
0x0081       [1]    SP
0x0082       [1]    DPL
0x0083       [1]    DPH
0x00A0       [0]    LCD_RS
0x00A0       [0]    LCD_D6
0x00A0       [0]    LCD_EN
0x00A0       [0]    LCD_D5
0x00A0       [0]    LCD_D7
0x00A0       [0]    LCD_D4
0x00A0       [0]    P2_0_bit
0x00A0       [0]    P2_5_bit
0x00A0       [0]    P2_4_bit
0x00A0       [0]    P2_1_bit
0x00A0       [0]    P2_2_bit
0x00A0       [0]    P2_3_bit
0x00D0       [0]    OV_bit
0x00D0       [1]    PSW
0x00E0       [1]    ACC
0x00F0       [1]    B
//** Constants locations ** 
//ADDRESS    SIZE    CONSTANT
//----------------------------------------------
0x03FC      [11]    ?ICS_txt1
//** Label List: ** 
//----------------------------------------------
  L_main0
  L_main1
  L_main2
  _main
  L__main3
  L_ByteToStr0
  L_ByteToStr1
  L_ByteToStr2
  L_ByteToStr3
  L_ByteToStr4
  L_ByteToStr5
  L_WordToStr6
  L_WordToStr7
  L_WordToStr8
  L_WordToStr9
  L_WordToStr10
  L_WordToStr11
  L_WordToStrWithZeros12
  L_WordToStrWithZeros13
  L_WordToStrWithZeros14
  L_WordToStrWithZeros15
  L_WordToStrWithZeros16
  L_ShortToStr17
  L_ShortToStr18
  L_ShortToStr19
  L_ShortToStr20
  L_ShortToStr21
  L_ShortToStr22
  L_IntToStr23
  L_IntToStr24
  L_IntToStr25
  L_IntToStr26
  L_IntToStr27
  L_IntToStr28
  L_IntToStrWithZeros29
  L_IntToStrWithZeros30
  L_IntToStrWithZeros31
  L_IntToStrWithZeros32
  L_IntToStrWithZeros33
  L_IntToStrWithZeros34
  L_IntToStrWithZeros35
  L_IntToStrWithZeros36
  L_IntToStrWithZeros37
  L_LongWordToStr38
  L_LongWordToStr39
  L_LongWordToStr40
  L_LongWordToStr41
  L_LongWordToStr42
  L_LongWordToStr43
  L_LongWordToStrWithZeros44
  L_LongWordToStrWithZeros45
  L_LongWordToStrWithZeros46
  L_LongWordToStrWithZeros47
  L_LongWordToStrWithZeros48
  L_LongToStr49
  L_LongToStr50
  L_LongToStr51
  L_LongToStr52
  L_LongToStr53
  L_LongToStr54
  L_LongIntToStrWithZeros55
  L_LongIntToStrWithZeros56
  L_LongIntToStrWithZeros57
  L_LongIntToStrWithZeros58
  L_LongIntToStrWithZeros59
  L_LongIntToStrWithZeros60
  L_LongIntToStrWithZeros61
  L_LongIntToStrWithZeros62
  L_LongIntToStrWithZeros63
  L_Dec2Bcd64
  L_Dec2Bcd65
  L_Rtrim66
  L_Rtrim67
  L_Rtrim68
  L_Rtrim69
  L_Ltrim70
  L_Ltrim71
  L_Ltrim72
  L_Ltrim73
  L_Ltrim74
  L_Ltrim75
  L_FloatToStr76
  L_FloatToStr77
  L_FloatToStr78
  L_FloatToStr79
  L_FloatToStr80
  L_FloatToStr81
  L_FloatToStr82
  L_FloatToStr83
  L_FloatToStr84
  L_FloatToStr85
  L_FloatToStr86
  L_FloatToStr87
  L_FloatToStr88
  L_FloatToStr89
  L_FloatToStr90
  L_FloatToStr91
  L_FloatToStr92
  L_FloatToStr93
  L_FloatToStr94
  L_FloatToStr95
  L_FloatToStr96
  L_FloatToStr97
  L__Rtrim98
  L__Ltrim99
  L__FloatToStr100
  _ByteToHex
  L__ByteToHex101
  L__ByteToHex102
  _ShortToHex
  L__ShortToHex103
  L__ShortToHex104
  _WordToHex
  L__WordToHex105
  L__WordToHex106
  L__WordToHex107
  L__WordToHex108
  _IntToHex
  L__IntToHex109
  L__IntToHex110
  L__IntToHex111
  L__IntToHex112
  _LongWordToHex
  L__LongWordToHex113
  L__LongWordToHex114
  L__LongWordToHex115
  L__LongWordToHex116
  L__LongWordToHex117
  L__LongWordToHex118
  L__LongWordToHex119
  L__LongWordToHex120
  _LongIntToHex
  L__LongIntToHex121
  L__LongIntToHex122
  L__LongIntToHex123
  L__LongIntToHex124
  L__LongIntToHex125
  L__LongIntToHex126
  L__LongIntToHex127
  L__LongIntToHex128
  _ByteToStr
  _WordToStr
  _WordToStrWithZeros
  _ShortToStr
  _IntToStr
  _IntToStrWithZeros
  _LongWordToStr
  _LongWordToStrWithZeros
  _LongToStr
  _LongIntToStrWithZeros
  _Dec2Bcd
  L__Dec2Bcd129
  L__Dec2Bcd130
  _Bcd2Dec
  L__Bcd2Dec131
  L__Bcd2Dec132
  _Bcd2Dec16
  L__Bcd2Dec16133
  L__Bcd2Dec16134
  L__Bcd2Dec16135
  L__Bcd2Dec16136
  _Dec2Bcd16
  L__Dec2Bcd16137
  L__Dec2Bcd16138
  L__Dec2Bcd16139
  L__Dec2Bcd16140
  _Rtrim
  _Ltrim
  _FloatToStr
  L__FloatToStr141
  L__FloatToStr142
  L__FloatToStr143
  L__FloatToStr144
  L__FloatToStr145
  L__FloatToStr146
  L_Delay_Cyc0
  L_Delay_Cyc1
  L_VDelay_ms2
  L_VDelay_ms3
  L_VDelay_ms4
  L_VDelay_ms5
  _Get_Fosc_kHz
  _Delay_1us
  _Delay_10us
  _Delay_22us
  _Delay_50us
  _Delay_80us
  _Delay_500us
  _Delay_5500us
  _Delay_8ms
  _Delay_10ms
  _Delay_100ms
  _Delay_1sec
  _Delay_Cyc
  _VDelay_ms
  L_Lcd_Cmd0
  L_Lcd_Cmd1
  L_Lcd_Cmd2
  L_Lcd_Cmd3
  L_Lcd_Cmd4
  L_Lcd_Cmd5
  L_LCD_Out_CP6
  L_LCD_Out_CP7
  L_Lcd_Chr8
  L_Lcd_Chr9
  L_Lcd_Chr10
  L_Lcd_Chr11
  L_Lcd_Chr12
  L_Lcd_Chr13
  L_Lcd_Chr14
  L_LCD_Out15
  L_LCD_Out16
  L_LCD_Out17
  L_LCD_Out18
  L_LCD_Out19
  L_LCD_Out20
  L_LCD_Out21
  L_LCD_Out22
  L_LCD_Out23
  _Lcd_Cmd
  L__Lcd_Cmd24
  L__Lcd_Cmd25
  L__Lcd_Cmd26
  L__Lcd_Cmd27
  L__Lcd_Cmd28
  L__Lcd_Cmd29
  L__Lcd_Cmd30
  L__Lcd_Cmd31
  L__Lcd_Cmd32
  L__Lcd_Cmd33
  L__Lcd_Cmd34
  L__Lcd_Cmd35
  L__Lcd_Cmd36
  L__Lcd_Cmd37
  L__Lcd_Cmd38
  L__Lcd_Cmd39
  _Lcd_Chr_CP
  _LCD_Out_CP
  _Lcd_Chr
  _Lcd_Init
  _LCD_Out
  lab_end
  loop_lab
  lab_end1
  lab_loop1
  lab_end2
  lab_loop3
  __Div_8x8_S_Bpositive
  __Div_8x8_S_Apositive
  __Div_8x8_S_Skip_Div
  __Div_8x8_S_div_ret
  __op2hi_not_zero
  __op1hi_not_zero
  __Div_16x16_U_Loop1
  __Div_16x16_U_Lab1
  __Div_16x16_U_div_ret
  __Div_16x16_U_Loop2
  __Div_16x16_U_Lab2
  __Div_16x16_U_Lab3
  __Div_16x16_S_op2hipositive
  __Div_16x16_S_op1hipositive
  __Div_16x16_S_Skip_Udiv
  __Div_16x16_S_div_ret
  __Div_32x32_U_start
  __Div_32x32_U_aux
  __Div_32x32_U_l2
  __Div_32x32_U_l1
  lw_1
  lw_2
  __Div_32x32_U_l3
  lw_3
  __Div_32x32_U_l4
  __Div_32x32_U_IR_l0
  __Div_32x32_U_l5
  __Div_32x32_U_l6
  __Div_32x32_U_l8
  __Div_32x32_U_l7
  __Div_32x32_U_IR_l1
  __Div_32x32_U_l10
  __Div_32x32_U_l9
  __Div_32x32_U_IR_l2
  __Div_32x32_S_l1
  __Div_32x32_S_call_uns
  __Div_32x32_S_l2
  __Div_32x32_S_l3
  __Div_32x32_S_div_ret
  __shl_long
  __shr_longint
  __shr_longword
  _Mul_16x16
  _Mul_32x32
  _Div_8x8_S
  _Div_16x16_U
  _Div_16x16_S
  _Div_32x32_U
  _Div_32x32_S
  _CC2D_Loop1
  _CC2PD_Loop1
  _CC2XD_Loop1
  ___DoIFC
  ___CC2D
  ___CC2PD
  ___CC2XD
