;  LST file generated by mikroListExporter - v.2.0 
; Date/Time: 5/28/2014 04:27:36 p.m.
;----------------------------------------------

;Address Opcode 	ASM
0x0000	0x020036  	LJMP 54
0x0003	0x020000  	LJMP 0
0x0006	0x00      	NOP
0x0007	0x00      	NOP
0x0008	0x00      	NOP
0x0009	0x00      	NOP
0x000A	0x00      	NOP
0x000B	0x020000  	LJMP 0
0x000E	0x00      	NOP
0x000F	0x00      	NOP
0x0010	0x00      	NOP
0x0011	0x00      	NOP
0x0012	0x00      	NOP
0x0013	0x020000  	LJMP 0
0x0016	0x00      	NOP
0x0017	0x00      	NOP
0x0018	0x00      	NOP
0x0019	0x00      	NOP
0x001A	0x00      	NOP
0x001B	0x020000  	LJMP 0
0x001E	0x00      	NOP
0x001F	0x00      	NOP
0x0020	0x00      	NOP
0x0021	0x00      	NOP
0x0022	0x00      	NOP
0x0023	0x020000  	LJMP 0
0x0026	0x00      	NOP
0x0027	0x00      	NOP
0x0028	0x00      	NOP
0x0029	0x00      	NOP
0x002A	0x00      	NOP
0x002B	0x020000  	LJMP 0
___CC2D:
;__Lib_System.c,13 :: 		
;__Lib_System.c,15 :: 		
_CC2D_Loop1:
;__Lib_System.c,16 :: 		
0x002E	0xE4      	CLR A
;__Lib_System.c,17 :: 		
0x002F	0x93      	MOVC A, @A+DPTR
;__Lib_System.c,18 :: 		
0x0030	0xF6      	MOV @R0, A
;__Lib_System.c,19 :: 		
0x0031	0x08      	INC R0
;__Lib_System.c,20 :: 		
0x0032	0xA3      	INC DPTR
;__Lib_System.c,21 :: 		
0x0033	0xD9F9    	DJNZ R1, _CC2D_Loop1
;__Lib_System.c,23 :: 		
0x0035	0x22      	RET
; end of ___CC2D
_main:
0x0036	0x758180  	MOV SP, #128
;DisplayContador.c,15 :: 		void main() {
;DisplayContador.c,16 :: 		short contador=0;
0x0039	0x750800  	MOV main_contador_L0, #0
;DisplayContador.c,17 :: 		do{
L_main0:
;DisplayContador.c,18 :: 		P2=digitos[contador];
0x003C	0xA808    	MOV R0, main_contador_L0
0x003E	0xE508    	MOV A, main_contador_L0
0x0040	0x33      	RLC A
0x0041	0xE4      	CLR A
0x0042	0x95E0    	SUBB A, ACC
0x0044	0xF9      	MOV R1, A
0x0045	0xE8      	MOV A, R0
0x0046	0x2474    	ADD A, lo_addr(_digitos)
0x0048	0xFA      	MOV R2, A
0x0049	0xE9      	MOV A, R1
0x004A	0x3400    	ADDC A, hi_addr(_digitos)
0x004C	0xFB      	MOV R3, A
0x004D	0x850282  	MOV DP0L, 2
0x0050	0x850383  	MOV DP0H, 3
0x0053	0xE4      	CLR A
0x0054	0x93      	MOVC A, @A+DPTR
0x0055	0xF8      	MOV R0, A
0x0056	0x8500A0  	MOV P2, 0
;DisplayContador.c,19 :: 		contador++;
0x0059	0x0508    	INC main_contador_L0
;DisplayContador.c,20 :: 		Delay_ms(1000);
0x005B	0x7D0D    	MOV R5, 13
0x005D	0x7EAB    	MOV R6, 171
0x005F	0x7F7C    	MOV R7, 124
0x0061	0xDFFE    	DJNZ R7, PC-2
0x0063	0xDEFC    	DJNZ R6, PC-4
0x0065	0xDDFA    	DJNZ R5, PC-6
;DisplayContador.c,21 :: 		if(contador==11)
0x0067	0xE508    	MOV A, main_contador_L0
0x0069	0x640B    	XRL A, #11
0x006B	0x7003    	JNZ L_main3
;DisplayContador.c,22 :: 		contador=0;
0x006D	0x750800  	MOV main_contador_L0, #0
L_main3:
;DisplayContador.c,23 :: 		}while(1);
0x0070	0x80CA    	SJMP L_main0
;DisplayContador.c,24 :: 		}
0x0072	0x80FE    	SJMP #254
; end of _main
;DisplayContador.c,1 :: _digitos
0x0074	0x3F065B ;_digitos+0
0x0077	0x4F666D ;_digitos+3
0x007A	0x7D077F ;_digitos+6
0x007D	0x67 ;_digitos+9
; end of _digitos
Symbol List:
//** Routines locations **
//ADDRESS    SIZE    PROCEDURE
//----------------------------------------------
0x002E       [8]    ___CC2D
0x0036      [62]    _main
//** Variables locations ** 
//ADDRESS    SIZE    VARIABLE
//----------------------------------------------
0x0000       [1]    R0
0x0001       [1]    R1
0x0002       [1]    R2
0x0003       [1]    R3
0x0004       [1]    R4
0x0005       [1]    R5
0x0006       [1]    R6
0x0007       [1]    R7
0x0008       [1]    main_contador_L0
0x0081       [1]    SP
0x0082       [1]    DPL
0x0083       [1]    DPH
0x00A0       [1]    P2
0x00D0       [1]    PSW
0x00E0       [1]    ACC
0x00F0       [1]    B
//** Constants locations ** 
//ADDRESS    SIZE    CONSTANT
//----------------------------------------------
0x0074      [10]    _digitos
//** Label List: ** 
//----------------------------------------------
  L_main0
  L_main1
  L_main2
  L_main3
  _main
  _CC2D_Loop1
  _CC2PD_Loop1
  _CC2XD_Loop1
  ___DoIFC
  ___CC2D
  ___CC2PD
  ___CC2XD
