;  LST file generated by mikroListExporter - v.2.0 
; Date/Time: 27/05/2014 04:46:04 p.m.
;----------------------------------------------

;Address Opcode 	ASM
0x0000	0x020036  	LJMP 54
0x0003	0x020000  	LJMP 0
0x0006	0x00      	NOP
0x0007	0x00      	NOP
0x0008	0x00      	NOP
0x0009	0x00      	NOP
0x000A	0x00      	NOP
0x000B	0x020000  	LJMP 0
0x000E	0x00      	NOP
0x000F	0x00      	NOP
0x0010	0x00      	NOP
0x0011	0x00      	NOP
0x0012	0x00      	NOP
0x0013	0x020000  	LJMP 0
0x0016	0x00      	NOP
0x0017	0x00      	NOP
0x0018	0x00      	NOP
0x0019	0x00      	NOP
0x001A	0x00      	NOP
0x001B	0x020000  	LJMP 0
0x001E	0x00      	NOP
0x001F	0x00      	NOP
0x0020	0x00      	NOP
0x0021	0x00      	NOP
0x0022	0x00      	NOP
0x0023	0x020000  	LJMP 0
0x0026	0x00      	NOP
0x0027	0x00      	NOP
0x0028	0x00      	NOP
0x0029	0x00      	NOP
0x002A	0x00      	NOP
0x002B	0x020000  	LJMP 0
___CC2D:
;__Lib_System.c,13 :: 		
;__Lib_System.c,15 :: 		
_CC2D_Loop1:
;__Lib_System.c,16 :: 		
0x002E	0xE4      	CLR A
;__Lib_System.c,17 :: 		
0x002F	0x93      	MOVC A, @A+DPTR
;__Lib_System.c,18 :: 		
0x0030	0xF6      	MOV @R0, A
;__Lib_System.c,19 :: 		
0x0031	0x08      	INC R0
;__Lib_System.c,20 :: 		
0x0032	0xA3      	INC DPTR
;__Lib_System.c,21 :: 		
0x0033	0xD9F9    	DJNZ R1, _CC2D_Loop1
;__Lib_System.c,23 :: 		
0x0035	0x22      	RET
; end of ___CC2D
_main:
0x0036	0x758180  	MOV SP, #128
;blinkLed_mikroC.c,4 :: 		void main() {
;blinkLed_mikroC.c,5 :: 		estado=1;
0x0039	0xD3      	SETB C
0x003A	0xE508    	MOV A, _estado
0x003C	0x92E0    	MOV #224.B0, C
0x003E	0xF508    	MOV _estado, A
;blinkLed_mikroC.c,6 :: 		while(1){
L_main0:
;blinkLed_mikroC.c,7 :: 		led=estado;
0x0040	0xE508    	MOV A, _estado
0x0042	0xA2E0    	MOV C, #224.B0
0x0044	0x9280    	MOV P0_0_bit, C
;blinkLed_mikroC.c,8 :: 		Delay_ms(333);
0x0046	0x7D05    	MOV R5, 5
0x0048	0x7E38    	MOV R6, 56
0x004A	0x7FBD    	MOV R7, 189
0x004C	0xDFFE    	DJNZ R7, PC-2
0x004E	0xDEFC    	DJNZ R6, PC-4
0x0050	0xDDFA    	DJNZ R5, PC-6
0x0052	0x00      	NOP
;blinkLed_mikroC.c,9 :: 		estado=1-estado;
0x0053	0xE508    	MOV A, _estado
0x0055	0xA2E0    	MOV C, ACC.B0
0x0057	0xE4      	CLR A
0x0058	0x33      	RLC A
0x0059	0xF8      	MOV R0, A
0x005A	0xC3      	CLR C
0x005B	0x7401    	MOV A, #1
0x005D	0x98      	SUBB A, R0
0x005E	0xF8      	MOV R0, A
0x005F	0x13      	RRC A
0x0060	0xE508    	MOV A, _estado
0x0062	0x92E0    	MOV #224.B0, C
0x0064	0xF508    	MOV _estado, A
;blinkLed_mikroC.c,10 :: 		}
0x0066	0x80D8    	SJMP L_main0
;blinkLed_mikroC.c,11 :: 		}
0x0068	0x80FE    	SJMP #254
; end of _main
Symbol List:
//** Routines locations **
//ADDRESS    SIZE    PROCEDURE
//----------------------------------------------
0x002E       [8]    ___CC2D
0x0036      [52]    _main
//** Variables locations ** 
//ADDRESS    SIZE    VARIABLE
//----------------------------------------------
0x0000       [1]    R0
0x0001       [1]    R1
0x0002       [1]    R2
0x0003       [1]    R3
0x0004       [1]    R4
0x0005       [1]    R5
0x0006       [1]    R6
0x0007       [1]    R7
0x0008       [0]    _estado
0x0080       [0]    P0_0_bit
0x0080       [0]    led
0x0081       [1]    SP
0x0082       [1]    DPL
0x0083       [1]    DPH
0x00D0       [1]    PSW
0x00E0       [1]    ACC
0x00F0       [1]    B
//** Label List: ** 
//----------------------------------------------
  L_main0
  L_main1
  _main
  _CC2D_Loop1
  _CC2PD_Loop1
  _CC2XD_Loop1
  ___DoIFC
  ___CC2D
  ___CC2PD
  ___CC2XD
