;  LST file generated by mikroListExporter - v.2.0 
; Date/Time: 7/11/2014 09:30:18 p.m.
;----------------------------------------------

;Address Opcode 	ASM
0x0000	0x020301  	LJMP 769
0x0003	0x020000  	LJMP 0
0x0006	0x00      	NOP
0x0007	0x00      	NOP
0x0008	0x00      	NOP
0x0009	0x00      	NOP
0x000A	0x00      	NOP
0x000B	0x020000  	LJMP 0
0x000E	0x00      	NOP
0x000F	0x00      	NOP
0x0010	0x00      	NOP
0x0011	0x00      	NOP
0x0012	0x00      	NOP
0x0013	0x020000  	LJMP 0
0x0016	0x00      	NOP
0x0017	0x00      	NOP
0x0018	0x00      	NOP
0x0019	0x00      	NOP
0x001A	0x00      	NOP
0x001B	0x020000  	LJMP 0
0x001E	0x00      	NOP
0x001F	0x00      	NOP
0x0020	0x00      	NOP
0x0021	0x00      	NOP
0x0022	0x00      	NOP
0x0023	0x020000  	LJMP 0
0x0026	0x00      	NOP
0x0027	0x00      	NOP
0x0028	0x00      	NOP
0x0029	0x00      	NOP
0x002A	0x00      	NOP
0x002B	0x020000  	LJMP 0
_Get_Fosc_kHz:
;__Lib_Delays.c,38 :: 		unsigned long Get_Fosc_kHz() {
;__Lib_Delays.c,39 :: 		return Clock_kHz();
0x002E	0x78E0    	MOV R0, #224
0x0030	0x792E    	MOV R1, #46
0x0032	0xE9      	MOV A, R1
0x0033	0x33      	RLC A
0x0034	0xE4      	CLR A
0x0035	0x95E0    	SUBB A, ACC
0x0037	0xFA      	MOV R2, A
0x0038	0xFB      	MOV R3, A
;__Lib_Delays.c,40 :: 		}
0x0039	0x22      	RET
; end of _Get_Fosc_kHz
_Div_32x32_U:
;__Lib_Math.c,437 :: 		
;__Lib_Math.c,440 :: 		
0x003A	0x803C    	SJMP __Div_32x32_U_start
;__Lib_Math.c,442 :: 		
__Div_32x32_U_aux:
;__Lib_Math.c,443 :: 		
0x003C	0x75F008  	MOV B, 8
;__Lib_Math.c,444 :: 		
0x003F	0x758200  	MOV DPL, 0
;__Lib_Math.c,446 :: 		
__Div_32x32_U_l2:
;__Lib_Math.c,447 :: 		
0x0042	0xE8      	MOV A, R0
;__Lib_Math.c,448 :: 		
0x0043	0x28      	ADD A, R0
;__Lib_Math.c,449 :: 		
0x0044	0xF8      	MOV R0, A
;__Lib_Math.c,450 :: 		
0x0045	0xE9      	MOV A, R1
;__Lib_Math.c,451 :: 		
0x0046	0x33      	RLC A
;__Lib_Math.c,452 :: 		
0x0047	0xF9      	MOV R1, A
;__Lib_Math.c,453 :: 		
0x0048	0xCA      	XCH A, R2
;__Lib_Math.c,454 :: 		
0x0049	0x33      	RLC A
;__Lib_Math.c,455 :: 		
0x004A	0xCA      	XCH A, R2
;__Lib_Math.c,456 :: 		
0x004B	0xCB      	XCH A, R3
;__Lib_Math.c,457 :: 		
0x004C	0x33      	RLC A
;__Lib_Math.c,458 :: 		
0x004D	0xCB      	XCH A, R3
;__Lib_Math.c,459 :: 		
0x004E	0xC582    	XCH A, DPL
;__Lib_Math.c,460 :: 		
0x0050	0x33      	RLC A
;__Lib_Math.c,461 :: 		
0x0051	0xC582    	XCH A, DPL
;__Lib_Math.c,462 :: 		
0x0053	0x9C      	SUBB A, R4
;__Lib_Math.c,463 :: 		
0x0054	0xEA      	MOV A, R2
;__Lib_Math.c,464 :: 		
0x0055	0x9D      	SUBB A, R5
;__Lib_Math.c,465 :: 		
0x0056	0xEB      	MOV A, R3
;__Lib_Math.c,466 :: 		
0x0057	0x9E      	SUBB A, R6
;__Lib_Math.c,467 :: 		
0x0058	0xE582    	MOV A, DPL
;__Lib_Math.c,468 :: 		
0x005A	0x9F      	SUBB A, R7
;__Lib_Math.c,469 :: 		
0x005B	0x400C    	JC __Div_32x32_U_l1
;__Lib_Math.c,470 :: 		
0x005D	0xF582    	MOV DPL, A
;__Lib_Math.c,471 :: 		
0x005F	0xE9      	MOV A, R1
;__Lib_Math.c,472 :: 		
0x0060	0x9C      	SUBB A, R4
;__Lib_Math.c,473 :: 		
0x0061	0xF9      	MOV R1, A
;__Lib_Math.c,474 :: 		
0x0062	0xEA      	MOV A, R2
;__Lib_Math.c,475 :: 		
0x0063	0x9D      	SUBB A, R5
;__Lib_Math.c,476 :: 		
0x0064	0xFA      	MOV R2, A
;__Lib_Math.c,477 :: 		
0x0065	0xEB      	MOV A, R3
;__Lib_Math.c,478 :: 		
0x0066	0x9E      	SUBB A, R6
;__Lib_Math.c,479 :: 		
0x0067	0xFB      	MOV R3, A
;__Lib_Math.c,480 :: 		
0x0068	0x08      	INC R0
;__Lib_Math.c,482 :: 		
__Div_32x32_U_l1:
;__Lib_Math.c,483 :: 		
0x0069	0xD5F0D6  	DJNZ B, __Div_32x32_U_l2
;__Lib_Math.c,484 :: 		
0x006C	0xE4      	CLR A
;__Lib_Math.c,485 :: 		
0x006D	0xC9      	XCH A, R1
;__Lib_Math.c,486 :: 		
0x006E	0xFC      	MOV R4, A
;__Lib_Math.c,487 :: 		
0x006F	0xE4      	CLR A
;__Lib_Math.c,488 :: 		
0x0070	0xCA      	XCH A, R2
;__Lib_Math.c,489 :: 		
0x0071	0xFD      	MOV R5, A
;__Lib_Math.c,490 :: 		
0x0072	0xE4      	CLR A
;__Lib_Math.c,491 :: 		
0x0073	0xCB      	XCH A, R3
;__Lib_Math.c,492 :: 		
0x0074	0xFE      	MOV R6, A
;__Lib_Math.c,493 :: 		
0x0075	0xAF82    	MOV R7, DPL
;__Lib_Math.c,494 :: 		
0x0077	0x22      	RET
;__Lib_Math.c,498 :: 		
__Div_32x32_U_start:
;__Lib_Math.c,500 :: 		
0x0078	0xEF      	MOV A, R7
;__Lib_Math.c,501 :: 		
0x0079	0x6002    	JZ lw_1
;__Lib_Math.c,502 :: 		
0x007B	0x80BF    	SJMP __Div_32x32_U_aux
;__Lib_Math.c,503 :: 		
lw_1:
;__Lib_Math.c,505 :: 		
0x007D	0xEE      	MOV A, R6
;__Lib_Math.c,506 :: 		
0x007E	0x6002    	JZ lw_2
;__Lib_Math.c,507 :: 		
0x0080	0x805B    	SJMP __Div_32x32_U_l3
;__Lib_Math.c,508 :: 		
lw_2:
;__Lib_Math.c,510 :: 		
0x0082	0xED      	MOV A, R5
;__Lib_Math.c,511 :: 		
0x0083	0x6002    	JZ lw_3
;__Lib_Math.c,512 :: 		
0x0085	0x802D    	SJMP __Div_32x32_U_l4
;__Lib_Math.c,513 :: 		
lw_3:
;__Lib_Math.c,514 :: 		
0x0087	0xEB      	MOV A, R3
;__Lib_Math.c,515 :: 		
0x0088	0x8CF0    	MOV B, R4
;__Lib_Math.c,516 :: 		
0x008A	0x84      	DIV AB
;__Lib_Math.c,517 :: 		
0x008B	0xC8      	XCH A, R0
;__Lib_Math.c,518 :: 		
0x008C	0xC9      	XCH A, R1
;__Lib_Math.c,519 :: 		
0x008D	0xCA      	XCH A, R2
;__Lib_Math.c,520 :: 		
0x008E	0xFB      	MOV R3, A
;__Lib_Math.c,521 :: 		
0x008F	0xE5F0    	MOV A, B
;__Lib_Math.c,522 :: 		
0x0091	0xCC      	XCH A, R4
;__Lib_Math.c,523 :: 		
0x0092	0xFE      	MOV R6, A
;__Lib_Math.c,524 :: 		
0x0093	0x7F18    	MOV R7, 24
;__Lib_Math.c,525 :: 		
__Div_32x32_U_IR_l0:
;__Lib_Math.c,526 :: 		
0x0095	0xE8      	MOV A, R0
;__Lib_Math.c,527 :: 		
0x0096	0x28      	ADD A, R0
;__Lib_Math.c,528 :: 		
0x0097	0xF8      	MOV R0, A
;__Lib_Math.c,529 :: 		
0x0098	0xE9      	MOV A, R1
;__Lib_Math.c,530 :: 		
0x0099	0x33      	RLC A
;__Lib_Math.c,531 :: 		
0x009A	0xF9      	MOV R1, A
;__Lib_Math.c,532 :: 		
0x009B	0xEA      	MOV A, R2
;__Lib_Math.c,533 :: 		
0x009C	0x33      	RLC A
;__Lib_Math.c,534 :: 		
0x009D	0xFA      	MOV R2, A
;__Lib_Math.c,535 :: 		
0x009E	0xEB      	MOV A, R3
;__Lib_Math.c,536 :: 		
0x009F	0x33      	RLC A
;__Lib_Math.c,537 :: 		
0x00A0	0xFB      	MOV R3, A
;__Lib_Math.c,538 :: 		
0x00A1	0xEC      	MOV A, R4
;__Lib_Math.c,539 :: 		
0x00A2	0x33      	RLC A
;__Lib_Math.c,540 :: 		
0x00A3	0xFC      	MOV R4, A
;__Lib_Math.c,541 :: 		
0x00A4	0x10D703  	JBC CY_bit, __Div_32x32_U_l5
;__Lib_Math.c,542 :: 		
0x00A7	0x9E      	SUBB A, R6
;__Lib_Math.c,543 :: 		
0x00A8	0x4004    	JC __Div_32x32_U_l6
;__Lib_Math.c,545 :: 		
__Div_32x32_U_l5:
;__Lib_Math.c,546 :: 		
0x00AA	0xEC      	MOV A, R4
;__Lib_Math.c,547 :: 		
0x00AB	0x9E      	SUBB A, R6
;__Lib_Math.c,548 :: 		
0x00AC	0xFC      	MOV R4, A
;__Lib_Math.c,549 :: 		
0x00AD	0x08      	INC R0
;__Lib_Math.c,551 :: 		
__Div_32x32_U_l6:
;__Lib_Math.c,552 :: 		
0x00AE	0xDFE5    	DJNZ R7, __Div_32x32_U_IR_l0
;__Lib_Math.c,553 :: 		
0x00B0	0xE4      	CLR A
;__Lib_Math.c,554 :: 		
0x00B1	0xFE      	MOV R6, A
;__Lib_Math.c,555 :: 		
0x00B2	0xFD      	MOV R5, A
;__Lib_Math.c,556 :: 		
0x00B3	0x22      	RET
;__Lib_Math.c,558 :: 		
__Div_32x32_U_l4:
;__Lib_Math.c,559 :: 		
0x00B4	0x7F18    	MOV R7, 24
;__Lib_Math.c,561 :: 		
__Div_32x32_U_l8:
;__Lib_Math.c,562 :: 		
0x00B6	0xE8      	MOV A, R0
;__Lib_Math.c,563 :: 		
0x00B7	0x28      	ADD A, R0
;__Lib_Math.c,564 :: 		
0x00B8	0xF8      	MOV R0, A
;__Lib_Math.c,565 :: 		
0x00B9	0xE9      	MOV A, R1
;__Lib_Math.c,566 :: 		
0x00BA	0x33      	RLC A
;__Lib_Math.c,567 :: 		
0x00BB	0xF9      	MOV R1, A
;__Lib_Math.c,568 :: 		
0x00BC	0xEA      	MOV A, R2
;__Lib_Math.c,569 :: 		
0x00BD	0x33      	RLC A
;__Lib_Math.c,570 :: 		
0x00BE	0xFA      	MOV R2, A
;__Lib_Math.c,571 :: 		
0x00BF	0xEB      	MOV A, R3
;__Lib_Math.c,572 :: 		
0x00C0	0x33      	RLC A
;__Lib_Math.c,573 :: 		
0x00C1	0xFB      	MOV R3, A
;__Lib_Math.c,574 :: 		
0x00C2	0xCE      	XCH A, R6
;__Lib_Math.c,575 :: 		
0x00C3	0x33      	RLC A
;__Lib_Math.c,576 :: 		
0x00C4	0xCE      	XCH A, R6
;__Lib_Math.c,577 :: 		
0x00C5	0x10D705  	JBC CY_bit, __Div_32x32_U_l7
;__Lib_Math.c,578 :: 		
0x00C8	0x9C      	SUBB A, R4
;__Lib_Math.c,579 :: 		
0x00C9	0xEE      	MOV A, R6
;__Lib_Math.c,580 :: 		
0x00CA	0x9D      	SUBB A, R5
;__Lib_Math.c,581 :: 		
0x00CB	0x4007    	JC __Div_32x32_U_IR_l1
;__Lib_Math.c,583 :: 		
__Div_32x32_U_l7:
;__Lib_Math.c,584 :: 		
0x00CD	0xEB      	MOV A, R3
;__Lib_Math.c,585 :: 		
0x00CE	0x9C      	SUBB A, R4
;__Lib_Math.c,586 :: 		
0x00CF	0xFB      	MOV R3, A
;__Lib_Math.c,587 :: 		
0x00D0	0xEE      	MOV A, R6
;__Lib_Math.c,588 :: 		
0x00D1	0x9D      	SUBB A, R5
;__Lib_Math.c,589 :: 		
0x00D2	0xFE      	MOV R6, A
;__Lib_Math.c,590 :: 		
0x00D3	0x08      	INC R0
;__Lib_Math.c,591 :: 		
__Div_32x32_U_IR_l1:
;__Lib_Math.c,592 :: 		
0x00D4	0xDFE0    	DJNZ R7, __Div_32x32_U_l8
;__Lib_Math.c,593 :: 		
0x00D6	0xE4      	CLR A
;__Lib_Math.c,594 :: 		
0x00D7	0xCE      	XCH A, R6
;__Lib_Math.c,595 :: 		
0x00D8	0xFD      	MOV R5, A
;__Lib_Math.c,596 :: 		
0x00D9	0xE4      	CLR A
;__Lib_Math.c,597 :: 		
0x00DA	0xCB      	XCH A, R3
;__Lib_Math.c,598 :: 		
0x00DB	0xFC      	MOV R4, A
;__Lib_Math.c,599 :: 		
0x00DC	0x22      	RET
;__Lib_Math.c,601 :: 		
__Div_32x32_U_l3:
;__Lib_Math.c,602 :: 		
0x00DD	0x75F010  	MOV B, 16
;__Lib_Math.c,604 :: 		
__Div_32x32_U_l10:
;__Lib_Math.c,605 :: 		
0x00E0	0xE8      	MOV A, R0
;__Lib_Math.c,606 :: 		
0x00E1	0x28      	ADD A, R0
;__Lib_Math.c,607 :: 		
0x00E2	0xF8      	MOV R0, A
;__Lib_Math.c,608 :: 		
0x00E3	0xE9      	MOV A, R1
;__Lib_Math.c,609 :: 		
0x00E4	0x33      	RLC A
;__Lib_Math.c,610 :: 		
0x00E5	0xF9      	MOV R1, A
;__Lib_Math.c,611 :: 		
0x00E6	0xEA      	MOV A, R2
;__Lib_Math.c,612 :: 		
0x00E7	0x33      	RLC A
;__Lib_Math.c,613 :: 		
0x00E8	0xFA      	MOV R2, A
;__Lib_Math.c,614 :: 		
0x00E9	0xCB      	XCH A, R3
;__Lib_Math.c,615 :: 		
0x00EA	0x33      	RLC A
;__Lib_Math.c,616 :: 		
0x00EB	0xCB      	XCH A, R3
;__Lib_Math.c,617 :: 		
0x00EC	0xCF      	XCH A, R7
;__Lib_Math.c,618 :: 		
0x00ED	0x33      	RLC A
;__Lib_Math.c,619 :: 		
0x00EE	0xCF      	XCH A, R7
;__Lib_Math.c,620 :: 		
0x00EF	0x10D707  	JBC CY_bit, __Div_32x32_U_l9
;__Lib_Math.c,621 :: 		
0x00F2	0x9C      	SUBB A, R4
;__Lib_Math.c,622 :: 		
0x00F3	0xEB      	MOV A, R3
;__Lib_Math.c,623 :: 		
0x00F4	0x9D      	SUBB A, R5
;__Lib_Math.c,624 :: 		
0x00F5	0xEF      	MOV A, R7
;__Lib_Math.c,625 :: 		
0x00F6	0x9E      	SUBB A, R6
;__Lib_Math.c,626 :: 		
0x00F7	0x400A    	JC __Div_32x32_U_IR_l2
;__Lib_Math.c,628 :: 		
__Div_32x32_U_l9:
;__Lib_Math.c,629 :: 		
0x00F9	0xEA      	MOV A, R2
;__Lib_Math.c,630 :: 		
0x00FA	0x9C      	SUBB A, R4
;__Lib_Math.c,631 :: 		
0x00FB	0xFA      	MOV R2, A
;__Lib_Math.c,632 :: 		
0x00FC	0xEB      	MOV A, R3
;__Lib_Math.c,633 :: 		
0x00FD	0x9D      	SUBB A, R5
;__Lib_Math.c,634 :: 		
0x00FE	0xFB      	MOV R3, A
;__Lib_Math.c,635 :: 		
0x00FF	0xEF      	MOV A, R7
;__Lib_Math.c,636 :: 		
0x0100	0x9E      	SUBB A, R6
;__Lib_Math.c,637 :: 		
0x0101	0xFF      	MOV R7, A
;__Lib_Math.c,638 :: 		
0x0102	0x08      	INC R0
;__Lib_Math.c,639 :: 		
__Div_32x32_U_IR_l2:
;__Lib_Math.c,640 :: 		
0x0103	0xD5F0DA  	DJNZ B, __Div_32x32_U_l10
;__Lib_Math.c,641 :: 		
0x0106	0xE4      	CLR A
;__Lib_Math.c,642 :: 		
0x0107	0xCA      	XCH A, R2
;__Lib_Math.c,643 :: 		
0x0108	0xFC      	MOV R4, A
;__Lib_Math.c,644 :: 		
0x0109	0xE4      	CLR A
;__Lib_Math.c,645 :: 		
0x010A	0xCB      	XCH A, R3
;__Lib_Math.c,646 :: 		
0x010B	0xFD      	MOV R5, A
;__Lib_Math.c,647 :: 		
0x010C	0xE4      	CLR A
;__Lib_Math.c,648 :: 		
0x010D	0xCF      	XCH A, R7
;__Lib_Math.c,649 :: 		
0x010E	0xFE      	MOV R6, A
;__Lib_Math.c,651 :: 		
0x010F	0x22      	RET
; end of _Div_32x32_U
_Delay_Cyc:
;__Lib_Delays.c,341 :: 		void Delay_Cyc(char cycles_div_by_10)  { // Cycles_div_by_10: min 2, max 257
;__Lib_Delays.c,343 :: 		--cycles_div_by_10;
0x0110	0x1518    	DEC FARG_Delay_Cyc_cycles_div_by_10
;__Lib_Delays.c,344 :: 		--cycles_div_by_10;
0x0112	0x1518    	DEC FARG_Delay_Cyc_cycles_div_by_10
;__Lib_Delays.c,346 :: 		while (cycles_div_by_10 > 0) {    //  while loop takes 10 cycles
L_Delay_Cyc0:
0x0114	0xD3      	SETB C
0x0115	0xE518    	MOV A, FARG_Delay_Cyc_cycles_div_by_10
0x0117	0x9400    	SUBB A, #0
0x0119	0x4006    	JC L_Delay_Cyc1
;__Lib_Delays.c,347 :: 		--cycles_div_by_10;             //
0x011B	0x1518    	DEC FARG_Delay_Cyc_cycles_div_by_10
;__Lib_Delays.c,348 :: 		asm nop;                        //
0x011D	0x00      	NOP
;__Lib_Delays.c,349 :: 		asm nop;                        //
0x011E	0x00      	NOP
;__Lib_Delays.c,350 :: 		}                                 //
0x011F	0x80F3    	SJMP L_Delay_Cyc0
L_Delay_Cyc1:
;__Lib_Delays.c,352 :: 		asm nop;
0x0121	0x00      	NOP
;__Lib_Delays.c,353 :: 		asm nop;
0x0122	0x00      	NOP
;__Lib_Delays.c,354 :: 		asm nop;
0x0123	0x00      	NOP
;__Lib_Delays.c,355 :: 		asm nop;
0x0124	0x00      	NOP
;__Lib_Delays.c,356 :: 		asm nop;
0x0125	0x00      	NOP
;__Lib_Delays.c,357 :: 		asm nop;
0x0126	0x00      	NOP
;__Lib_Delays.c,358 :: 		asm nop;
0x0127	0x00      	NOP
;__Lib_Delays.c,359 :: 		}
0x0128	0x22      	RET
; end of _Delay_Cyc
_Div_16x16_U:
;__Lib_Math.c,273 :: 		
;__Lib_Math.c,275 :: 		
0x0129	0xBD000B  	CJNE R5, 0, __op2hi_not_zero
;__Lib_Math.c,276 :: 		
0x012C	0xB90029  	CJNE R1, 0, __op1hi_not_zero
;__Lib_Math.c,277 :: 		
0x012F	0xE8      	MOV A, R0
;__Lib_Math.c,278 :: 		
0x0130	0x8CF0    	MOV B, R4
;__Lib_Math.c,279 :: 		
0x0132	0x84      	DIV AB
;__Lib_Math.c,280 :: 		
0x0133	0xF8      	MOV R0, A
;__Lib_Math.c,281 :: 		
0x0134	0xACF0    	MOV R4, B
;__Lib_Math.c,282 :: 		
0x0136	0x22      	RET
;__Lib_Math.c,284 :: 		
__op2hi_not_zero:
;__Lib_Math.c,285 :: 		
0x0137	0xE4      	CLR A
;__Lib_Math.c,286 :: 		
0x0138	0xCD      	XCH A, R5
;__Lib_Math.c,287 :: 		
0x0139	0xFF      	MOV R7, A
;__Lib_Math.c,288 :: 		
0x013A	0x75F008  	MOV B, 8
;__Lib_Math.c,290 :: 		
__Div_16x16_U_Loop1:
;__Lib_Math.c,291 :: 		
0x013D	0xE8      	MOV A, R0
;__Lib_Math.c,292 :: 		
0x013E	0x28      	ADD A, R0
;__Lib_Math.c,293 :: 		
0x013F	0xF8      	MOV R0, A
;__Lib_Math.c,294 :: 		
0x0140	0xE9      	MOV A, R1
;__Lib_Math.c,295 :: 		
0x0141	0x33      	RLC A
;__Lib_Math.c,296 :: 		
0x0142	0xF9      	MOV R1, A
;__Lib_Math.c,297 :: 		
0x0143	0xED      	MOV A, R5
;__Lib_Math.c,298 :: 		
0x0144	0x33      	RLC A
;__Lib_Math.c,299 :: 		
0x0145	0xFD      	MOV R5, A
;__Lib_Math.c,300 :: 		
0x0146	0xE9      	MOV A, R1
;__Lib_Math.c,301 :: 		
0x0147	0x9C      	SUBB A, R4
;__Lib_Math.c,302 :: 		
0x0148	0xED      	MOV A, R5
;__Lib_Math.c,303 :: 		
0x0149	0x9F      	SUBB A, R7
;__Lib_Math.c,304 :: 		
0x014A	0x4005    	JC __Div_16x16_U_Lab1
;__Lib_Math.c,305 :: 		
0x014C	0xFD      	MOV R5, A
;__Lib_Math.c,306 :: 		
0x014D	0xE9      	MOV A, R1
;__Lib_Math.c,307 :: 		
0x014E	0x9C      	SUBB A, R4
;__Lib_Math.c,308 :: 		
0x014F	0xF9      	MOV R1, A
;__Lib_Math.c,309 :: 		
0x0150	0x08      	INC R0
;__Lib_Math.c,311 :: 		
__Div_16x16_U_Lab1:
;__Lib_Math.c,312 :: 		
0x0151	0xD5F0E9  	DJNZ B, __Div_16x16_U_Loop1
;__Lib_Math.c,313 :: 		
0x0154	0xE4      	CLR A
;__Lib_Math.c,314 :: 		
0x0155	0xC9      	XCH A, R1
;__Lib_Math.c,315 :: 		
0x0156	0xFC      	MOV R4, A
;__Lib_Math.c,316 :: 		
0x0157	0x22      	RET
;__Lib_Math.c,318 :: 		
__op1hi_not_zero:
;__Lib_Math.c,319 :: 		
0x0158	0xEC      	MOV A, R4
;__Lib_Math.c,320 :: 		
0x0159	0xFF      	MOV R7, A
;__Lib_Math.c,321 :: 		
0x015A	0xF5F0    	MOV B, A
;__Lib_Math.c,322 :: 		
0x015C	0xE9      	MOV A, R1
;__Lib_Math.c,323 :: 		
0x015D	0x84      	DIV AB
;__Lib_Math.c,324 :: 		
0x015E	0x20D21C  	JB OV_bit, __Div_16x16_U_div_ret
;__Lib_Math.c,325 :: 		
0x0161	0xF9      	MOV R1, A
;__Lib_Math.c,326 :: 		
0x0162	0xACF0    	MOV R4, B
;__Lib_Math.c,327 :: 		
0x0164	0x75F008  	MOV B, 8
;__Lib_Math.c,329 :: 		
__Div_16x16_U_Loop2:
;__Lib_Math.c,330 :: 		
0x0167	0xE8      	MOV A, R0
;__Lib_Math.c,331 :: 		
0x0168	0x28      	ADD A, R0
;__Lib_Math.c,332 :: 		
0x0169	0xF8      	MOV R0, A
;__Lib_Math.c,333 :: 		
0x016A	0xEC      	MOV A, R4
;__Lib_Math.c,334 :: 		
0x016B	0x33      	RLC A
;__Lib_Math.c,335 :: 		
0x016C	0xFC      	MOV R4, A
;__Lib_Math.c,336 :: 		
0x016D	0x4007    	JC __Div_16x16_U_Lab2
;__Lib_Math.c,337 :: 		
0x016F	0x9F      	SUBB A, R7
;__Lib_Math.c,338 :: 		
0x0170	0x5006    	JNC __Div_16x16_U_Lab3
;__Lib_Math.c,339 :: 		
0x0172	0xD5F0F2  	DJNZ B, __Div_16x16_U_Loop2
;__Lib_Math.c,340 :: 		
0x0175	0x22      	RET
;__Lib_Math.c,342 :: 		
__Div_16x16_U_Lab2:
;__Lib_Math.c,343 :: 		
0x0176	0xC3      	CLR C
;__Lib_Math.c,344 :: 		
0x0177	0x9F      	SUBB A, R7
;__Lib_Math.c,345 :: 		
__Div_16x16_U_Lab3:
;__Lib_Math.c,346 :: 		
0x0178	0xFC      	MOV R4, A
;__Lib_Math.c,347 :: 		
0x0179	0x08      	INC R0
;__Lib_Math.c,348 :: 		
0x017A	0xD5F0EA  	DJNZ B, __Div_16x16_U_Loop2
;__Lib_Math.c,350 :: 		
__Div_16x16_U_div_ret:
;__Lib_Math.c,352 :: 		
0x017D	0x22      	RET
; end of _Div_16x16_U
_Mul_32x32:
;__Lib_Math.c,141 :: 		
;__Lib_Math.c,143 :: 		
0x017E	0xEF      	MOV A, R7
;__Lib_Math.c,144 :: 		
0x017F	0x88F0    	MOV B, R0
;__Lib_Math.c,145 :: 		
0x0181	0xA4      	MUL AB
;__Lib_Math.c,146 :: 		
0x0182	0xCB      	XCH A, R3
;__Lib_Math.c,147 :: 		
0x0183	0x8CF0    	MOV B, R4
;__Lib_Math.c,148 :: 		
0x0185	0xA4      	MUL AB
;__Lib_Math.c,149 :: 		
0x0186	0x2B      	ADD A, R3
;__Lib_Math.c,150 :: 		
0x0187	0xFB      	MOV R3, A
;__Lib_Math.c,151 :: 		
0x0188	0xEE      	MOV A, R6
;__Lib_Math.c,152 :: 		
0x0189	0x89F0    	MOV B, R1
;__Lib_Math.c,153 :: 		
0x018B	0xA4      	MUL AB
;__Lib_Math.c,154 :: 		
0x018C	0x2B      	ADD A, R3
;__Lib_Math.c,155 :: 		
0x018D	0xFB      	MOV R3, A
;__Lib_Math.c,156 :: 		
0x018E	0x8DF0    	MOV B, R5
;__Lib_Math.c,157 :: 		
0x0190	0xEA      	MOV A, R2
;__Lib_Math.c,158 :: 		
0x0191	0xA4      	MUL AB
;__Lib_Math.c,159 :: 		
0x0192	0x2B      	ADD A, R3
;__Lib_Math.c,160 :: 		
0x0193	0xFB      	MOV R3, A
;__Lib_Math.c,161 :: 		
0x0194	0xED      	MOV A, R5
;__Lib_Math.c,162 :: 		
0x0195	0x89F0    	MOV B, R1
;__Lib_Math.c,163 :: 		
0x0197	0xA4      	MUL AB
;__Lib_Math.c,164 :: 		
0x0198	0xCA      	XCH A, R2
;__Lib_Math.c,165 :: 		
0x0199	0xAFF0    	MOV R7, B
;__Lib_Math.c,166 :: 		
0x019B	0x8CF0    	MOV B, R4
;__Lib_Math.c,167 :: 		
0x019D	0xA4      	MUL AB
;__Lib_Math.c,168 :: 		
0x019E	0x2A      	ADD A, R2
;__Lib_Math.c,169 :: 		
0x019F	0xCB      	XCH A, R3
;__Lib_Math.c,170 :: 		
0x01A0	0x3F      	ADDC A, R7
;__Lib_Math.c,171 :: 		
0x01A1	0x25F0    	ADD A, B
;__Lib_Math.c,172 :: 		
0x01A3	0xFA      	MOV R2, A
;__Lib_Math.c,173 :: 		
0x01A4	0xEE      	MOV A, R6
;__Lib_Math.c,174 :: 		
0x01A5	0x88F0    	MOV B, R0
;__Lib_Math.c,175 :: 		
0x01A7	0xA4      	MUL AB
;__Lib_Math.c,176 :: 		
0x01A8	0x2B      	ADD A, R3
;__Lib_Math.c,177 :: 		
0x01A9	0xCA      	XCH A, R2
;__Lib_Math.c,178 :: 		
0x01AA	0x35F0    	ADDC A, B
;__Lib_Math.c,179 :: 		
0x01AC	0xFB      	MOV R3, A
;__Lib_Math.c,180 :: 		
0x01AD	0xEC      	MOV A, R4
;__Lib_Math.c,181 :: 		
0x01AE	0x89F0    	MOV B, R1
;__Lib_Math.c,182 :: 		
0x01B0	0xA4      	MUL AB
;__Lib_Math.c,183 :: 		
0x01B1	0xF9      	MOV R1, A
;__Lib_Math.c,184 :: 		
0x01B2	0xAEF0    	MOV R6, B
;__Lib_Math.c,185 :: 		
0x01B4	0xEC      	MOV A, R4
;__Lib_Math.c,186 :: 		
0x01B5	0x88F0    	MOV B, R0
;__Lib_Math.c,187 :: 		
0x01B7	0xA4      	MUL AB
;__Lib_Math.c,188 :: 		
0x01B8	0xC8      	XCH A, R0
;__Lib_Math.c,189 :: 		
0x01B9	0xC5F0    	XCH A, B
;__Lib_Math.c,190 :: 		
0x01BB	0x29      	ADD A, R1
;__Lib_Math.c,191 :: 		
0x01BC	0xCA      	XCH A, R2
;__Lib_Math.c,192 :: 		
0x01BD	0x3E      	ADDC A, R6
;__Lib_Math.c,193 :: 		
0x01BE	0xF9      	MOV R1, A
;__Lib_Math.c,194 :: 		
0x01BF	0xE4      	CLR A
;__Lib_Math.c,195 :: 		
0x01C0	0x3B      	ADDC A, R3
;__Lib_Math.c,196 :: 		
0x01C1	0xFB      	MOV R3, A
;__Lib_Math.c,197 :: 		
0x01C2	0xED      	MOV A, R5
;__Lib_Math.c,198 :: 		
0x01C3	0xA4      	MUL AB
;__Lib_Math.c,199 :: 		
0x01C4	0x2A      	ADD A, R2
;__Lib_Math.c,200 :: 		
0x01C5	0xC9      	XCH A, R1
;__Lib_Math.c,201 :: 		
0x01C6	0x35F0    	ADDC A, B
;__Lib_Math.c,202 :: 		
0x01C8	0xFA      	MOV R2, A
;__Lib_Math.c,203 :: 		
0x01C9	0xE4      	CLR A
;__Lib_Math.c,204 :: 		
0x01CA	0x3B      	ADDC A, R3
;__Lib_Math.c,205 :: 		
0x01CB	0xFB      	MOV R3, A
;__Lib_Math.c,207 :: 		
0x01CC	0x22      	RET
; end of _Mul_32x32
_Sound_Play:
;__Lib_Sound.c,11 :: 		
;__Lib_Sound.c,15 :: 		
0x01CD	0x112E    	ACALL _Get_Fosc_kHz
0x01CF	0x7CE8    	MOV R4, #232
0x01D1	0x7D03    	MOV R5, #3
0x01D3	0x7E00    	MOV R6, #0
0x01D5	0x750700  	MOV R7, #0
0x01D8	0x317E    	ACALL _Mul_32x32
0x01DA	0x850010  	MOV Sound_Play_periods_count_L0, 0
0x01DD	0x850111  	MOV Sound_Play_periods_count_L0+1, 1
0x01E0	0x850212  	MOV Sound_Play_periods_count_L0+2, 2
0x01E3	0x850313  	MOV Sound_Play_periods_count_L0+3, 3
;__Lib_Sound.c,16 :: 		
0x01E6	0xAC08    	MOV R4, FARG_Sound_Play_freq_in_hz
0x01E8	0xAD09    	MOV R5, FARG_Sound_Play_freq_in_hz+1
0x01EA	0xE4      	CLR A
0x01EB	0xFE      	MOV R6, A
0x01EC	0xE4      	CLR A
0x01ED	0xF507    	MOV R7, A
0x01EF	0x113A    	ACALL _Div_32x32_U
0x01F1	0x850010  	MOV Sound_Play_periods_count_L0, 0
0x01F4	0x850111  	MOV Sound_Play_periods_count_L0+1, 1
0x01F7	0x850212  	MOV Sound_Play_periods_count_L0+2, 2
0x01FA	0x850313  	MOV Sound_Play_periods_count_L0+3, 3
;__Lib_Sound.c,17 :: 		
0x01FD	0x7C18    	MOV R4, #24
0x01FF	0x7D00    	MOV R5, #0
0x0201	0x7E00    	MOV R6, #0
0x0203	0x750700  	MOV R7, #0
0x0206	0x113A    	ACALL _Div_32x32_U
0x0208	0x85000C  	MOV Sound_Play_half_period_L0, 0
0x020B	0x85010D  	MOV Sound_Play_half_period_L0+1, 1
;__Lib_Sound.c,20 :: 		
0x020E	0x112E    	ACALL _Get_Fosc_kHz
0x0210	0xAC0A    	MOV R4, FARG_Sound_Play_duration_ms
0x0212	0xAD0B    	MOV R5, FARG_Sound_Play_duration_ms+1
0x0214	0xE4      	CLR A
0x0215	0xFE      	MOV R6, A
0x0216	0xE4      	CLR A
0x0217	0xF507    	MOV R7, A
0x0219	0x317E    	ACALL _Mul_32x32
0x021B	0x850014  	MOV FLOC__Sound_Play, 0
0x021E	0x850115  	MOV FLOC__Sound_Play+1, 1
0x0221	0x850216  	MOV FLOC__Sound_Play+2, 2
0x0224	0x850317  	MOV FLOC__Sound_Play+3, 3
0x0227	0xA80C    	MOV R0, Sound_Play_half_period_L0
0x0229	0xA90D    	MOV R1, Sound_Play_half_period_L0+1
0x022B	0xE4      	CLR A
0x022C	0xFA      	MOV R2, A
0x022D	0xE4      	CLR A
0x022E	0xFB      	MOV R3, A
0x022F	0x7C18    	MOV R4, #24
0x0231	0x7D00    	MOV R5, #0
0x0233	0x7E00    	MOV R6, #0
0x0235	0x750700  	MOV R7, #0
0x0238	0x317E    	ACALL _Mul_32x32
0x023A	0xAC00    	MOV R4, R0
0x023C	0xAD01    	MOV R5, R1
0x023E	0xAE02    	MOV R6, R2
0x0240	0xAF03    	MOV R7, R3
0x0242	0xA814    	MOV R0, FLOC__Sound_Play
0x0244	0xA915    	MOV R1, FLOC__Sound_Play+1
0x0246	0xAA16    	MOV R2, FLOC__Sound_Play+2
0x0248	0xAB17    	MOV R3, FLOC__Sound_Play+3
0x024A	0x113A    	ACALL _Div_32x32_U
0x024C	0x850010  	MOV Sound_Play_periods_count_L0, 0
0x024F	0x850111  	MOV Sound_Play_periods_count_L0+1, 1
0x0252	0x850212  	MOV Sound_Play_periods_count_L0+2, 2
0x0255	0x850313  	MOV Sound_Play_periods_count_L0+3, 3
;__Lib_Sound.c,21 :: 		
0x0258	0x7C0A    	MOV R4, #10
0x025A	0x7D00    	MOV R5, #0
0x025C	0xA80C    	MOV R0, Sound_Play_half_period_L0
0x025E	0xA90D    	MOV R1, Sound_Play_half_period_L0+1
0x0260	0x3129    	ACALL _Div_16x16_U
0x0262	0x85000C  	MOV Sound_Play_half_period_L0, 0
0x0265	0x85010D  	MOV Sound_Play_half_period_L0+1, 1
;__Lib_Sound.c,23 :: 		
L_Sound_Play0:
0x0268	0xD3      	SETB C
0x0269	0xE510    	MOV A, Sound_Play_periods_count_L0
0x026B	0x9400    	SUBB A, #0
0x026D	0xE511    	MOV A, Sound_Play_periods_count_L0+1
0x026F	0x9400    	SUBB A, #0
0x0271	0xE512    	MOV A, Sound_Play_periods_count_L0+2
0x0273	0x9400    	SUBB A, #0
0x0275	0xE513    	MOV A, Sound_Play_periods_count_L0+3
0x0277	0x9400    	SUBB A, #0
0x0279	0x5002    	JNC #2
0x027B	0x41F6    	AJMP L_Sound_Play1
;__Lib_Sound.c,25 :: 		
0x027D	0xD283    	SETB Sound_Play_Pin
;__Lib_Sound.c,27 :: 		
0x027F	0xE50D    	MOV A, Sound_Play_half_period_L0+1
0x0281	0x6024    	JZ L_Sound_Play2
;__Lib_Sound.c,28 :: 		
0x0283	0x750E00  	MOV Sound_Play_i_L0, #0
0x0286	0x750F00  	MOV Sound_Play_i_L0+1, #0
L_Sound_Play3:
0x0289	0xA90D    	MOV R1, Sound_Play_half_period_L0+1
0x028B	0xC3      	CLR C
0x028C	0xE50E    	MOV A, Sound_Play_i_L0
0x028E	0x99      	SUBB A, R1
0x028F	0xE50F    	MOV A, Sound_Play_i_L0+1
0x0291	0x9A      	SUBB A, R2
0x0292	0x5013    	JNC L_Sound_Play4
;__Lib_Sound.c,29 :: 		
0x0294	0x751800  	MOV FARG_Delay_Cyc_cycles_div_by_10, #0
0x0297	0x3110    	ACALL _Delay_Cyc
;__Lib_Sound.c,28 :: 		
0x0299	0x7401    	MOV A, #1
0x029B	0x250E    	ADD A, Sound_Play_i_L0
0x029D	0xF50E    	MOV Sound_Play_i_L0, A
0x029F	0x7400    	MOV A, #0
0x02A1	0x350F    	ADDC A, Sound_Play_i_L0+1
0x02A3	0xF50F    	MOV Sound_Play_i_L0+1, A
;__Lib_Sound.c,30 :: 		
0x02A5	0x80E2    	SJMP L_Sound_Play3
L_Sound_Play4:
;__Lib_Sound.c,31 :: 		
L_Sound_Play2:
;__Lib_Sound.c,32 :: 		
0x02A7	0x850C18  	MOV FARG_Delay_Cyc_cycles_div_by_10, Sound_Play_half_period_L0+0
0x02AA	0x3110    	ACALL _Delay_Cyc
;__Lib_Sound.c,35 :: 		
0x02AC	0xC283    	CLR Sound_Play_Pin
;__Lib_Sound.c,37 :: 		
0x02AE	0xE50D    	MOV A, Sound_Play_half_period_L0+1
0x02B0	0x6024    	JZ L_Sound_Play6
;__Lib_Sound.c,38 :: 		
0x02B2	0x750E00  	MOV Sound_Play_i_L0, #0
0x02B5	0x750F00  	MOV Sound_Play_i_L0+1, #0
L_Sound_Play7:
0x02B8	0xA90D    	MOV R1, Sound_Play_half_period_L0+1
0x02BA	0xC3      	CLR C
0x02BB	0xE50E    	MOV A, Sound_Play_i_L0
0x02BD	0x99      	SUBB A, R1
0x02BE	0xE50F    	MOV A, Sound_Play_i_L0+1
0x02C0	0x9A      	SUBB A, R2
0x02C1	0x5013    	JNC L_Sound_Play8
;__Lib_Sound.c,39 :: 		
0x02C3	0x751800  	MOV FARG_Delay_Cyc_cycles_div_by_10, #0
0x02C6	0x3110    	ACALL _Delay_Cyc
;__Lib_Sound.c,38 :: 		
0x02C8	0x7401    	MOV A, #1
0x02CA	0x250E    	ADD A, Sound_Play_i_L0
0x02CC	0xF50E    	MOV Sound_Play_i_L0, A
0x02CE	0x7400    	MOV A, #0
0x02D0	0x350F    	ADDC A, Sound_Play_i_L0+1
0x02D2	0xF50F    	MOV Sound_Play_i_L0+1, A
;__Lib_Sound.c,40 :: 		
0x02D4	0x80E2    	SJMP L_Sound_Play7
L_Sound_Play8:
;__Lib_Sound.c,41 :: 		
L_Sound_Play6:
;__Lib_Sound.c,42 :: 		
0x02D6	0x850C18  	MOV FARG_Delay_Cyc_cycles_div_by_10, Sound_Play_half_period_L0+0
0x02D9	0x3110    	ACALL _Delay_Cyc
;__Lib_Sound.c,45 :: 		
0x02DB	0xC3      	CLR C
0x02DC	0xE510    	MOV A, Sound_Play_periods_count_L0
0x02DE	0x9401    	SUBB A, #1
0x02E0	0xF510    	MOV Sound_Play_periods_count_L0, A
0x02E2	0xE511    	MOV A, Sound_Play_periods_count_L0+1
0x02E4	0x9400    	SUBB A, #0
0x02E6	0xF511    	MOV Sound_Play_periods_count_L0+1, A
0x02E8	0xE512    	MOV A, Sound_Play_periods_count_L0+2
0x02EA	0x9400    	SUBB A, #0
0x02EC	0xF512    	MOV Sound_Play_periods_count_L0+2, A
0x02EE	0xE513    	MOV A, Sound_Play_periods_count_L0+3
0x02F0	0x9400    	SUBB A, #0
0x02F2	0xF513    	MOV Sound_Play_periods_count_L0+3, A
;__Lib_Sound.c,46 :: 		
0x02F4	0x4168    	AJMP L_Sound_Play0
L_Sound_Play1:
;__Lib_Sound.c,48 :: 		
0x02F6	0xC283    	CLR Sound_Play_Pin
;__Lib_Sound.c,49 :: 		
0x02F8	0x22      	RET
; end of _Sound_Play
___CC2D:
;__Lib_System.c,13 :: 		
;__Lib_System.c,15 :: 		
_CC2D_Loop1:
;__Lib_System.c,16 :: 		
0x02F9	0xE4      	CLR A
;__Lib_System.c,17 :: 		
0x02FA	0x93      	MOVC A, @A+DPTR
;__Lib_System.c,18 :: 		
0x02FB	0xF6      	MOV @R0, A
;__Lib_System.c,19 :: 		
0x02FC	0x08      	INC R0
;__Lib_System.c,20 :: 		
0x02FD	0xA3      	INC DPTR
;__Lib_System.c,21 :: 		
0x02FE	0xD9F9    	DJNZ R1, _CC2D_Loop1
;__Lib_System.c,23 :: 		
0x0300	0x22      	RET
; end of ___CC2D
_main:
0x0301	0x758180  	MOV SP, #128
;Melodia8051.c,57 :: 		void main() {
;Melodia8051.c,59 :: 		do{
L_main0:
;Melodia8051.c,60 :: 		Sound_Play(Csh6, DUR/2);
0x0304	0x750855  	MOV FARG_Sound_Play_freq_in_hz, #85
0x0307	0x750904  	MOV FARG_Sound_Play_freq_in_hz+1, #4
0x030A	0x750A96  	MOV FARG_Sound_Play_duration_ms, #150
0x030D	0x750B00  	MOV FARG_Sound_Play_duration_ms+1, #0
0x0310	0x31CD    	ACALL _Sound_Play
;Melodia8051.c,61 :: 		Sound_Play(B5, DUR/2);
0x0312	0x7508DB  	MOV FARG_Sound_Play_freq_in_hz, #219
0x0315	0x750903  	MOV FARG_Sound_Play_freq_in_hz+1, #3
0x0318	0x750A96  	MOV FARG_Sound_Play_duration_ms, #150
0x031B	0x750B00  	MOV FARG_Sound_Play_duration_ms+1, #0
0x031E	0x31CD    	ACALL _Sound_Play
;Melodia8051.c,62 :: 		Sound_Play(Csh6, DUR/2);
0x0320	0x750855  	MOV FARG_Sound_Play_freq_in_hz, #85
0x0323	0x750904  	MOV FARG_Sound_Play_freq_in_hz+1, #4
0x0326	0x750A96  	MOV FARG_Sound_Play_duration_ms, #150
0x0329	0x750B00  	MOV FARG_Sound_Play_duration_ms+1, #0
0x032C	0x31CD    	ACALL _Sound_Play
;Melodia8051.c,63 :: 		Sound_Play(Fsh5, 2*DUR);
0x032E	0x7508E4  	MOV FARG_Sound_Play_freq_in_hz, #228
0x0331	0x750902  	MOV FARG_Sound_Play_freq_in_hz+1, #2
0x0334	0x750A58  	MOV FARG_Sound_Play_duration_ms, #88
0x0337	0x750B02  	MOV FARG_Sound_Play_duration_ms+1, #2
0x033A	0x31CD    	ACALL _Sound_Play
;Melodia8051.c,65 :: 		Sound_Play(D6, DUR/2);
0x033C	0x750896  	MOV FARG_Sound_Play_freq_in_hz, #150
0x033F	0x750904  	MOV FARG_Sound_Play_freq_in_hz+1, #4
0x0342	0x750A96  	MOV FARG_Sound_Play_duration_ms, #150
0x0345	0x750B00  	MOV FARG_Sound_Play_duration_ms+1, #0
0x0348	0x31CD    	ACALL _Sound_Play
;Melodia8051.c,66 :: 		Sound_Play(Csh6, DUR/2);
0x034A	0x750855  	MOV FARG_Sound_Play_freq_in_hz, #85
0x034D	0x750904  	MOV FARG_Sound_Play_freq_in_hz+1, #4
0x0350	0x750A96  	MOV FARG_Sound_Play_duration_ms, #150
0x0353	0x750B00  	MOV FARG_Sound_Play_duration_ms+1, #0
0x0356	0x31CD    	ACALL _Sound_Play
;Melodia8051.c,67 :: 		Sound_Play(D6, DUR/2);
0x0358	0x750896  	MOV FARG_Sound_Play_freq_in_hz, #150
0x035B	0x750904  	MOV FARG_Sound_Play_freq_in_hz+1, #4
0x035E	0x750A96  	MOV FARG_Sound_Play_duration_ms, #150
0x0361	0x750B00  	MOV FARG_Sound_Play_duration_ms+1, #0
0x0364	0x31CD    	ACALL _Sound_Play
;Melodia8051.c,68 :: 		Sound_Play(Csh6, DUR/2);
0x0366	0x750855  	MOV FARG_Sound_Play_freq_in_hz, #85
0x0369	0x750904  	MOV FARG_Sound_Play_freq_in_hz+1, #4
0x036C	0x750A96  	MOV FARG_Sound_Play_duration_ms, #150
0x036F	0x750B00  	MOV FARG_Sound_Play_duration_ms+1, #0
0x0372	0x31CD    	ACALL _Sound_Play
;Melodia8051.c,69 :: 		Sound_Play(B5, 2*DUR);
0x0374	0x7508DB  	MOV FARG_Sound_Play_freq_in_hz, #219
0x0377	0x750903  	MOV FARG_Sound_Play_freq_in_hz+1, #3
0x037A	0x750A58  	MOV FARG_Sound_Play_duration_ms, #88
0x037D	0x750B02  	MOV FARG_Sound_Play_duration_ms+1, #2
0x0380	0x31CD    	ACALL _Sound_Play
;Melodia8051.c,71 :: 		Sound_Play(D6, DUR/2);
0x0382	0x750896  	MOV FARG_Sound_Play_freq_in_hz, #150
0x0385	0x750904  	MOV FARG_Sound_Play_freq_in_hz+1, #4
0x0388	0x750A96  	MOV FARG_Sound_Play_duration_ms, #150
0x038B	0x750B00  	MOV FARG_Sound_Play_duration_ms+1, #0
0x038E	0x31CD    	ACALL _Sound_Play
;Melodia8051.c,72 :: 		Sound_Play(Csh6, DUR/2);
0x0390	0x750855  	MOV FARG_Sound_Play_freq_in_hz, #85
0x0393	0x750904  	MOV FARG_Sound_Play_freq_in_hz+1, #4
0x0396	0x750A96  	MOV FARG_Sound_Play_duration_ms, #150
0x0399	0x750B00  	MOV FARG_Sound_Play_duration_ms+1, #0
0x039C	0x31CD    	ACALL _Sound_Play
;Melodia8051.c,73 :: 		Sound_Play(D6, DUR/2);
0x039E	0x750896  	MOV FARG_Sound_Play_freq_in_hz, #150
0x03A1	0x750904  	MOV FARG_Sound_Play_freq_in_hz+1, #4
0x03A4	0x750A96  	MOV FARG_Sound_Play_duration_ms, #150
0x03A7	0x750B00  	MOV FARG_Sound_Play_duration_ms+1, #0
0x03AA	0x31CD    	ACALL _Sound_Play
;Melodia8051.c,74 :: 		Sound_Play(Fsh5, 2*DUR);
0x03AC	0x7508E4  	MOV FARG_Sound_Play_freq_in_hz, #228
0x03AF	0x750902  	MOV FARG_Sound_Play_freq_in_hz+1, #2
0x03B2	0x750A58  	MOV FARG_Sound_Play_duration_ms, #88
0x03B5	0x750B02  	MOV FARG_Sound_Play_duration_ms+1, #2
0x03B8	0x31CD    	ACALL _Sound_Play
;Melodia8051.c,76 :: 		Sound_Play(B5, DUR/2);
0x03BA	0x7508DB  	MOV FARG_Sound_Play_freq_in_hz, #219
0x03BD	0x750903  	MOV FARG_Sound_Play_freq_in_hz+1, #3
0x03C0	0x750A96  	MOV FARG_Sound_Play_duration_ms, #150
0x03C3	0x750B00  	MOV FARG_Sound_Play_duration_ms+1, #0
0x03C6	0x31CD    	ACALL _Sound_Play
;Melodia8051.c,77 :: 		Sound_Play(A5, DUR/2);
0x03C8	0x750870  	MOV FARG_Sound_Play_freq_in_hz, #112
0x03CB	0x750903  	MOV FARG_Sound_Play_freq_in_hz+1, #3
0x03CE	0x750A96  	MOV FARG_Sound_Play_duration_ms, #150
0x03D1	0x750B00  	MOV FARG_Sound_Play_duration_ms+1, #0
0x03D4	0x31CD    	ACALL _Sound_Play
;Melodia8051.c,78 :: 		Sound_Play(B5, DUR/2);
0x03D6	0x7508DB  	MOV FARG_Sound_Play_freq_in_hz, #219
0x03D9	0x750903  	MOV FARG_Sound_Play_freq_in_hz+1, #3
0x03DC	0x750A96  	MOV FARG_Sound_Play_duration_ms, #150
0x03DF	0x750B00  	MOV FARG_Sound_Play_duration_ms+1, #0
0x03E2	0x31CD    	ACALL _Sound_Play
;Melodia8051.c,79 :: 		Sound_Play(A5, DUR/2);
0x03E4	0x750870  	MOV FARG_Sound_Play_freq_in_hz, #112
0x03E7	0x750903  	MOV FARG_Sound_Play_freq_in_hz+1, #3
0x03EA	0x750A96  	MOV FARG_Sound_Play_duration_ms, #150
0x03ED	0x750B00  	MOV FARG_Sound_Play_duration_ms+1, #0
0x03F0	0x31CD    	ACALL _Sound_Play
;Melodia8051.c,80 :: 		Sound_Play(Gsh5, DUR/2);
0x03F2	0x75083F  	MOV FARG_Sound_Play_freq_in_hz, #63
0x03F5	0x750903  	MOV FARG_Sound_Play_freq_in_hz+1, #3
0x03F8	0x750A96  	MOV FARG_Sound_Play_duration_ms, #150
0x03FB	0x750B00  	MOV FARG_Sound_Play_duration_ms+1, #0
0x03FE	0x31CD    	ACALL _Sound_Play
;Melodia8051.c,81 :: 		Sound_Play(B5, DUR/2);
0x0400	0x7508DB  	MOV FARG_Sound_Play_freq_in_hz, #219
0x0403	0x750903  	MOV FARG_Sound_Play_freq_in_hz+1, #3
0x0406	0x750A96  	MOV FARG_Sound_Play_duration_ms, #150
0x0409	0x750B00  	MOV FARG_Sound_Play_duration_ms+1, #0
0x040C	0x31CD    	ACALL _Sound_Play
;Melodia8051.c,82 :: 		Sound_Play(A5, 2*DUR);
0x040E	0x750870  	MOV FARG_Sound_Play_freq_in_hz, #112
0x0411	0x750903  	MOV FARG_Sound_Play_freq_in_hz+1, #3
0x0414	0x750A58  	MOV FARG_Sound_Play_duration_ms, #88
0x0417	0x750B02  	MOV FARG_Sound_Play_duration_ms+1, #2
0x041A	0x31CD    	ACALL _Sound_Play
;Melodia8051.c,84 :: 		Sound_Play(Gsh5, DUR/2);
0x041C	0x75083F  	MOV FARG_Sound_Play_freq_in_hz, #63
0x041F	0x750903  	MOV FARG_Sound_Play_freq_in_hz+1, #3
0x0422	0x750A96  	MOV FARG_Sound_Play_duration_ms, #150
0x0425	0x750B00  	MOV FARG_Sound_Play_duration_ms+1, #0
0x0428	0x31CD    	ACALL _Sound_Play
;Melodia8051.c,85 :: 		Sound_Play(A5, DUR/2);
0x042A	0x750870  	MOV FARG_Sound_Play_freq_in_hz, #112
0x042D	0x750903  	MOV FARG_Sound_Play_freq_in_hz+1, #3
0x0430	0x750A96  	MOV FARG_Sound_Play_duration_ms, #150
0x0433	0x750B00  	MOV FARG_Sound_Play_duration_ms+1, #0
0x0436	0x31CD    	ACALL _Sound_Play
;Melodia8051.c,86 :: 		Sound_Play(B5, 2*DUR);
0x0438	0x7508DB  	MOV FARG_Sound_Play_freq_in_hz, #219
0x043B	0x750903  	MOV FARG_Sound_Play_freq_in_hz+1, #3
0x043E	0x750A58  	MOV FARG_Sound_Play_duration_ms, #88
0x0441	0x750B02  	MOV FARG_Sound_Play_duration_ms+1, #2
0x0444	0x31CD    	ACALL _Sound_Play
;Melodia8051.c,88 :: 		Sound_Play(A5, DUR/2);
0x0446	0x750870  	MOV FARG_Sound_Play_freq_in_hz, #112
0x0449	0x750903  	MOV FARG_Sound_Play_freq_in_hz+1, #3
0x044C	0x750A96  	MOV FARG_Sound_Play_duration_ms, #150
0x044F	0x750B00  	MOV FARG_Sound_Play_duration_ms+1, #0
0x0452	0x31CD    	ACALL _Sound_Play
;Melodia8051.c,89 :: 		Sound_Play(B5, DUR/2);
0x0454	0x7508DB  	MOV FARG_Sound_Play_freq_in_hz, #219
0x0457	0x750903  	MOV FARG_Sound_Play_freq_in_hz+1, #3
0x045A	0x750A96  	MOV FARG_Sound_Play_duration_ms, #150
0x045D	0x750B00  	MOV FARG_Sound_Play_duration_ms+1, #0
0x0460	0x31CD    	ACALL _Sound_Play
;Melodia8051.c,90 :: 		Sound_Play(Csh6, DUR/2);
0x0462	0x750855  	MOV FARG_Sound_Play_freq_in_hz, #85
0x0465	0x750904  	MOV FARG_Sound_Play_freq_in_hz+1, #4
0x0468	0x750A96  	MOV FARG_Sound_Play_duration_ms, #150
0x046B	0x750B00  	MOV FARG_Sound_Play_duration_ms+1, #0
0x046E	0x31CD    	ACALL _Sound_Play
;Melodia8051.c,91 :: 		Sound_Play(B5, DUR/2);
0x0470	0x7508DB  	MOV FARG_Sound_Play_freq_in_hz, #219
0x0473	0x750903  	MOV FARG_Sound_Play_freq_in_hz+1, #3
0x0476	0x750A96  	MOV FARG_Sound_Play_duration_ms, #150
0x0479	0x750B00  	MOV FARG_Sound_Play_duration_ms+1, #0
0x047C	0x31CD    	ACALL _Sound_Play
;Melodia8051.c,92 :: 		Sound_Play(A5, DUR/2);
0x047E	0x750870  	MOV FARG_Sound_Play_freq_in_hz, #112
0x0481	0x750903  	MOV FARG_Sound_Play_freq_in_hz+1, #3
0x0484	0x750A96  	MOV FARG_Sound_Play_duration_ms, #150
0x0487	0x750B00  	MOV FARG_Sound_Play_duration_ms+1, #0
0x048A	0x31CD    	ACALL _Sound_Play
;Melodia8051.c,93 :: 		Sound_Play(Gsh5, DUR/2);
0x048C	0x75083F  	MOV FARG_Sound_Play_freq_in_hz, #63
0x048F	0x750903  	MOV FARG_Sound_Play_freq_in_hz+1, #3
0x0492	0x750A96  	MOV FARG_Sound_Play_duration_ms, #150
0x0495	0x750B00  	MOV FARG_Sound_Play_duration_ms+1, #0
0x0498	0x31CD    	ACALL _Sound_Play
;Melodia8051.c,94 :: 		Sound_Play(Fsh5, 2*DUR);
0x049A	0x7508E4  	MOV FARG_Sound_Play_freq_in_hz, #228
0x049D	0x750902  	MOV FARG_Sound_Play_freq_in_hz+1, #2
0x04A0	0x750A58  	MOV FARG_Sound_Play_duration_ms, #88
0x04A3	0x750B02  	MOV FARG_Sound_Play_duration_ms+1, #2
0x04A6	0x31CD    	ACALL _Sound_Play
;Melodia8051.c,96 :: 		Sound_Play(D6, 2*DUR);
0x04A8	0x750896  	MOV FARG_Sound_Play_freq_in_hz, #150
0x04AB	0x750904  	MOV FARG_Sound_Play_freq_in_hz+1, #4
0x04AE	0x750A58  	MOV FARG_Sound_Play_duration_ms, #88
0x04B1	0x750B02  	MOV FARG_Sound_Play_duration_ms+1, #2
0x04B4	0x31CD    	ACALL _Sound_Play
;Melodia8051.c,97 :: 		Sound_Play(Csh6, 2*DUR);
0x04B6	0x750855  	MOV FARG_Sound_Play_freq_in_hz, #85
0x04B9	0x750904  	MOV FARG_Sound_Play_freq_in_hz+1, #4
0x04BC	0x750A58  	MOV FARG_Sound_Play_duration_ms, #88
0x04BF	0x750B02  	MOV FARG_Sound_Play_duration_ms+1, #2
0x04C2	0x31CD    	ACALL _Sound_Play
;Melodia8051.c,99 :: 		Sound_Play(Csh6, DUR);
0x04C4	0x750855  	MOV FARG_Sound_Play_freq_in_hz, #85
0x04C7	0x750904  	MOV FARG_Sound_Play_freq_in_hz+1, #4
0x04CA	0x750A2C  	MOV FARG_Sound_Play_duration_ms, #44
0x04CD	0x750B01  	MOV FARG_Sound_Play_duration_ms+1, #1
0x04D0	0x31CD    	ACALL _Sound_Play
;Melodia8051.c,100 :: 		Sound_Play(Csh6, DUR);
0x04D2	0x750855  	MOV FARG_Sound_Play_freq_in_hz, #85
0x04D5	0x750904  	MOV FARG_Sound_Play_freq_in_hz+1, #4
0x04D8	0x750A2C  	MOV FARG_Sound_Play_duration_ms, #44
0x04DB	0x750B01  	MOV FARG_Sound_Play_duration_ms+1, #1
0x04DE	0x31CD    	ACALL _Sound_Play
;Melodia8051.c,101 :: 		Sound_Play(D6, DUR);
0x04E0	0x750896  	MOV FARG_Sound_Play_freq_in_hz, #150
0x04E3	0x750904  	MOV FARG_Sound_Play_freq_in_hz+1, #4
0x04E6	0x750A2C  	MOV FARG_Sound_Play_duration_ms, #44
0x04E9	0x750B01  	MOV FARG_Sound_Play_duration_ms+1, #1
0x04EC	0x31CD    	ACALL _Sound_Play
;Melodia8051.c,102 :: 		Sound_Play(Csh6, DUR/2);
0x04EE	0x750855  	MOV FARG_Sound_Play_freq_in_hz, #85
0x04F1	0x750904  	MOV FARG_Sound_Play_freq_in_hz+1, #4
0x04F4	0x750A96  	MOV FARG_Sound_Play_duration_ms, #150
0x04F7	0x750B00  	MOV FARG_Sound_Play_duration_ms+1, #0
0x04FA	0x31CD    	ACALL _Sound_Play
;Melodia8051.c,103 :: 		Sound_Play(B5, DUR/2);
0x04FC	0x7508DB  	MOV FARG_Sound_Play_freq_in_hz, #219
0x04FF	0x750903  	MOV FARG_Sound_Play_freq_in_hz+1, #3
0x0502	0x750A96  	MOV FARG_Sound_Play_duration_ms, #150
0x0505	0x750B00  	MOV FARG_Sound_Play_duration_ms+1, #0
0x0508	0x31CD    	ACALL _Sound_Play
;Melodia8051.c,104 :: 		Sound_Play(Csh6, 2*DUR);
0x050A	0x750855  	MOV FARG_Sound_Play_freq_in_hz, #85
0x050D	0x750904  	MOV FARG_Sound_Play_freq_in_hz+1, #4
0x0510	0x750A58  	MOV FARG_Sound_Play_duration_ms, #88
0x0513	0x750B02  	MOV FARG_Sound_Play_duration_ms+1, #2
0x0516	0x31CD    	ACALL _Sound_Play
;Melodia8051.c,105 :: 		Delay_ms(1000);
0x0518	0x7D08    	MOV R5, 8
0x051A	0x7E9A    	MOV R6, 154
0x051C	0x7F7C    	MOV R7, 124
0x051E	0xDFFE    	DJNZ R7, PC-2
0x0520	0xDEFC    	DJNZ R6, PC-4
0x0522	0xDDFA    	DJNZ R5, PC-6
0x0524	0x00      	NOP
;Melodia8051.c,106 :: 		}while(1);
0x0525	0x6104    	AJMP L_main0
;Melodia8051.c,107 :: 		}
0x0527	0x80FE    	SJMP #254
; end of _main
Symbol List:
//** Routines locations **
//ADDRESS    SIZE    PROCEDURE
//----------------------------------------------
0x002E      [12]    _Get_Fosc_kHz
0x003A     [214]    _Div_32x32_U
0x0110      [25]    _Delay_Cyc
0x0129      [85]    _Div_16x16_U
0x017E      [79]    _Mul_32x32
0x01CD     [300]    _Sound_Play
0x02F9       [8]    ___CC2D
0x0301     [552]    _main
//** Variables locations ** 
//ADDRESS    SIZE    VARIABLE
//----------------------------------------------
0x0000       [1]    R0
0x0001       [1]    R1
0x0002       [1]    R2
0x0003       [1]    R3
0x0004       [1]    R4
0x0005       [1]    R5
0x0006       [1]    R6
0x0007       [1]    R7
0x0008       [2]    FARG_Sound_Play_freq_in_hz
0x000A       [2]    FARG_Sound_Play_duration_ms
0x000C       [2]    Sound_Play_half_period_L0
0x000E       [2]    Sound_Play_i_L0
0x0010       [4]    Sound_Play_periods_count_L0
0x0014       [4]    FLOC__Sound_Play
0x0018       [1]    FARG_Delay_Cyc_cycles_div_by_10
0x0080       [0]    P0_3_bit
0x0080       [0]    Sound_Play_Pin
0x0081       [1]    SP
0x0082       [1]    DPL
0x0083       [1]    DPH
0x00D0       [0]    CY_bit
0x00D0       [1]    PSW
0x00D0       [0]    OV_bit
0x00E0       [1]    ACC
0x00F0       [1]    B
//** Label List: ** 
//----------------------------------------------
  L_main0
  L_main1
  L_main2
  _main
  L_Delay_Cyc0
  L_Delay_Cyc1
  L_VDelay_ms2
  L_VDelay_ms3
  L_VDelay_ms4
  L_VDelay_ms5
  _Get_Fosc_kHz
  _Delay_1us
  _Delay_10us
  _Delay_22us
  _Delay_50us
  _Delay_80us
  _Delay_500us
  _Delay_5500us
  _Delay_8ms
  _Delay_10ms
  _Delay_100ms
  _Delay_1sec
  _Delay_Cyc
  _VDelay_ms
  lab_end
  loop_lab
  lab_end1
  lab_loop1
  lab_end2
  lab_loop3
  __Div_8x8_S_Bpositive
  __Div_8x8_S_Apositive
  __Div_8x8_S_Skip_Div
  __Div_8x8_S_div_ret
  __op2hi_not_zero
  __op1hi_not_zero
  __Div_16x16_U_Loop1
  __Div_16x16_U_Lab1
  __Div_16x16_U_div_ret
  __Div_16x16_U_Loop2
  __Div_16x16_U_Lab2
  __Div_16x16_U_Lab3
  __Div_16x16_S_op2hipositive
  __Div_16x16_S_op1hipositive
  __Div_16x16_S_Skip_Udiv
  __Div_16x16_S_div_ret
  __Div_32x32_U_start
  __Div_32x32_U_aux
  __Div_32x32_U_l2
  __Div_32x32_U_l1
  lw_1
  lw_2
  __Div_32x32_U_l3
  lw_3
  __Div_32x32_U_l4
  __Div_32x32_U_IR_l0
  __Div_32x32_U_l5
  __Div_32x32_U_l6
  __Div_32x32_U_l8
  __Div_32x32_U_l7
  __Div_32x32_U_IR_l1
  __Div_32x32_U_l10
  __Div_32x32_U_l9
  __Div_32x32_U_IR_l2
  __Div_32x32_S_l1
  __Div_32x32_S_call_uns
  __Div_32x32_S_l2
  __Div_32x32_S_l3
  __Div_32x32_S_div_ret
  __shl_long
  __shr_longint
  __shr_longword
  _Mul_16x16
  _Mul_32x32
  _Div_8x8_S
  _Div_16x16_U
  _Div_16x16_S
  _Div_32x32_U
  _Div_32x32_S
  L_Sound_Play0
  L_Sound_Play1
  L_Sound_Play2
  L_Sound_Play3
  L_Sound_Play4
  L_Sound_Play5
  L_Sound_Play6
  L_Sound_Play7
  L_Sound_Play8
  L_Sound_Play9
  _Sound_Init
  _Sound_Play
  _CC2D_Loop1
  _CC2PD_Loop1
  _CC2XD_Loop1
  ___DoIFC
  ___CC2D
  ___CC2PD
  ___CC2XD
