;  LST file generated by mikroListExporter - v.2.0 
; Date/Time: 7/3/2014 09:48:40 p.m.
;----------------------------------------------

;Address Opcode 	ASM
0x0000	0x020092  	LJMP 146
0x0003	0x020000  	LJMP 0
0x0006	0x00      	NOP
0x0007	0x00      	NOP
0x0008	0x00      	NOP
0x0009	0x00      	NOP
0x000A	0x00      	NOP
0x000B	0x020000  	LJMP 0
0x000E	0x00      	NOP
0x000F	0x00      	NOP
0x0010	0x00      	NOP
0x0011	0x00      	NOP
0x0012	0x00      	NOP
0x0013	0x020000  	LJMP 0
0x0016	0x00      	NOP
0x0017	0x00      	NOP
0x0018	0x00      	NOP
0x0019	0x00      	NOP
0x001A	0x00      	NOP
0x001B	0x020000  	LJMP 0
0x001E	0x00      	NOP
0x001F	0x00      	NOP
0x0020	0x00      	NOP
0x0021	0x00      	NOP
0x0022	0x00      	NOP
0x0023	0x020000  	LJMP 0
0x0026	0x00      	NOP
0x0027	0x00      	NOP
0x0028	0x00      	NOP
0x0029	0x00      	NOP
0x002A	0x00      	NOP
0x002B	0x020000  	LJMP 0
_UART1_Write:
;__Lib_UART_Timer1.c,27 :: 		
;__Lib_UART_Timer1.c,28 :: 		
0x002E	0xC299    	CLR SCON.B1
;__Lib_UART_Timer1.c,29 :: 		
0x0030	0x851599  	MOV SBUF, FARG_UART1_Write_data_+0
;__Lib_UART_Timer1.c,30 :: 		
L_UART1_Write0:
0x0033	0x209902  	JB SCON.B1, L_UART1_Write1
;__Lib_UART_Timer1.c,31 :: 		
0x0036	0x80FB    	SJMP L_UART1_Write0
L_UART1_Write1:
;__Lib_UART_Timer1.c,32 :: 		
0x0038	0xC299    	CLR SCON.B1
;__Lib_UART_Timer1.c,33 :: 		
0x003A	0x22      	RET
; end of _UART1_Write
_UART1_Data_Ready:
;__Lib_UART_Timer1.c,35 :: 		
;__Lib_UART_Timer1.c,36 :: 		
0x003B	0xA298    	MOV C, SCON.B0
0x003D	0xE4      	CLR A
0x003E	0x33      	RLC A
0x003F	0xF8      	MOV R0, A
;__Lib_UART_Timer1.c,37 :: 		
0x0040	0x22      	RET
; end of _UART1_Data_Ready
_UART1_Read:
;__Lib_UART_Timer1.c,39 :: 		
;__Lib_UART_Timer1.c,40 :: 		
0x0041	0xC298    	CLR SCON.B0
;__Lib_UART_Timer1.c,41 :: 		
0x0043	0xA899    	MOV R0, SBUF
;__Lib_UART_Timer1.c,42 :: 		
0x0045	0x22      	RET
; end of _UART1_Read
_UART1_Write_Text:
;__Lib_UART_Timer1.c,48 :: 		
;__Lib_UART_Timer1.c,49 :: 		
0x0046	0x751300  	MOV UART1_Write_Text_counter_L0, #0
;__Lib_UART_Timer1.c,50 :: 		
0x0049	0xA812    	MOV R0, FARG_UART1_Write_Text_uart_text
0x004B	0x8614    	MOV UART1_Write_Text_data__L0, @R0
;__Lib_UART_Timer1.c,51 :: 		
L_UART1_Write_Text2:
0x004D	0xE514    	MOV A, UART1_Write_Text_data__L0
0x004F	0x6010    	JZ L_UART1_Write_Text3
;__Lib_UART_Timer1.c,52 :: 		
0x0051	0x851415  	MOV FARG_UART1_Write_data_, UART1_Write_Text_data__L0+0
0x0054	0x112E    	ACALL _UART1_Write
;__Lib_UART_Timer1.c,53 :: 		
0x0056	0x0513    	INC UART1_Write_Text_counter_L0
;__Lib_UART_Timer1.c,54 :: 		
0x0058	0xE512    	MOV A, FARG_UART1_Write_Text_uart_text
0x005A	0x2513    	ADD A, UART1_Write_Text_counter_L0
0x005C	0xF8      	MOV R0, A
0x005D	0x8614    	MOV UART1_Write_Text_data__L0, @R0
;__Lib_UART_Timer1.c,55 :: 		
0x005F	0x80EC    	SJMP L_UART1_Write_Text2
L_UART1_Write_Text3:
;__Lib_UART_Timer1.c,56 :: 		
0x0061	0x22      	RET
; end of _UART1_Write_Text
___CC2D:
;__Lib_System.c,13 :: 		
;__Lib_System.c,15 :: 		
_CC2D_Loop1:
;__Lib_System.c,16 :: 		
0x0062	0xE4      	CLR A
;__Lib_System.c,17 :: 		
0x0063	0x93      	MOVC A, @A+DPTR
;__Lib_System.c,18 :: 		
0x0064	0xF6      	MOV @R0, A
;__Lib_System.c,19 :: 		
0x0065	0x08      	INC R0
;__Lib_System.c,20 :: 		
0x0066	0xA3      	INC DPTR
;__Lib_System.c,21 :: 		
0x0067	0xD9F9    	DJNZ R1, _CC2D_Loop1
;__Lib_System.c,23 :: 		
0x0069	0x22      	RET
; end of ___CC2D
_UART1_Init:
;__Lib_UART_Timer1.c,15 :: 		
;__Lib_UART_Timer1.c,16 :: 		
0x006A	0x750F2E  	MOV _UART_Wr_Ptr, lo_addr(_UART1_Write)
0x006D	0x751000  	MOV _UART_Wr_Ptr+1, hi_addr(_UART1_Write)
0x0070	0x751115  	MOV _UART_Wr_Ptr+2, lo_addr(FARG_UART1_Write_data_)
;__Lib_UART_Timer1.c,17 :: 		
0x0073	0x750C41  	MOV _UART_Rd_Ptr, lo_addr(_UART1_Read)
0x0076	0x750D00  	MOV _UART_Rd_Ptr+1, hi_addr(_UART1_Read)
0x0079	0x750E00  	MOV _UART_Rd_Ptr+2, 0
;__Lib_UART_Timer1.c,18 :: 		
0x007C	0x75093B  	MOV _UART_Rdy_Ptr, lo_addr(_UART1_Data_Ready)
0x007F	0x750A00  	MOV _UART_Rdy_Ptr+1, hi_addr(_UART1_Data_Ready)
0x0082	0x750B00  	MOV _UART_Rdy_Ptr+2, 0
;__Lib_UART_Timer1.c,21 :: 		
0x0085	0x759850  	MOV SCON, #80
;__Lib_UART_Timer1.c,22 :: 		
0x0088	0x758780  	MOV PCON, #128
;__Lib_UART_Timer1.c,23 :: 		
0x008B	0x758840  	MOV TCON, #64
;__Lib_UART_Timer1.c,24 :: 		
0x008E	0x758920  	MOV TMOD, #32
;__Lib_UART_Timer1.c,25 :: 		
0x0091	0x22      	RET
; end of _UART1_Init
_main:
0x0092	0x758180  	MOV SP, #128
0x0095	0x120101  	LCALL 257
;Puerto UART.c,4 :: 		void main() {
;Puerto UART.c,6 :: 		UART1_Init(4800);               // Initialize UART module at 4800 bps
0x0098	0x758DF7  	MOV TH1, #247
0x009B	0x758BF7  	MOV TL1, #247
0x009E	0x116A    	ACALL _UART1_Init
;Puerto UART.c,7 :: 		Delay_ms(100);                  // Wait for UART module to stabilize
0x00A0	0x7D02    	MOV R5, 2
0x00A2	0x7E04    	MOV R6, 4
0x00A4	0x7F63    	MOV R7, 99
0x00A6	0xDFFE    	DJNZ R7, PC-2
0x00A8	0xDEFC    	DJNZ R6, PC-4
0x00AA	0xDDFA    	DJNZ R5, PC-6
;Puerto UART.c,9 :: 		UART1_Write_Text("Encender Led[e]\r");
0x00AC	0x751230  	MOV FARG_UART1_Write_Text_uart_text, lo_addr(?lstr1_Puerto_32UART)
0x00AF	0x1146    	ACALL _UART1_Write_Text
;Puerto UART.c,10 :: 		UART1_Write_Text("Apagar   Led[a]\r");
0x00B1	0x751241  	MOV FARG_UART1_Write_Text_uart_text, lo_addr(?lstr2_Puerto_32UART)
0x00B4	0x1146    	ACALL _UART1_Write_Text
;Puerto UART.c,12 :: 		while (1) {                     // Endless loop
L_main0:
;Puerto UART.c,13 :: 		if (UART1_Data_Ready()) {     // If data is received,
0x00B6	0x113B    	ACALL _UART1_Data_Ready
0x00B8	0xE8      	MOV A, R0
0x00B9	0x6020    	JZ L_main2
;Puerto UART.c,14 :: 		uart_rd = UART1_Read();     //   read the received data,
0x00BB	0x1141    	ACALL _UART1_Read
0x00BD	0x850008  	MOV _uart_rd, 0
;Puerto UART.c,15 :: 		UART1_Write(uart_rd);       //   and send data via UART
0x00C0	0x850015  	MOV FARG_UART1_Write_data_, 0
0x00C3	0x112E    	ACALL _UART1_Write
;Puerto UART.c,16 :: 		switch(uart_rd){
0x00C5	0x8008    	SJMP L_main3
;Puerto UART.c,17 :: 		case 'e':
L_main5:
;Puerto UART.c,18 :: 		led=1;
0x00C7	0xD2A0    	SETB P2_0_bit
;Puerto UART.c,19 :: 		break;
0x00C9	0x8010    	SJMP L_main4
;Puerto UART.c,20 :: 		case 'a':
L_main6:
;Puerto UART.c,21 :: 		led=0;
0x00CB	0xC2A0    	CLR P2_0_bit
;Puerto UART.c,22 :: 		break;
0x00CD	0x800C    	SJMP L_main4
;Puerto UART.c,23 :: 		}
L_main3:
0x00CF	0xE508    	MOV A, _uart_rd
0x00D1	0x6465    	XRL A, #101
0x00D3	0x60F2    	JZ L_main5
0x00D5	0xE508    	MOV A, _uart_rd
0x00D7	0x6461    	XRL A, #97
0x00D9	0x60F0    	JZ L_main6
L_main4:
;Puerto UART.c,24 :: 		}
L_main2:
;Puerto UART.c,25 :: 		}
0x00DB	0x80D9    	SJMP L_main0
;Puerto UART.c,26 :: 		}
0x00DD	0x80FE    	SJMP #254
; end of _main
0x0101	0x7830    	MOV R0, 48
0x0103	0x7922    	MOV R1, 34
0x0105	0x7582DF  	MOV DP0L, 223
0x0108	0x758300  	MOV DP0H, 0
0x010B	0x120062  	LCALL 98
0x010E	0x22      	RET
;Puerto UART.c,0 :: ?ICS?lstr1_Puerto_32UART
0x00DF	0x456E63 ;?ICS?lstr1_Puerto_32UART+0
0x00E2	0x656E64 ;?ICS?lstr1_Puerto_32UART+3
0x00E5	0x657220 ;?ICS?lstr1_Puerto_32UART+6
0x00E8	0x4C6564 ;?ICS?lstr1_Puerto_32UART+9
0x00EB	0x5B655D ;?ICS?lstr1_Puerto_32UART+12
0x00EE	0x0D00 ;?ICS?lstr1_Puerto_32UART+15
; end of ?ICS?lstr1_Puerto_32UART
;Puerto UART.c,0 :: ?ICS?lstr2_Puerto_32UART
0x00F0	0x417061 ;?ICS?lstr2_Puerto_32UART+0
0x00F3	0x676172 ;?ICS?lstr2_Puerto_32UART+3
0x00F6	0x202020 ;?ICS?lstr2_Puerto_32UART+6
0x00F9	0x4C6564 ;?ICS?lstr2_Puerto_32UART+9
0x00FC	0x5B615D ;?ICS?lstr2_Puerto_32UART+12
0x00FF	0x0D00 ;?ICS?lstr2_Puerto_32UART+15
; end of ?ICS?lstr2_Puerto_32UART
Symbol List:
//** Routines locations **
//ADDRESS    SIZE    PROCEDURE
//----------------------------------------------
0x002E      [13]    _UART1_Write
0x003B       [6]    _UART1_Data_Ready
0x0041       [5]    _UART1_Read
0x0046      [28]    _UART1_Write_Text
0x0062       [8]    ___CC2D
0x006A      [40]    _UART1_Init
0x0092      [77]    _main
//** Variables locations ** 
//ADDRESS    SIZE    VARIABLE
//----------------------------------------------
0x0000       [1]    R0
0x0001       [1]    R1
0x0002       [1]    R2
0x0003       [1]    R3
0x0004       [1]    R4
0x0005       [1]    R5
0x0006       [1]    R6
0x0007       [1]    R7
0x0008       [1]    _uart_rd
0x0009       [3]    _UART_Rdy_Ptr
0x000C       [3]    _UART_Rd_Ptr
0x000F       [3]    _UART_Wr_Ptr
0x0012       [1]    FARG_UART1_Write_Text_uart_text
0x0013       [1]    UART1_Write_Text_counter_L0
0x0014       [1]    UART1_Write_Text_data__L0
0x0015       [1]    FARG_UART1_Write_data_
0x0030      [17]    ?lstr1_Puerto_32UART
0x0041      [17]    ?lstr2_Puerto_32UART
0x0081       [1]    SP
0x0082       [1]    DPL
0x0083       [1]    DPH
0x0087       [1]    PCON
0x0088       [1]    TCON
0x0089       [1]    TMOD
0x008B       [1]    TL1
0x008D       [1]    TH1
0x0098       [1]    SCON
0x0099       [1]    SBUF
0x00A0       [0]    led
0x00A0       [0]    P2_0_bit
0x00D0       [1]    PSW
0x00E0       [1]    ACC
0x00F0       [1]    B
//** Constants locations ** 
//ADDRESS    SIZE    CONSTANT
//----------------------------------------------
0x00DF      [17]    ?ICS?lstr1_Puerto_32UART
0x00F0      [17]    ?ICS?lstr2_Puerto_32UART
//** Label List: ** 
//----------------------------------------------
  L_main0
  L_main1
  L_main2
  L_main3
  L_main4
  L_main5
  L_main6
  _main
  _CC2D_Loop1
  _CC2PD_Loop1
  _CC2XD_Loop1
  ___DoIFC
  ___CC2D
  ___CC2PD
  ___CC2XD
  L_UART1_Write0
  L_UART1_Write1
  L_UART1_Write_Text2
  L_UART1_Write_Text3
  L_UART1_Read_Text4
  L_UART1_Read_Text5
  L_UART1_Read_Text6
  L_UART1_Read_Text7
  L_UART1_Read_Text8
  L_UART1_Read_Text9
  L_UART1_Read_Text10
  L_UART1_Read_Text11
  L_UART1_Read_Text12
  L_UART_Write_Text13
  L_UART_Write_Text14
  L_UART_Read_Text15
  L_UART_Read_Text16
  L_UART_Read_Text17
  L_UART_Read_Text18
  L_UART_Read_Text19
  L_UART_Read_Text20
  L_UART_Read_Text21
  L_UART_Read_Text22
  L_UART_Read_Text23
  _UART1_Init
  _UART1_Write
  _UART1_Data_Ready
  _UART1_Read
  _UART1_Write_Text
  _UART1_Read_Text
  _UART_Set_Active
  _UART_Write
  _UART_Write_Text
  _UART_Read
  _UART_Data_Ready
  _UART_Read_Text
